[0.531s] Invoking command in '/home/yy/robot_ws/build/examples_rclpy_executors': PYTHONPATH=/home/yy/robot_ws/build/examples_rclpy_executors/prefix_override:/home/yy/robot_ws/install/examples_rclpy_executors/lib/python3.8/site-packages:${PYTHONPATH} /usr/bin/python3 setup.py develop --editable --build-directory /home/yy/robot_ws/build/examples_rclpy_executors/build --no-deps install_data
[0.737s] running develop
[0.839s] running egg_info
[0.840s] writing examples_rclpy_executors.egg-info/PKG-INFO
[0.840s] writing dependency_links to examples_rclpy_executors.egg-info/dependency_links.txt
[0.841s] writing entry points to examples_rclpy_executors.egg-info/entry_points.txt
[0.841s] writing requirements to examples_rclpy_executors.egg-info/requires.txt
[0.842s] writing top-level names to examples_rclpy_executors.egg-info/top_level.txt
[0.864s] reading manifest file 'examples_rclpy_executors.egg-info/SOURCES.txt'
[0.865s] writing manifest file 'examples_rclpy_executors.egg-info/SOURCES.txt'
[0.891s] running build_ext
[0.891s] Creating /home/yy/robot_ws/install/examples_rclpy_executors/lib/python3.8/site-packages/examples-rclpy-executors.egg-link (link to .)
[0.892s] Installing callback_group script to /home/yy/robot_ws/install/examples_rclpy_executors/lib/examples_rclpy_executors
[0.893s] Installing composed script to /home/yy/robot_ws/install/examples_rclpy_executors/lib/examples_rclpy_executors
[0.893s] Installing custom_callback_group script to /home/yy/robot_ws/install/examples_rclpy_executors/lib/examples_rclpy_executors
[0.893s] Installing custom_executor script to /home/yy/robot_ws/install/examples_rclpy_executors/lib/examples_rclpy_executors
[0.893s] Installing listener script to /home/yy/robot_ws/install/examples_rclpy_executors/lib/examples_rclpy_executors
[0.894s] Installing talker script to /home/yy/robot_ws/install/examples_rclpy_executors/lib/examples_rclpy_executors
[0.894s] 
[0.894s] Installed /home/yy/robot_ws/build/examples_rclpy_executors
[0.895s] running install_data
[0.914s] Invoked command in '/home/yy/robot_ws/build/examples_rclpy_executors' returned '0': PYTHONPATH=/home/yy/robot_ws/build/examples_rclpy_executors/prefix_override:/home/yy/robot_ws/install/examples_rclpy_executors/lib/python3.8/site-packages:${PYTHONPATH} /usr/bin/python3 setup.py develop --editable --build-directory /home/yy/robot_ws/build/examples_rclpy_executors/build --no-deps install_data
