[0.822s] Invoking command in '/home/yy/robot_ws/build/examples_rclpy_minimal_client': PYTHONPATH=/home/yy/robot_ws/build/examples_rclpy_minimal_client/prefix_override:/home/yy/robot_ws/install/examples_rclpy_minimal_client/lib/python3.8/site-packages:${PYTHONPATH} /usr/bin/python3 setup.py develop --editable --build-directory /home/yy/robot_ws/build/examples_rclpy_minimal_client/build --no-deps install_data
[1.135s] running develop
[1.287s] running egg_info
[1.287s] writing examples_rclpy_minimal_client.egg-info/PKG-INFO
[1.287s] writing dependency_links to examples_rclpy_minimal_client.egg-info/dependency_links.txt
[1.287s] writing entry points to examples_rclpy_minimal_client.egg-info/entry_points.txt
[1.287s] writing requirements to examples_rclpy_minimal_client.egg-info/requires.txt
[1.288s] writing top-level names to examples_rclpy_minimal_client.egg-info/top_level.txt
[1.319s] reading manifest file 'examples_rclpy_minimal_client.egg-info/SOURCES.txt'
[1.319s] writing manifest file 'examples_rclpy_minimal_client.egg-info/SOURCES.txt'
[1.346s] running build_ext
[1.347s] Creating /home/yy/robot_ws/install/examples_rclpy_minimal_client/lib/python3.8/site-packages/examples-rclpy-minimal-client.egg-link (link to .)
[1.347s] Installing client script to /home/yy/robot_ws/install/examples_rclpy_minimal_client/lib/examples_rclpy_minimal_client
[1.347s] Installing client_async script to /home/yy/robot_ws/install/examples_rclpy_minimal_client/lib/examples_rclpy_minimal_client
[1.347s] Installing client_async_callback script to /home/yy/robot_ws/install/examples_rclpy_minimal_client/lib/examples_rclpy_minimal_client
[1.347s] Installing client_async_member_function script to /home/yy/robot_ws/install/examples_rclpy_minimal_client/lib/examples_rclpy_minimal_client
[1.347s] 
[1.347s] Installed /home/yy/robot_ws/build/examples_rclpy_minimal_client
[1.348s] running install_data
[1.523s] Invoked command in '/home/yy/robot_ws/build/examples_rclpy_minimal_client' returned '0': PYTHONPATH=/home/yy/robot_ws/build/examples_rclpy_minimal_client/prefix_override:/home/yy/robot_ws/install/examples_rclpy_minimal_client/lib/python3.8/site-packages:${PYTHONPATH} /usr/bin/python3 setup.py develop --editable --build-directory /home/yy/robot_ws/build/examples_rclpy_minimal_client/build --no-deps install_data
