[0.243s] DEBUG:colcon:Command line arguments: ['/usr/bin/colcon', 'build', '--symlink-install']
[0.243s] DEBUG:colcon:Parsed command line arguments: Namespace(allow_overriding=[], ament_cmake_args=None, base_paths=['.'], build_base='build', catkin_cmake_args=None, catkin_skip_building_tests=False, cmake_args=None, cmake_clean_cache=False, cmake_clean_first=False, cmake_force_configure=False, cmake_target=None, cmake_target_skip_unavailable=False, continue_on_error=False, event_handlers=None, executor='parallel', ignore_user_meta=False, install_base='install', log_base=None, log_level=None, main=<bound method BuildVerb.main of <colcon_core.verb.build.BuildVerb object at 0x7f0699a38d30>>, merge_install=False, metas=['./colcon.meta'], packages_above=None, packages_above_and_dependencies=None, packages_above_depth=None, packages_end=None, packages_ignore=None, packages_ignore_regex=None, packages_select=None, packages_select_build_failed=False, packages_select_by_dep=None, packages_select_regex=None, packages_select_test_failures=False, packages_skip=None, packages_skip_build_finished=False, packages_skip_by_dep=None, packages_skip_regex=None, packages_skip_test_passed=False, packages_skip_up_to=None, packages_start=None, packages_up_to=None, packages_up_to_regex=None, parallel_workers=2, paths=None, symlink_install=True, test_result_base=None, verb_extension=<colcon_core.verb.build.BuildVerb object at 0x7f0699a38d30>, verb_name='build', verb_parser=<colcon_defaults.argument_parser.defaults.DefaultArgumentsDecorator object at 0x7f0699a422e0>)
[0.278s] Level 1:colcon.colcon_core.package_discovery:discover_packages(colcon_meta) check parameters
[0.278s] Level 1:colcon.colcon_core.package_discovery:discover_packages(recursive) check parameters
[0.278s] Level 1:colcon.colcon_core.package_discovery:discover_packages(ignore) check parameters
[0.278s] Level 1:colcon.colcon_core.package_discovery:discover_packages(path) check parameters
[0.278s] Level 1:colcon.colcon_core.package_discovery:discover_packages(colcon_meta) discover
[0.279s] Level 1:colcon.colcon_core.package_discovery:discover_packages(recursive) discover
[0.279s] INFO:colcon.colcon_core.package_discovery:Crawling recursively for packages in '/home/yy/robot_ws'
[0.279s] Level 1:colcon.colcon_core.package_identification:_identify(.) by extensions ['ignore', 'ignore_ament_install']
[0.279s] Level 1:colcon.colcon_core.package_identification:_identify(.) by extension 'ignore'
[0.279s] Level 1:colcon.colcon_core.package_identification:_identify(.) by extension 'ignore_ament_install'
[0.279s] Level 1:colcon.colcon_core.package_identification:_identify(.) by extensions ['colcon_pkg']
[0.279s] Level 1:colcon.colcon_core.package_identification:_identify(.) by extension 'colcon_pkg'
[0.279s] Level 1:colcon.colcon_core.package_identification:_identify(.) by extensions ['colcon_meta']
[0.279s] Level 1:colcon.colcon_core.package_identification:_identify(.) by extension 'colcon_meta'
[0.280s] Level 1:colcon.colcon_core.package_identification:_identify(.) by extensions ['ros']
[0.280s] Level 1:colcon.colcon_core.package_identification:_identify(.) by extension 'ros'
[0.305s] Level 1:colcon.colcon_core.package_identification:_identify(.) by extensions ['cmake', 'python']
[0.305s] Level 1:colcon.colcon_core.package_identification:_identify(.) by extension 'cmake'
[0.305s] Level 1:colcon.colcon_core.package_identification:_identify(.) by extension 'python'
[0.305s] Level 1:colcon.colcon_core.package_identification:_identify(.) by extensions ['python_setup_py']
[0.305s] Level 1:colcon.colcon_core.package_identification:_identify(.) by extension 'python_setup_py'
[0.305s] Level 1:colcon.colcon_core.package_identification:_identify(build) by extensions ['ignore', 'ignore_ament_install']
[0.306s] Level 1:colcon.colcon_core.package_identification:_identify(build) by extension 'ignore'
[0.306s] Level 1:colcon.colcon_core.package_identification:_identify(build) ignored
[0.306s] Level 1:colcon.colcon_core.package_identification:_identify(install) by extensions ['ignore', 'ignore_ament_install']
[0.306s] Level 1:colcon.colcon_core.package_identification:_identify(install) by extension 'ignore'
[0.306s] Level 1:colcon.colcon_core.package_identification:_identify(install) ignored
[0.306s] Level 1:colcon.colcon_core.package_identification:_identify(log) by extensions ['ignore', 'ignore_ament_install']
[0.306s] Level 1:colcon.colcon_core.package_identification:_identify(log) by extension 'ignore'
[0.307s] Level 1:colcon.colcon_core.package_identification:_identify(log) ignored
[0.307s] Level 1:colcon.colcon_core.package_identification:_identify(src) by extensions ['ignore', 'ignore_ament_install']
[0.307s] Level 1:colcon.colcon_core.package_identification:_identify(src) by extension 'ignore'
[0.307s] Level 1:colcon.colcon_core.package_identification:_identify(src) by extension 'ignore_ament_install'
[0.307s] Level 1:colcon.colcon_core.package_identification:_identify(src) by extensions ['colcon_pkg']
[0.307s] Level 1:colcon.colcon_core.package_identification:_identify(src) by extension 'colcon_pkg'
[0.307s] Level 1:colcon.colcon_core.package_identification:_identify(src) by extensions ['colcon_meta']
[0.307s] Level 1:colcon.colcon_core.package_identification:_identify(src) by extension 'colcon_meta'
[0.307s] Level 1:colcon.colcon_core.package_identification:_identify(src) by extensions ['ros']
[0.308s] Level 1:colcon.colcon_core.package_identification:_identify(src) by extension 'ros'
[0.308s] Level 1:colcon.colcon_core.package_identification:_identify(src) by extensions ['cmake', 'python']
[0.308s] Level 1:colcon.colcon_core.package_identification:_identify(src) by extension 'cmake'
[0.308s] Level 1:colcon.colcon_core.package_identification:_identify(src) by extension 'python'
[0.308s] Level 1:colcon.colcon_core.package_identification:_identify(src) by extensions ['python_setup_py']
[0.308s] Level 1:colcon.colcon_core.package_identification:_identify(src) by extension 'python_setup_py'
[0.308s] Level 1:colcon.colcon_core.package_identification:_identify(src/build) by extensions ['ignore', 'ignore_ament_install']
[0.308s] Level 1:colcon.colcon_core.package_identification:_identify(src/build) by extension 'ignore'
[0.309s] Level 1:colcon.colcon_core.package_identification:_identify(src/build) ignored
[0.309s] Level 1:colcon.colcon_core.package_identification:_identify(src/class_test_interfaces) by extensions ['ignore', 'ignore_ament_install']
[0.309s] Level 1:colcon.colcon_core.package_identification:_identify(src/class_test_interfaces) by extension 'ignore'
[0.309s] Level 1:colcon.colcon_core.package_identification:_identify(src/class_test_interfaces) by extension 'ignore_ament_install'
[0.309s] Level 1:colcon.colcon_core.package_identification:_identify(src/class_test_interfaces) by extensions ['colcon_pkg']
[0.309s] Level 1:colcon.colcon_core.package_identification:_identify(src/class_test_interfaces) by extension 'colcon_pkg'
[0.309s] Level 1:colcon.colcon_core.package_identification:_identify(src/class_test_interfaces) by extensions ['colcon_meta']
[0.309s] Level 1:colcon.colcon_core.package_identification:_identify(src/class_test_interfaces) by extension 'colcon_meta'
[0.310s] Level 1:colcon.colcon_core.package_identification:_identify(src/class_test_interfaces) by extensions ['ros']
[0.310s] Level 1:colcon.colcon_core.package_identification:_identify(src/class_test_interfaces) by extension 'ros'
[0.313s] DEBUG:colcon.colcon_core.package_identification:Package 'src/class_test_interfaces' with type 'ros.ament_cmake' and name 'class_test_interfaces'
[0.313s] Level 1:colcon.colcon_core.package_identification:_identify(src/install) by extensions ['ignore', 'ignore_ament_install']
[0.313s] Level 1:colcon.colcon_core.package_identification:_identify(src/install) by extension 'ignore'
[0.313s] Level 1:colcon.colcon_core.package_identification:_identify(src/install) ignored
[0.313s] Level 1:colcon.colcon_core.package_identification:_identify(src/log) by extensions ['ignore', 'ignore_ament_install']
[0.314s] Level 1:colcon.colcon_core.package_identification:_identify(src/log) by extension 'ignore'
[0.314s] Level 1:colcon.colcon_core.package_identification:_identify(src/log) ignored
[0.314s] Level 1:colcon.colcon_core.package_identification:_identify(src/m_pubsub) by extensions ['ignore', 'ignore_ament_install']
[0.314s] Level 1:colcon.colcon_core.package_identification:_identify(src/m_pubsub) by extension 'ignore'
[0.314s] Level 1:colcon.colcon_core.package_identification:_identify(src/m_pubsub) by extension 'ignore_ament_install'
[0.314s] Level 1:colcon.colcon_core.package_identification:_identify(src/m_pubsub) by extensions ['colcon_pkg']
[0.314s] Level 1:colcon.colcon_core.package_identification:_identify(src/m_pubsub) by extension 'colcon_pkg'
[0.314s] Level 1:colcon.colcon_core.package_identification:_identify(src/m_pubsub) by extensions ['colcon_meta']
[0.314s] Level 1:colcon.colcon_core.package_identification:_identify(src/m_pubsub) by extension 'colcon_meta'
[0.315s] Level 1:colcon.colcon_core.package_identification:_identify(src/m_pubsub) by extensions ['ros']
[0.315s] Level 1:colcon.colcon_core.package_identification:_identify(src/m_pubsub) by extension 'ros'
[0.315s] DEBUG:colcon.colcon_core.package_identification:Package 'src/m_pubsub' with type 'ros.ament_python' and name 'm_pubsub'
[0.315s] Level 1:colcon.colcon_core.package_identification:_identify(src/move_turtle_pkg) by extensions ['ignore', 'ignore_ament_install']
[0.316s] Level 1:colcon.colcon_core.package_identification:_identify(src/move_turtle_pkg) by extension 'ignore'
[0.316s] Level 1:colcon.colcon_core.package_identification:_identify(src/move_turtle_pkg) by extension 'ignore_ament_install'
[0.316s] Level 1:colcon.colcon_core.package_identification:_identify(src/move_turtle_pkg) by extensions ['colcon_pkg']
[0.316s] Level 1:colcon.colcon_core.package_identification:_identify(src/move_turtle_pkg) by extension 'colcon_pkg'
[0.316s] Level 1:colcon.colcon_core.package_identification:_identify(src/move_turtle_pkg) by extensions ['colcon_meta']
[0.316s] Level 1:colcon.colcon_core.package_identification:_identify(src/move_turtle_pkg) by extension 'colcon_meta'
[0.316s] Level 1:colcon.colcon_core.package_identification:_identify(src/move_turtle_pkg) by extensions ['ros']
[0.316s] Level 1:colcon.colcon_core.package_identification:_identify(src/move_turtle_pkg) by extension 'ros'
[0.317s] DEBUG:colcon.colcon_core.package_identification:Package 'src/move_turtle_pkg' with type 'ros.ament_python' and name 'move_turtle_pkg'
[0.317s] Level 1:colcon.colcon_core.package_identification:_identify(src/tb3_move) by extensions ['ignore', 'ignore_ament_install']
[0.317s] Level 1:colcon.colcon_core.package_identification:_identify(src/tb3_move) by extension 'ignore'
[0.317s] Level 1:colcon.colcon_core.package_identification:_identify(src/tb3_move) by extension 'ignore_ament_install'
[0.317s] Level 1:colcon.colcon_core.package_identification:_identify(src/tb3_move) by extensions ['colcon_pkg']
[0.318s] Level 1:colcon.colcon_core.package_identification:_identify(src/tb3_move) by extension 'colcon_pkg'
[0.318s] Level 1:colcon.colcon_core.package_identification:_identify(src/tb3_move) by extensions ['colcon_meta']
[0.318s] Level 1:colcon.colcon_core.package_identification:_identify(src/tb3_move) by extension 'colcon_meta'
[0.318s] Level 1:colcon.colcon_core.package_identification:_identify(src/tb3_move) by extensions ['ros']
[0.318s] Level 1:colcon.colcon_core.package_identification:_identify(src/tb3_move) by extension 'ros'
[0.319s] DEBUG:colcon.colcon_core.package_identification:Package 'src/tb3_move' with type 'ros.ament_python' and name 'tb3_move'
[0.319s] Level 1:colcon.colcon_core.package_identification:_identify(src/test_num) by extensions ['ignore', 'ignore_ament_install']
[0.319s] Level 1:colcon.colcon_core.package_identification:_identify(src/test_num) by extension 'ignore'
[0.319s] Level 1:colcon.colcon_core.package_identification:_identify(src/test_num) by extension 'ignore_ament_install'
[0.319s] Level 1:colcon.colcon_core.package_identification:_identify(src/test_num) by extensions ['colcon_pkg']
[0.319s] Level 1:colcon.colcon_core.package_identification:_identify(src/test_num) by extension 'colcon_pkg'
[0.319s] Level 1:colcon.colcon_core.package_identification:_identify(src/test_num) by extensions ['colcon_meta']
[0.319s] Level 1:colcon.colcon_core.package_identification:_identify(src/test_num) by extension 'colcon_meta'
[0.320s] Level 1:colcon.colcon_core.package_identification:_identify(src/test_num) by extensions ['ros']
[0.320s] Level 1:colcon.colcon_core.package_identification:_identify(src/test_num) by extension 'ros'
[0.320s] DEBUG:colcon.colcon_core.package_identification:Package 'src/test_num' with type 'ros.ament_python' and name 'test_num'
[0.321s] Level 1:colcon.colcon_core.package_identification:_identify(src/test_para) by extensions ['ignore', 'ignore_ament_install']
[0.321s] Level 1:colcon.colcon_core.package_identification:_identify(src/test_para) by extension 'ignore'
[0.321s] Level 1:colcon.colcon_core.package_identification:_identify(src/test_para) by extension 'ignore_ament_install'
[0.321s] Level 1:colcon.colcon_core.package_identification:_identify(src/test_para) by extensions ['colcon_pkg']
[0.321s] Level 1:colcon.colcon_core.package_identification:_identify(src/test_para) by extension 'colcon_pkg'
[0.321s] Level 1:colcon.colcon_core.package_identification:_identify(src/test_para) by extensions ['colcon_meta']
[0.321s] Level 1:colcon.colcon_core.package_identification:_identify(src/test_para) by extension 'colcon_meta'
[0.321s] Level 1:colcon.colcon_core.package_identification:_identify(src/test_para) by extensions ['ros']
[0.321s] Level 1:colcon.colcon_core.package_identification:_identify(src/test_para) by extension 'ros'
[0.322s] DEBUG:colcon.colcon_core.package_identification:Package 'src/test_para' with type 'ros.ament_python' and name 'test_para'
[0.322s] Level 1:colcon.colcon_core.package_discovery:discover_packages(recursive) using defaults
[0.322s] Level 1:colcon.colcon_core.package_discovery:discover_packages(ignore) discover
[0.322s] Level 1:colcon.colcon_core.package_discovery:discover_packages(ignore) using defaults
[0.322s] Level 1:colcon.colcon_core.package_discovery:discover_packages(path) discover
[0.322s] Level 1:colcon.colcon_core.package_discovery:discover_packages(path) using defaults
[0.359s] Level 1:colcon.colcon_core.package_discovery:discover_packages(prefix_path) check parameters
[0.360s] Level 1:colcon.colcon_core.package_discovery:discover_packages(prefix_path) discover
[0.365s] DEBUG:colcon.colcon_installed_package_information.package_discovery:Found 6 installed packages in /home/yy/robot_ws/install
[0.368s] DEBUG:colcon.colcon_installed_package_information.package_discovery:Found 334 installed packages in /opt/ros/foxy
[0.370s] Level 1:colcon.colcon_core.package_discovery:discover_packages(prefix_path) using defaults
[0.475s] Level 5:colcon.colcon_core.verb:set package 'class_test_interfaces' build argument 'cmake_args' from command line to 'None'
[0.475s] Level 5:colcon.colcon_core.verb:set package 'class_test_interfaces' build argument 'cmake_target' from command line to 'None'
[0.475s] Level 5:colcon.colcon_core.verb:set package 'class_test_interfaces' build argument 'cmake_target_skip_unavailable' from command line to 'False'
[0.475s] Level 5:colcon.colcon_core.verb:set package 'class_test_interfaces' build argument 'cmake_clean_cache' from command line to 'False'
[0.476s] Level 5:colcon.colcon_core.verb:set package 'class_test_interfaces' build argument 'cmake_clean_first' from command line to 'False'
[0.476s] Level 5:colcon.colcon_core.verb:set package 'class_test_interfaces' build argument 'cmake_force_configure' from command line to 'False'
[0.476s] Level 5:colcon.colcon_core.verb:set package 'class_test_interfaces' build argument 'ament_cmake_args' from command line to 'None'
[0.476s] Level 5:colcon.colcon_core.verb:set package 'class_test_interfaces' build argument 'catkin_cmake_args' from command line to 'None'
[0.476s] Level 5:colcon.colcon_core.verb:set package 'class_test_interfaces' build argument 'catkin_skip_building_tests' from command line to 'False'
[0.476s] DEBUG:colcon.colcon_core.verb:Building package 'class_test_interfaces' with the following arguments: {'ament_cmake_args': None, 'build_base': '/home/yy/robot_ws/build/class_test_interfaces', 'catkin_cmake_args': None, 'catkin_skip_building_tests': False, 'cmake_args': None, 'cmake_clean_cache': False, 'cmake_clean_first': False, 'cmake_force_configure': False, 'cmake_target': None, 'cmake_target_skip_unavailable': False, 'install_base': '/home/yy/robot_ws/install/class_test_interfaces', 'merge_install': False, 'path': '/home/yy/robot_ws/src/class_test_interfaces', 'symlink_install': True, 'test_result_base': None}
[0.478s] Level 5:colcon.colcon_core.verb:set package 'm_pubsub' build argument 'cmake_args' from command line to 'None'
[0.478s] Level 5:colcon.colcon_core.verb:set package 'm_pubsub' build argument 'cmake_target' from command line to 'None'
[0.478s] Level 5:colcon.colcon_core.verb:set package 'm_pubsub' build argument 'cmake_target_skip_unavailable' from command line to 'False'
[0.478s] Level 5:colcon.colcon_core.verb:set package 'm_pubsub' build argument 'cmake_clean_cache' from command line to 'False'
[0.478s] Level 5:colcon.colcon_core.verb:set package 'm_pubsub' build argument 'cmake_clean_first' from command line to 'False'
[0.478s] Level 5:colcon.colcon_core.verb:set package 'm_pubsub' build argument 'cmake_force_configure' from command line to 'False'
[0.478s] Level 5:colcon.colcon_core.verb:set package 'm_pubsub' build argument 'ament_cmake_args' from command line to 'None'
[0.478s] Level 5:colcon.colcon_core.verb:set package 'm_pubsub' build argument 'catkin_cmake_args' from command line to 'None'
[0.479s] Level 5:colcon.colcon_core.verb:set package 'm_pubsub' build argument 'catkin_skip_building_tests' from command line to 'False'
[0.479s] DEBUG:colcon.colcon_core.verb:Building package 'm_pubsub' with the following arguments: {'ament_cmake_args': None, 'build_base': '/home/yy/robot_ws/build/m_pubsub', 'catkin_cmake_args': None, 'catkin_skip_building_tests': False, 'cmake_args': None, 'cmake_clean_cache': False, 'cmake_clean_first': False, 'cmake_force_configure': False, 'cmake_target': None, 'cmake_target_skip_unavailable': False, 'install_base': '/home/yy/robot_ws/install/m_pubsub', 'merge_install': False, 'path': '/home/yy/robot_ws/src/m_pubsub', 'symlink_install': True, 'test_result_base': None}
[0.481s] Level 5:colcon.colcon_core.verb:set package 'move_turtle_pkg' build argument 'cmake_args' from command line to 'None'
[0.481s] Level 5:colcon.colcon_core.verb:set package 'move_turtle_pkg' build argument 'cmake_target' from command line to 'None'
[0.481s] Level 5:colcon.colcon_core.verb:set package 'move_turtle_pkg' build argument 'cmake_target_skip_unavailable' from command line to 'False'
[0.481s] Level 5:colcon.colcon_core.verb:set package 'move_turtle_pkg' build argument 'cmake_clean_cache' from command line to 'False'
[0.481s] Level 5:colcon.colcon_core.verb:set package 'move_turtle_pkg' build argument 'cmake_clean_first' from command line to 'False'
[0.481s] Level 5:colcon.colcon_core.verb:set package 'move_turtle_pkg' build argument 'cmake_force_configure' from command line to 'False'
[0.481s] Level 5:colcon.colcon_core.verb:set package 'move_turtle_pkg' build argument 'ament_cmake_args' from command line to 'None'
[0.481s] Level 5:colcon.colcon_core.verb:set package 'move_turtle_pkg' build argument 'catkin_cmake_args' from command line to 'None'
[0.481s] Level 5:colcon.colcon_core.verb:set package 'move_turtle_pkg' build argument 'catkin_skip_building_tests' from command line to 'False'
[0.481s] DEBUG:colcon.colcon_core.verb:Building package 'move_turtle_pkg' with the following arguments: {'ament_cmake_args': None, 'build_base': '/home/yy/robot_ws/build/move_turtle_pkg', 'catkin_cmake_args': None, 'catkin_skip_building_tests': False, 'cmake_args': None, 'cmake_clean_cache': False, 'cmake_clean_first': False, 'cmake_force_configure': False, 'cmake_target': None, 'cmake_target_skip_unavailable': False, 'install_base': '/home/yy/robot_ws/install/move_turtle_pkg', 'merge_install': False, 'path': '/home/yy/robot_ws/src/move_turtle_pkg', 'symlink_install': True, 'test_result_base': None}
[0.483s] Level 5:colcon.colcon_core.verb:set package 'tb3_move' build argument 'cmake_args' from command line to 'None'
[0.483s] Level 5:colcon.colcon_core.verb:set package 'tb3_move' build argument 'cmake_target' from command line to 'None'
[0.483s] Level 5:colcon.colcon_core.verb:set package 'tb3_move' build argument 'cmake_target_skip_unavailable' from command line to 'False'
[0.483s] Level 5:colcon.colcon_core.verb:set package 'tb3_move' build argument 'cmake_clean_cache' from command line to 'False'
[0.484s] Level 5:colcon.colcon_core.verb:set package 'tb3_move' build argument 'cmake_clean_first' from command line to 'False'
[0.484s] Level 5:colcon.colcon_core.verb:set package 'tb3_move' build argument 'cmake_force_configure' from command line to 'False'
[0.484s] Level 5:colcon.colcon_core.verb:set package 'tb3_move' build argument 'ament_cmake_args' from command line to 'None'
[0.484s] Level 5:colcon.colcon_core.verb:set package 'tb3_move' build argument 'catkin_cmake_args' from command line to 'None'
[0.484s] Level 5:colcon.colcon_core.verb:set package 'tb3_move' build argument 'catkin_skip_building_tests' from command line to 'False'
[0.484s] DEBUG:colcon.colcon_core.verb:Building package 'tb3_move' with the following arguments: {'ament_cmake_args': None, 'build_base': '/home/yy/robot_ws/build/tb3_move', 'catkin_cmake_args': None, 'catkin_skip_building_tests': False, 'cmake_args': None, 'cmake_clean_cache': False, 'cmake_clean_first': False, 'cmake_force_configure': False, 'cmake_target': None, 'cmake_target_skip_unavailable': False, 'install_base': '/home/yy/robot_ws/install/tb3_move', 'merge_install': False, 'path': '/home/yy/robot_ws/src/tb3_move', 'symlink_install': True, 'test_result_base': None}
[0.486s] Level 5:colcon.colcon_core.verb:set package 'test_num' build argument 'cmake_args' from command line to 'None'
[0.486s] Level 5:colcon.colcon_core.verb:set package 'test_num' build argument 'cmake_target' from command line to 'None'
[0.486s] Level 5:colcon.colcon_core.verb:set package 'test_num' build argument 'cmake_target_skip_unavailable' from command line to 'False'
[0.486s] Level 5:colcon.colcon_core.verb:set package 'test_num' build argument 'cmake_clean_cache' from command line to 'False'
[0.486s] Level 5:colcon.colcon_core.verb:set package 'test_num' build argument 'cmake_clean_first' from command line to 'False'
[0.486s] Level 5:colcon.colcon_core.verb:set package 'test_num' build argument 'cmake_force_configure' from command line to 'False'
[0.486s] Level 5:colcon.colcon_core.verb:set package 'test_num' build argument 'ament_cmake_args' from command line to 'None'
[0.486s] Level 5:colcon.colcon_core.verb:set package 'test_num' build argument 'catkin_cmake_args' from command line to 'None'
[0.486s] Level 5:colcon.colcon_core.verb:set package 'test_num' build argument 'catkin_skip_building_tests' from command line to 'False'
[0.487s] DEBUG:colcon.colcon_core.verb:Building package 'test_num' with the following arguments: {'ament_cmake_args': None, 'build_base': '/home/yy/robot_ws/build/test_num', 'catkin_cmake_args': None, 'catkin_skip_building_tests': False, 'cmake_args': None, 'cmake_clean_cache': False, 'cmake_clean_first': False, 'cmake_force_configure': False, 'cmake_target': None, 'cmake_target_skip_unavailable': False, 'install_base': '/home/yy/robot_ws/install/test_num', 'merge_install': False, 'path': '/home/yy/robot_ws/src/test_num', 'symlink_install': True, 'test_result_base': None}
[0.489s] Level 5:colcon.colcon_core.verb:set package 'test_para' build argument 'cmake_args' from command line to 'None'
[0.489s] Level 5:colcon.colcon_core.verb:set package 'test_para' build argument 'cmake_target' from command line to 'None'
[0.489s] Level 5:colcon.colcon_core.verb:set package 'test_para' build argument 'cmake_target_skip_unavailable' from command line to 'False'
[0.489s] Level 5:colcon.colcon_core.verb:set package 'test_para' build argument 'cmake_clean_cache' from command line to 'False'
[0.489s] Level 5:colcon.colcon_core.verb:set package 'test_para' build argument 'cmake_clean_first' from command line to 'False'
[0.489s] Level 5:colcon.colcon_core.verb:set package 'test_para' build argument 'cmake_force_configure' from command line to 'False'
[0.489s] Level 5:colcon.colcon_core.verb:set package 'test_para' build argument 'ament_cmake_args' from command line to 'None'
[0.489s] Level 5:colcon.colcon_core.verb:set package 'test_para' build argument 'catkin_cmake_args' from command line to 'None'
[0.489s] Level 5:colcon.colcon_core.verb:set package 'test_para' build argument 'catkin_skip_building_tests' from command line to 'False'
[0.489s] DEBUG:colcon.colcon_core.verb:Building package 'test_para' with the following arguments: {'ament_cmake_args': None, 'build_base': '/home/yy/robot_ws/build/test_para', 'catkin_cmake_args': None, 'catkin_skip_building_tests': False, 'cmake_args': None, 'cmake_clean_cache': False, 'cmake_clean_first': False, 'cmake_force_configure': False, 'cmake_target': None, 'cmake_target_skip_unavailable': False, 'install_base': '/home/yy/robot_ws/install/test_para', 'merge_install': False, 'path': '/home/yy/robot_ws/src/test_para', 'symlink_install': True, 'test_result_base': None}
[0.491s] INFO:colcon.colcon_core.executor:Executing jobs using 'parallel' executor
[0.502s] DEBUG:colcon.colcon_parallel_executor.executor.parallel:run_until_complete
[0.503s] INFO:colcon.colcon_ros.task.ament_cmake.build:Building ROS package in '/home/yy/robot_ws/src/class_test_interfaces' with build type 'ament_cmake'
[0.503s] INFO:colcon.colcon_cmake.task.cmake.build:Building CMake package in '/home/yy/robot_ws/src/class_test_interfaces'
[0.512s] INFO:colcon.colcon_core.plugin_system:Skipping extension 'colcon_core.shell.bat': Not used on non-Windows systems
[0.512s] INFO:colcon.colcon_core.shell:Skip shell extension 'powershell' for command environment: Not usable outside of PowerShell
[0.512s] DEBUG:colcon.colcon_core.shell:Skip shell extension 'dsv' for command environment
[0.525s] INFO:colcon.colcon_ros.task.ament_python.build:Building ROS package in '/home/yy/robot_ws/src/m_pubsub' with build type 'ament_python'
[0.526s] Level 1:colcon.colcon_core.shell:create_environment_hook('m_pubsub', 'ament_prefix_path')
[0.536s] INFO:colcon.colcon_core.shell:Creating environment hook '/home/yy/robot_ws/install/m_pubsub/share/m_pubsub/hook/ament_prefix_path.ps1'
[0.537s] INFO:colcon.colcon_core.shell:Creating environment descriptor '/home/yy/robot_ws/install/m_pubsub/share/m_pubsub/hook/ament_prefix_path.dsv'
[0.538s] INFO:colcon.colcon_core.shell:Creating environment hook '/home/yy/robot_ws/install/m_pubsub/share/m_pubsub/hook/ament_prefix_path.sh'
[0.544s] INFO:colcon.colcon_core.shell:Skip shell extension 'powershell' for command environment: Not usable outside of PowerShell
[0.544s] DEBUG:colcon.colcon_core.shell:Skip shell extension 'dsv' for command environment
[0.577s] DEBUG:colcon.colcon_core.event_handler.log_command:Invoking command in '/home/yy/robot_ws/build/class_test_interfaces': CMAKE_PREFIX_PATH=${CMAKE_PREFIX_PATH}:/home/yy/robot_ws/install/test_para:/home/yy/robot_ws/install/test_num:/home/yy/robot_ws/install/tb3_move:/home/yy/robot_ws/install/move_turtle_pkg:/home/yy/robot_ws/install/m_pubsub:/opt/ros/foxy /usr/bin/cmake --build /home/yy/robot_ws/build/class_test_interfaces -- -j2 -l2
[0.971s] INFO:colcon.colcon_core.task.python.build:Building Python package in '/home/yy/robot_ws/src/m_pubsub'
[0.977s] INFO:colcon.colcon_core.shell:Skip shell extension 'powershell' for command environment: Not usable outside of PowerShell
[0.977s] DEBUG:colcon.colcon_core.shell:Skip shell extension 'dsv' for command environment
[1.170s] DEBUG:colcon.colcon_core.event_handler.log_command:Invoked command in '/home/yy/robot_ws/build/class_test_interfaces' returned '0': CMAKE_PREFIX_PATH=${CMAKE_PREFIX_PATH}:/home/yy/robot_ws/install/test_para:/home/yy/robot_ws/install/test_num:/home/yy/robot_ws/install/tb3_move:/home/yy/robot_ws/install/move_turtle_pkg:/home/yy/robot_ws/install/m_pubsub:/opt/ros/foxy /usr/bin/cmake --build /home/yy/robot_ws/build/class_test_interfaces -- -j2 -l2
[1.314s] DEBUG:colcon.colcon_core.event_handler.log_command:Invoking command in '/home/yy/robot_ws/build/class_test_interfaces': CMAKE_PREFIX_PATH=${CMAKE_PREFIX_PATH}:/home/yy/robot_ws/install/test_para:/home/yy/robot_ws/install/test_num:/home/yy/robot_ws/install/tb3_move:/home/yy/robot_ws/install/move_turtle_pkg:/home/yy/robot_ws/install/m_pubsub:/opt/ros/foxy /usr/bin/cmake --install /home/yy/robot_ws/build/class_test_interfaces
[1.469s] Level 1:colcon.colcon_core.environment:create_environment_scripts_only(class_test_interfaces)
[1.477s] DEBUG:colcon.colcon_core.event_handler.log_command:Invoked command in '/home/yy/robot_ws/build/class_test_interfaces' returned '0': CMAKE_PREFIX_PATH=${CMAKE_PREFIX_PATH}:/home/yy/robot_ws/install/test_para:/home/yy/robot_ws/install/test_num:/home/yy/robot_ws/install/tb3_move:/home/yy/robot_ws/install/move_turtle_pkg:/home/yy/robot_ws/install/m_pubsub:/opt/ros/foxy /usr/bin/cmake --install /home/yy/robot_ws/build/class_test_interfaces
[1.483s] Level 1:colcon.colcon_core.environment:checking '/home/yy/robot_ws/install/class_test_interfaces' for CMake module files
[1.484s] Level 1:colcon.colcon_core.environment:checking '/home/yy/robot_ws/install/class_test_interfaces' for CMake config files
[1.485s] Level 1:colcon.colcon_core.shell:create_environment_hook('class_test_interfaces', 'cmake_prefix_path')
[1.489s] INFO:colcon.colcon_core.shell:Creating environment hook '/home/yy/robot_ws/install/class_test_interfaces/share/class_test_interfaces/hook/cmake_prefix_path.ps1'
[1.490s] INFO:colcon.colcon_core.shell:Creating environment descriptor '/home/yy/robot_ws/install/class_test_interfaces/share/class_test_interfaces/hook/cmake_prefix_path.dsv'
[1.490s] INFO:colcon.colcon_core.shell:Creating environment hook '/home/yy/robot_ws/install/class_test_interfaces/share/class_test_interfaces/hook/cmake_prefix_path.sh'
[1.491s] Level 1:colcon.colcon_core.environment:checking '/home/yy/robot_ws/install/class_test_interfaces/lib'
[1.492s] Level 1:colcon.colcon_core.shell:create_environment_hook('class_test_interfaces', 'ld_library_path_lib')
[1.495s] INFO:colcon.colcon_core.shell:Creating environment hook '/home/yy/robot_ws/install/class_test_interfaces/share/class_test_interfaces/hook/ld_library_path_lib.ps1'
[1.496s] INFO:colcon.colcon_core.shell:Creating environment descriptor '/home/yy/robot_ws/install/class_test_interfaces/share/class_test_interfaces/hook/ld_library_path_lib.dsv'
[1.497s] INFO:colcon.colcon_core.shell:Creating environment hook '/home/yy/robot_ws/install/class_test_interfaces/share/class_test_interfaces/hook/ld_library_path_lib.sh'
[1.497s] Level 1:colcon.colcon_core.environment:checking '/home/yy/robot_ws/install/class_test_interfaces/bin'
[1.497s] Level 1:colcon.colcon_core.environment:checking '/home/yy/robot_ws/install/class_test_interfaces/lib/pkgconfig/class_test_interfaces.pc'
[1.498s] Level 1:colcon.colcon_core.environment:checking '/home/yy/robot_ws/install/class_test_interfaces/lib/python3.8/site-packages'
[1.498s] Level 1:colcon.colcon_core.shell:create_environment_hook('class_test_interfaces', 'pythonpath')
[1.501s] INFO:colcon.colcon_core.shell:Creating environment hook '/home/yy/robot_ws/install/class_test_interfaces/share/class_test_interfaces/hook/pythonpath.ps1'
[1.502s] INFO:colcon.colcon_core.shell:Creating environment descriptor '/home/yy/robot_ws/install/class_test_interfaces/share/class_test_interfaces/hook/pythonpath.dsv'
[1.503s] INFO:colcon.colcon_core.shell:Creating environment hook '/home/yy/robot_ws/install/class_test_interfaces/share/class_test_interfaces/hook/pythonpath.sh'
[1.503s] Level 1:colcon.colcon_core.environment:checking '/home/yy/robot_ws/install/class_test_interfaces/bin'
[1.508s] INFO:colcon.colcon_core.shell:Creating package script '/home/yy/robot_ws/install/class_test_interfaces/share/class_test_interfaces/package.ps1'
[1.509s] INFO:colcon.colcon_core.shell:Creating package descriptor '/home/yy/robot_ws/install/class_test_interfaces/share/class_test_interfaces/package.dsv'
[1.510s] INFO:colcon.colcon_core.shell:Creating package script '/home/yy/robot_ws/install/class_test_interfaces/share/class_test_interfaces/package.sh'
[1.513s] INFO:colcon.colcon_core.shell:Creating package script '/home/yy/robot_ws/install/class_test_interfaces/share/class_test_interfaces/package.bash'
[1.514s] INFO:colcon.colcon_core.shell:Creating package script '/home/yy/robot_ws/install/class_test_interfaces/share/class_test_interfaces/package.zsh'
[1.515s] Level 1:colcon.colcon_core.environment:create_file_with_runtime_dependencies(/home/yy/robot_ws/install/class_test_interfaces/share/colcon-core/packages/class_test_interfaces)
[1.683s] DEBUG:colcon.colcon_core.event_handler.log_command:Invoking command in '/home/yy/robot_ws/build/m_pubsub': PYTHONPATH=/home/yy/robot_ws/build/m_pubsub/prefix_override:/home/yy/robot_ws/install/m_pubsub/lib/python3.8/site-packages:${PYTHONPATH} /usr/bin/python3 setup.py develop --editable --build-directory /home/yy/robot_ws/build/m_pubsub/build --no-deps install_data
[1.694s] Level 1:colcon.colcon_core.environment:create_environment_scripts_only(class_test_interfaces)
[1.700s] Level 1:colcon.colcon_core.environment:checking '/home/yy/robot_ws/install/class_test_interfaces' for CMake module files
[1.701s] Level 1:colcon.colcon_core.environment:checking '/home/yy/robot_ws/install/class_test_interfaces' for CMake config files
[1.702s] Level 1:colcon.colcon_core.shell:create_environment_hook('class_test_interfaces', 'cmake_prefix_path')
[1.705s] INFO:colcon.colcon_core.shell:Creating environment hook '/home/yy/robot_ws/install/class_test_interfaces/share/class_test_interfaces/hook/cmake_prefix_path.ps1'
[1.707s] INFO:colcon.colcon_core.shell:Creating environment descriptor '/home/yy/robot_ws/install/class_test_interfaces/share/class_test_interfaces/hook/cmake_prefix_path.dsv'
[1.707s] INFO:colcon.colcon_core.shell:Creating environment hook '/home/yy/robot_ws/install/class_test_interfaces/share/class_test_interfaces/hook/cmake_prefix_path.sh'
[1.708s] Level 1:colcon.colcon_core.environment:checking '/home/yy/robot_ws/install/class_test_interfaces/lib'
[1.708s] Level 1:colcon.colcon_core.shell:create_environment_hook('class_test_interfaces', 'ld_library_path_lib')
[1.712s] INFO:colcon.colcon_core.shell:Creating environment hook '/home/yy/robot_ws/install/class_test_interfaces/share/class_test_interfaces/hook/ld_library_path_lib.ps1'
[1.712s] INFO:colcon.colcon_core.shell:Creating environment descriptor '/home/yy/robot_ws/install/class_test_interfaces/share/class_test_interfaces/hook/ld_library_path_lib.dsv'
[1.713s] INFO:colcon.colcon_core.shell:Creating environment hook '/home/yy/robot_ws/install/class_test_interfaces/share/class_test_interfaces/hook/ld_library_path_lib.sh'
[1.714s] Level 1:colcon.colcon_core.environment:checking '/home/yy/robot_ws/install/class_test_interfaces/bin'
[1.714s] Level 1:colcon.colcon_core.environment:checking '/home/yy/robot_ws/install/class_test_interfaces/lib/pkgconfig/class_test_interfaces.pc'
[1.714s] Level 1:colcon.colcon_core.environment:checking '/home/yy/robot_ws/install/class_test_interfaces/lib/python3.8/site-packages'
[1.714s] Level 1:colcon.colcon_core.shell:create_environment_hook('class_test_interfaces', 'pythonpath')
[1.718s] INFO:colcon.colcon_core.shell:Creating environment hook '/home/yy/robot_ws/install/class_test_interfaces/share/class_test_interfaces/hook/pythonpath.ps1'
[1.719s] INFO:colcon.colcon_core.shell:Creating environment descriptor '/home/yy/robot_ws/install/class_test_interfaces/share/class_test_interfaces/hook/pythonpath.dsv'
[1.719s] INFO:colcon.colcon_core.shell:Creating environment hook '/home/yy/robot_ws/install/class_test_interfaces/share/class_test_interfaces/hook/pythonpath.sh'
[1.720s] Level 1:colcon.colcon_core.environment:checking '/home/yy/robot_ws/install/class_test_interfaces/bin'
[1.726s] INFO:colcon.colcon_core.shell:Creating package script '/home/yy/robot_ws/install/class_test_interfaces/share/class_test_interfaces/package.ps1'
[1.727s] INFO:colcon.colcon_core.shell:Creating package descriptor '/home/yy/robot_ws/install/class_test_interfaces/share/class_test_interfaces/package.dsv'
[1.728s] INFO:colcon.colcon_core.shell:Creating package script '/home/yy/robot_ws/install/class_test_interfaces/share/class_test_interfaces/package.sh'
[1.729s] INFO:colcon.colcon_core.shell:Creating package script '/home/yy/robot_ws/install/class_test_interfaces/share/class_test_interfaces/package.bash'
[1.729s] INFO:colcon.colcon_core.shell:Creating package script '/home/yy/robot_ws/install/class_test_interfaces/share/class_test_interfaces/package.zsh'
[1.730s] Level 1:colcon.colcon_core.environment:create_file_with_runtime_dependencies(/home/yy/robot_ws/install/class_test_interfaces/share/colcon-core/packages/class_test_interfaces)
[1.731s] INFO:colcon.colcon_ros.task.ament_python.build:Building ROS package in '/home/yy/robot_ws/src/move_turtle_pkg' with build type 'ament_python'
[1.732s] Level 1:colcon.colcon_core.shell:create_environment_hook('move_turtle_pkg', 'ament_prefix_path')
[1.740s] INFO:colcon.colcon_core.shell:Creating environment hook '/home/yy/robot_ws/install/move_turtle_pkg/share/move_turtle_pkg/hook/ament_prefix_path.ps1'
[1.741s] INFO:colcon.colcon_core.shell:Creating environment descriptor '/home/yy/robot_ws/install/move_turtle_pkg/share/move_turtle_pkg/hook/ament_prefix_path.dsv'
[1.742s] INFO:colcon.colcon_core.shell:Creating environment hook '/home/yy/robot_ws/install/move_turtle_pkg/share/move_turtle_pkg/hook/ament_prefix_path.sh'
[1.747s] INFO:colcon.colcon_core.shell:Skip shell extension 'powershell' for command environment: Not usable outside of PowerShell
[1.747s] DEBUG:colcon.colcon_core.shell:Skip shell extension 'dsv' for command environment
[2.078s] INFO:colcon.colcon_core.task.python.build:Building Python package in '/home/yy/robot_ws/src/move_turtle_pkg'
[2.082s] INFO:colcon.colcon_core.shell:Skip shell extension 'powershell' for command environment: Not usable outside of PowerShell
[2.082s] DEBUG:colcon.colcon_core.shell:Skip shell extension 'dsv' for command environment
[2.432s] Level 1:colcon.colcon_core.shell:create_environment_hook('m_pubsub', 'pythonpath_develop')
[2.437s] INFO:colcon.colcon_core.shell:Creating environment hook '/home/yy/robot_ws/build/m_pubsub/share/m_pubsub/hook/pythonpath_develop.ps1'
[2.437s] DEBUG:colcon.colcon_core.event_handler.log_command:Invoked command in '/home/yy/robot_ws/build/m_pubsub' returned '0': PYTHONPATH=/home/yy/robot_ws/build/m_pubsub/prefix_override:/home/yy/robot_ws/install/m_pubsub/lib/python3.8/site-packages:${PYTHONPATH} /usr/bin/python3 setup.py develop --editable --build-directory /home/yy/robot_ws/build/m_pubsub/build --no-deps install_data
[2.439s] INFO:colcon.colcon_core.shell:Creating environment descriptor '/home/yy/robot_ws/build/m_pubsub/share/m_pubsub/hook/pythonpath_develop.dsv'
[2.440s] INFO:colcon.colcon_core.shell:Creating environment hook '/home/yy/robot_ws/build/m_pubsub/share/m_pubsub/hook/pythonpath_develop.sh'
[2.447s] Level 1:colcon.colcon_core.environment:checking '/home/yy/robot_ws/install/m_pubsub' for CMake module files
[2.448s] Level 1:colcon.colcon_core.environment:checking '/home/yy/robot_ws/install/m_pubsub' for CMake config files
[2.449s] Level 1:colcon.colcon_core.environment:checking '/home/yy/robot_ws/install/m_pubsub/lib'
[2.449s] Level 1:colcon.colcon_core.environment:checking '/home/yy/robot_ws/install/m_pubsub/bin'
[2.449s] Level 1:colcon.colcon_core.environment:checking '/home/yy/robot_ws/install/m_pubsub/lib/pkgconfig/m_pubsub.pc'
[2.449s] Level 1:colcon.colcon_core.environment:checking '/home/yy/robot_ws/install/m_pubsub/lib/python3.8/site-packages'
[2.449s] Level 1:colcon.colcon_core.shell:create_environment_hook('m_pubsub', 'pythonpath')
[2.454s] INFO:colcon.colcon_core.shell:Creating environment hook '/home/yy/robot_ws/install/m_pubsub/share/m_pubsub/hook/pythonpath.ps1'
[2.455s] INFO:colcon.colcon_core.shell:Creating environment descriptor '/home/yy/robot_ws/install/m_pubsub/share/m_pubsub/hook/pythonpath.dsv'
[2.456s] INFO:colcon.colcon_core.shell:Creating environment hook '/home/yy/robot_ws/install/m_pubsub/share/m_pubsub/hook/pythonpath.sh'
[2.456s] Level 1:colcon.colcon_core.environment:checking '/home/yy/robot_ws/install/m_pubsub/bin'
[2.457s] Level 1:colcon.colcon_core.environment:create_environment_scripts_only(m_pubsub)
[2.461s] INFO:colcon.colcon_core.shell:Creating package script '/home/yy/robot_ws/install/m_pubsub/share/m_pubsub/package.ps1'
[2.462s] INFO:colcon.colcon_core.shell:Creating package descriptor '/home/yy/robot_ws/install/m_pubsub/share/m_pubsub/package.dsv'
[2.463s] INFO:colcon.colcon_core.shell:Creating package script '/home/yy/robot_ws/install/m_pubsub/share/m_pubsub/package.sh'
[2.464s] INFO:colcon.colcon_core.shell:Creating package script '/home/yy/robot_ws/install/m_pubsub/share/m_pubsub/package.bash'
[2.464s] INFO:colcon.colcon_core.shell:Creating package script '/home/yy/robot_ws/install/m_pubsub/share/m_pubsub/package.zsh'
[2.465s] Level 1:colcon.colcon_core.environment:create_file_with_runtime_dependencies(/home/yy/robot_ws/install/m_pubsub/share/colcon-core/packages/m_pubsub)
[2.466s] INFO:colcon.colcon_ros.task.ament_python.build:Building ROS package in '/home/yy/robot_ws/src/tb3_move' with build type 'ament_python'
[2.466s] Level 1:colcon.colcon_core.shell:create_environment_hook('tb3_move', 'ament_prefix_path')
[2.470s] INFO:colcon.colcon_core.shell:Creating environment hook '/home/yy/robot_ws/install/tb3_move/share/tb3_move/hook/ament_prefix_path.ps1'
[2.472s] INFO:colcon.colcon_core.shell:Creating environment descriptor '/home/yy/robot_ws/install/tb3_move/share/tb3_move/hook/ament_prefix_path.dsv'
[2.473s] INFO:colcon.colcon_core.shell:Creating environment hook '/home/yy/robot_ws/install/tb3_move/share/tb3_move/hook/ament_prefix_path.sh'
[2.477s] INFO:colcon.colcon_core.shell:Skip shell extension 'powershell' for command environment: Not usable outside of PowerShell
[2.478s] DEBUG:colcon.colcon_core.shell:Skip shell extension 'dsv' for command environment
[2.857s] INFO:colcon.colcon_core.task.python.build:Building Python package in '/home/yy/robot_ws/src/tb3_move'
[2.861s] INFO:colcon.colcon_core.shell:Skip shell extension 'powershell' for command environment: Not usable outside of PowerShell
[2.862s] DEBUG:colcon.colcon_core.shell:Skip shell extension 'dsv' for command environment
[2.879s] DEBUG:colcon.colcon_core.event_handler.log_command:Invoking command in '/home/yy/robot_ws/build/move_turtle_pkg': PYTHONPATH=/home/yy/robot_ws/build/move_turtle_pkg/prefix_override:/home/yy/robot_ws/install/move_turtle_pkg/lib/python3.8/site-packages:${PYTHONPATH} /usr/bin/python3 setup.py develop --editable --build-directory /home/yy/robot_ws/build/move_turtle_pkg/build --no-deps install_data
[3.442s] DEBUG:colcon.colcon_core.event_handler.log_command:Invoking command in '/home/yy/robot_ws/build/tb3_move': PYTHONPATH=/home/yy/robot_ws/build/tb3_move/prefix_override:/home/yy/robot_ws/install/tb3_move/lib/python3.8/site-packages:${PYTHONPATH} /usr/bin/python3 setup.py develop --editable --build-directory /home/yy/robot_ws/build/tb3_move/build --no-deps install_data
[3.573s] Level 1:colcon.colcon_core.shell:create_environment_hook('move_turtle_pkg', 'pythonpath_develop')
[3.577s] INFO:colcon.colcon_core.shell:Creating environment hook '/home/yy/robot_ws/build/move_turtle_pkg/share/move_turtle_pkg/hook/pythonpath_develop.ps1'
[3.579s] DEBUG:colcon.colcon_core.event_handler.log_command:Invoked command in '/home/yy/robot_ws/build/move_turtle_pkg' returned '0': PYTHONPATH=/home/yy/robot_ws/build/move_turtle_pkg/prefix_override:/home/yy/robot_ws/install/move_turtle_pkg/lib/python3.8/site-packages:${PYTHONPATH} /usr/bin/python3 setup.py develop --editable --build-directory /home/yy/robot_ws/build/move_turtle_pkg/build --no-deps install_data
[3.581s] INFO:colcon.colcon_core.shell:Creating environment descriptor '/home/yy/robot_ws/build/move_turtle_pkg/share/move_turtle_pkg/hook/pythonpath_develop.dsv'
[3.581s] INFO:colcon.colcon_core.shell:Creating environment hook '/home/yy/robot_ws/build/move_turtle_pkg/share/move_turtle_pkg/hook/pythonpath_develop.sh'
[3.589s] Level 1:colcon.colcon_core.environment:checking '/home/yy/robot_ws/install/move_turtle_pkg' for CMake module files
[3.589s] Level 1:colcon.colcon_core.environment:checking '/home/yy/robot_ws/install/move_turtle_pkg' for CMake config files
[3.590s] Level 1:colcon.colcon_core.environment:checking '/home/yy/robot_ws/install/move_turtle_pkg/lib'
[3.590s] Level 1:colcon.colcon_core.environment:checking '/home/yy/robot_ws/install/move_turtle_pkg/bin'
[3.590s] Level 1:colcon.colcon_core.environment:checking '/home/yy/robot_ws/install/move_turtle_pkg/lib/pkgconfig/move_turtle_pkg.pc'
[3.591s] Level 1:colcon.colcon_core.environment:checking '/home/yy/robot_ws/install/move_turtle_pkg/lib/python3.8/site-packages'
[3.591s] Level 1:colcon.colcon_core.shell:create_environment_hook('move_turtle_pkg', 'pythonpath')
[3.595s] INFO:colcon.colcon_core.shell:Creating environment hook '/home/yy/robot_ws/install/move_turtle_pkg/share/move_turtle_pkg/hook/pythonpath.ps1'
[3.596s] INFO:colcon.colcon_core.shell:Creating environment descriptor '/home/yy/robot_ws/install/move_turtle_pkg/share/move_turtle_pkg/hook/pythonpath.dsv'
[3.597s] INFO:colcon.colcon_core.shell:Creating environment hook '/home/yy/robot_ws/install/move_turtle_pkg/share/move_turtle_pkg/hook/pythonpath.sh'
[3.597s] Level 1:colcon.colcon_core.environment:checking '/home/yy/robot_ws/install/move_turtle_pkg/bin'
[3.598s] Level 1:colcon.colcon_core.environment:create_environment_scripts_only(move_turtle_pkg)
[3.601s] INFO:colcon.colcon_core.shell:Creating package script '/home/yy/robot_ws/install/move_turtle_pkg/share/move_turtle_pkg/package.ps1'
[3.602s] INFO:colcon.colcon_core.shell:Creating package descriptor '/home/yy/robot_ws/install/move_turtle_pkg/share/move_turtle_pkg/package.dsv'
[3.604s] INFO:colcon.colcon_core.shell:Creating package script '/home/yy/robot_ws/install/move_turtle_pkg/share/move_turtle_pkg/package.sh'
[3.605s] INFO:colcon.colcon_core.shell:Creating package script '/home/yy/robot_ws/install/move_turtle_pkg/share/move_turtle_pkg/package.bash'
[3.605s] INFO:colcon.colcon_core.shell:Creating package script '/home/yy/robot_ws/install/move_turtle_pkg/share/move_turtle_pkg/package.zsh'
[3.606s] Level 1:colcon.colcon_core.environment:create_file_with_runtime_dependencies(/home/yy/robot_ws/install/move_turtle_pkg/share/colcon-core/packages/move_turtle_pkg)
[3.607s] INFO:colcon.colcon_ros.task.ament_python.build:Building ROS package in '/home/yy/robot_ws/src/test_num' with build type 'ament_python'
[3.608s] Level 1:colcon.colcon_core.shell:create_environment_hook('test_num', 'ament_prefix_path')
[3.612s] INFO:colcon.colcon_core.shell:Creating environment hook '/home/yy/robot_ws/install/test_num/share/test_num/hook/ament_prefix_path.ps1'
[3.612s] INFO:colcon.colcon_core.shell:Creating environment descriptor '/home/yy/robot_ws/install/test_num/share/test_num/hook/ament_prefix_path.dsv'
[3.613s] INFO:colcon.colcon_core.shell:Creating environment hook '/home/yy/robot_ws/install/test_num/share/test_num/hook/ament_prefix_path.sh'
[3.618s] INFO:colcon.colcon_core.shell:Skip shell extension 'powershell' for command environment: Not usable outside of PowerShell
[3.626s] DEBUG:colcon.colcon_core.shell:Skip shell extension 'dsv' for command environment
[3.985s] INFO:colcon.colcon_core.task.python.build:Building Python package in '/home/yy/robot_ws/src/test_num'
[3.989s] INFO:colcon.colcon_core.shell:Skip shell extension 'powershell' for command environment: Not usable outside of PowerShell
[3.990s] DEBUG:colcon.colcon_core.shell:Skip shell extension 'dsv' for command environment
[4.152s] Level 1:colcon.colcon_core.shell:create_environment_hook('tb3_move', 'pythonpath_develop')
[4.153s] DEBUG:colcon.colcon_core.event_handler.log_command:Invoked command in '/home/yy/robot_ws/build/tb3_move' returned '0': PYTHONPATH=/home/yy/robot_ws/build/tb3_move/prefix_override:/home/yy/robot_ws/install/tb3_move/lib/python3.8/site-packages:${PYTHONPATH} /usr/bin/python3 setup.py develop --editable --build-directory /home/yy/robot_ws/build/tb3_move/build --no-deps install_data
[4.159s] INFO:colcon.colcon_core.shell:Creating environment hook '/home/yy/robot_ws/build/tb3_move/share/tb3_move/hook/pythonpath_develop.ps1'
[4.161s] INFO:colcon.colcon_core.shell:Creating environment descriptor '/home/yy/robot_ws/build/tb3_move/share/tb3_move/hook/pythonpath_develop.dsv'
[4.165s] INFO:colcon.colcon_core.shell:Creating environment hook '/home/yy/robot_ws/build/tb3_move/share/tb3_move/hook/pythonpath_develop.sh'
[4.172s] Level 1:colcon.colcon_core.environment:checking '/home/yy/robot_ws/install/tb3_move' for CMake module files
[4.172s] Level 1:colcon.colcon_core.environment:checking '/home/yy/robot_ws/install/tb3_move' for CMake config files
[4.173s] Level 1:colcon.colcon_core.environment:checking '/home/yy/robot_ws/install/tb3_move/lib'
[4.173s] Level 1:colcon.colcon_core.environment:checking '/home/yy/robot_ws/install/tb3_move/bin'
[4.173s] Level 1:colcon.colcon_core.environment:checking '/home/yy/robot_ws/install/tb3_move/lib/pkgconfig/tb3_move.pc'
[4.174s] Level 1:colcon.colcon_core.environment:checking '/home/yy/robot_ws/install/tb3_move/lib/python3.8/site-packages'
[4.174s] Level 1:colcon.colcon_core.shell:create_environment_hook('tb3_move', 'pythonpath')
[4.178s] INFO:colcon.colcon_core.shell:Creating environment hook '/home/yy/robot_ws/install/tb3_move/share/tb3_move/hook/pythonpath.ps1'
[4.178s] INFO:colcon.colcon_core.shell:Creating environment descriptor '/home/yy/robot_ws/install/tb3_move/share/tb3_move/hook/pythonpath.dsv'
[4.179s] INFO:colcon.colcon_core.shell:Creating environment hook '/home/yy/robot_ws/install/tb3_move/share/tb3_move/hook/pythonpath.sh'
[4.180s] Level 1:colcon.colcon_core.environment:checking '/home/yy/robot_ws/install/tb3_move/bin'
[4.180s] Level 1:colcon.colcon_core.environment:create_environment_scripts_only(tb3_move)
[4.184s] INFO:colcon.colcon_core.shell:Creating package script '/home/yy/robot_ws/install/tb3_move/share/tb3_move/package.ps1'
[4.185s] INFO:colcon.colcon_core.shell:Creating package descriptor '/home/yy/robot_ws/install/tb3_move/share/tb3_move/package.dsv'
[4.186s] INFO:colcon.colcon_core.shell:Creating package script '/home/yy/robot_ws/install/tb3_move/share/tb3_move/package.sh'
[4.187s] INFO:colcon.colcon_core.shell:Creating package script '/home/yy/robot_ws/install/tb3_move/share/tb3_move/package.bash'
[4.188s] INFO:colcon.colcon_core.shell:Creating package script '/home/yy/robot_ws/install/tb3_move/share/tb3_move/package.zsh'
[4.188s] Level 1:colcon.colcon_core.environment:create_file_with_runtime_dependencies(/home/yy/robot_ws/install/tb3_move/share/colcon-core/packages/tb3_move)
[4.189s] INFO:colcon.colcon_ros.task.ament_python.build:Building ROS package in '/home/yy/robot_ws/src/test_para' with build type 'ament_python'
[4.189s] Level 1:colcon.colcon_core.shell:create_environment_hook('test_para', 'ament_prefix_path')
[4.193s] INFO:colcon.colcon_core.shell:Creating environment hook '/home/yy/robot_ws/install/test_para/share/test_para/hook/ament_prefix_path.ps1'
[4.195s] INFO:colcon.colcon_core.shell:Creating environment descriptor '/home/yy/robot_ws/install/test_para/share/test_para/hook/ament_prefix_path.dsv'
[4.197s] INFO:colcon.colcon_core.shell:Creating environment hook '/home/yy/robot_ws/install/test_para/share/test_para/hook/ament_prefix_path.sh'
[4.201s] INFO:colcon.colcon_core.shell:Skip shell extension 'powershell' for command environment: Not usable outside of PowerShell
[4.201s] DEBUG:colcon.colcon_core.shell:Skip shell extension 'dsv' for command environment
[4.554s] INFO:colcon.colcon_core.task.python.build:Building Python package in '/home/yy/robot_ws/src/test_para'
[4.558s] INFO:colcon.colcon_core.shell:Skip shell extension 'powershell' for command environment: Not usable outside of PowerShell
[4.558s] DEBUG:colcon.colcon_core.shell:Skip shell extension 'dsv' for command environment
[4.605s] DEBUG:colcon.colcon_core.event_handler.log_command:Invoking command in '/home/yy/robot_ws/build/test_num': PYTHONPATH=/home/yy/robot_ws/build/test_num/prefix_override:/home/yy/robot_ws/install/test_num/lib/python3.8/site-packages:${PYTHONPATH} /usr/bin/python3 setup.py develop --editable --build-directory /home/yy/robot_ws/build/test_num/build --no-deps install_data
[5.129s] DEBUG:colcon.colcon_core.event_handler.log_command:Invoking command in '/home/yy/robot_ws/build/test_para': PYTHONPATH=/home/yy/robot_ws/build/test_para/prefix_override:/home/yy/robot_ws/install/test_para/lib/python3.8/site-packages:${PYTHONPATH} /usr/bin/python3 setup.py develop --editable --build-directory /home/yy/robot_ws/build/test_para/build --no-deps install_data
[5.283s] Level 1:colcon.colcon_core.shell:create_environment_hook('test_num', 'pythonpath_develop')
[5.289s] INFO:colcon.colcon_core.shell:Creating environment hook '/home/yy/robot_ws/build/test_num/share/test_num/hook/pythonpath_develop.ps1'
[5.290s] DEBUG:colcon.colcon_core.event_handler.log_command:Invoked command in '/home/yy/robot_ws/build/test_num' returned '0': PYTHONPATH=/home/yy/robot_ws/build/test_num/prefix_override:/home/yy/robot_ws/install/test_num/lib/python3.8/site-packages:${PYTHONPATH} /usr/bin/python3 setup.py develop --editable --build-directory /home/yy/robot_ws/build/test_num/build --no-deps install_data
[5.293s] INFO:colcon.colcon_core.shell:Creating environment descriptor '/home/yy/robot_ws/build/test_num/share/test_num/hook/pythonpath_develop.dsv'
[5.294s] INFO:colcon.colcon_core.shell:Creating environment hook '/home/yy/robot_ws/build/test_num/share/test_num/hook/pythonpath_develop.sh'
[5.301s] Level 1:colcon.colcon_core.environment:checking '/home/yy/robot_ws/install/test_num' for CMake module files
[5.301s] Level 1:colcon.colcon_core.environment:checking '/home/yy/robot_ws/install/test_num' for CMake config files
[5.302s] Level 1:colcon.colcon_core.environment:checking '/home/yy/robot_ws/install/test_num/lib'
[5.302s] Level 1:colcon.colcon_core.environment:checking '/home/yy/robot_ws/install/test_num/bin'
[5.302s] Level 1:colcon.colcon_core.environment:checking '/home/yy/robot_ws/install/test_num/lib/pkgconfig/test_num.pc'
[5.303s] Level 1:colcon.colcon_core.environment:checking '/home/yy/robot_ws/install/test_num/lib/python3.8/site-packages'
[5.303s] Level 1:colcon.colcon_core.shell:create_environment_hook('test_num', 'pythonpath')
[5.306s] INFO:colcon.colcon_core.shell:Creating environment hook '/home/yy/robot_ws/install/test_num/share/test_num/hook/pythonpath.ps1'
[5.307s] INFO:colcon.colcon_core.shell:Creating environment descriptor '/home/yy/robot_ws/install/test_num/share/test_num/hook/pythonpath.dsv'
[5.308s] INFO:colcon.colcon_core.shell:Creating environment hook '/home/yy/robot_ws/install/test_num/share/test_num/hook/pythonpath.sh'
[5.308s] Level 1:colcon.colcon_core.environment:checking '/home/yy/robot_ws/install/test_num/bin'
[5.309s] Level 1:colcon.colcon_core.environment:create_environment_scripts_only(test_num)
[5.312s] INFO:colcon.colcon_core.shell:Creating package script '/home/yy/robot_ws/install/test_num/share/test_num/package.ps1'
[5.313s] INFO:colcon.colcon_core.shell:Creating package descriptor '/home/yy/robot_ws/install/test_num/share/test_num/package.dsv'
[5.314s] INFO:colcon.colcon_core.shell:Creating package script '/home/yy/robot_ws/install/test_num/share/test_num/package.sh'
[5.315s] INFO:colcon.colcon_core.shell:Creating package script '/home/yy/robot_ws/install/test_num/share/test_num/package.bash'
[5.316s] INFO:colcon.colcon_core.shell:Creating package script '/home/yy/robot_ws/install/test_num/share/test_num/package.zsh'
[5.316s] Level 1:colcon.colcon_core.environment:create_file_with_runtime_dependencies(/home/yy/robot_ws/install/test_num/share/colcon-core/packages/test_num)
[5.783s] Level 1:colcon.colcon_core.shell:create_environment_hook('test_para', 'pythonpath_develop')
[5.787s] INFO:colcon.colcon_core.shell:Creating environment hook '/home/yy/robot_ws/build/test_para/share/test_para/hook/pythonpath_develop.ps1'
[5.788s] DEBUG:colcon.colcon_core.event_handler.log_command:Invoked command in '/home/yy/robot_ws/build/test_para' returned '0': PYTHONPATH=/home/yy/robot_ws/build/test_para/prefix_override:/home/yy/robot_ws/install/test_para/lib/python3.8/site-packages:${PYTHONPATH} /usr/bin/python3 setup.py develop --editable --build-directory /home/yy/robot_ws/build/test_para/build --no-deps install_data
[5.789s] INFO:colcon.colcon_core.shell:Creating environment descriptor '/home/yy/robot_ws/build/test_para/share/test_para/hook/pythonpath_develop.dsv'
[5.789s] INFO:colcon.colcon_core.shell:Creating environment hook '/home/yy/robot_ws/build/test_para/share/test_para/hook/pythonpath_develop.sh'
[5.796s] Level 1:colcon.colcon_core.environment:checking '/home/yy/robot_ws/install/test_para' for CMake module files
[5.797s] Level 1:colcon.colcon_core.environment:checking '/home/yy/robot_ws/install/test_para' for CMake config files
[5.797s] Level 1:colcon.colcon_core.environment:checking '/home/yy/robot_ws/install/test_para/lib'
[5.797s] Level 1:colcon.colcon_core.environment:checking '/home/yy/robot_ws/install/test_para/bin'
[5.797s] Level 1:colcon.colcon_core.environment:checking '/home/yy/robot_ws/install/test_para/lib/pkgconfig/test_para.pc'
[5.798s] Level 1:colcon.colcon_core.environment:checking '/home/yy/robot_ws/install/test_para/lib/python3.8/site-packages'
[5.798s] Level 1:colcon.colcon_core.shell:create_environment_hook('test_para', 'pythonpath')
[5.802s] INFO:colcon.colcon_core.shell:Creating environment hook '/home/yy/robot_ws/install/test_para/share/test_para/hook/pythonpath.ps1'
[5.802s] INFO:colcon.colcon_core.shell:Creating environment descriptor '/home/yy/robot_ws/install/test_para/share/test_para/hook/pythonpath.dsv'
[5.803s] INFO:colcon.colcon_core.shell:Creating environment hook '/home/yy/robot_ws/install/test_para/share/test_para/hook/pythonpath.sh'
[5.804s] Level 1:colcon.colcon_core.environment:checking '/home/yy/robot_ws/install/test_para/bin'
[5.804s] Level 1:colcon.colcon_core.environment:create_environment_scripts_only(test_para)
[5.808s] INFO:colcon.colcon_core.shell:Creating package script '/home/yy/robot_ws/install/test_para/share/test_para/package.ps1'
[5.809s] INFO:colcon.colcon_core.shell:Creating package descriptor '/home/yy/robot_ws/install/test_para/share/test_para/package.dsv'
[5.810s] INFO:colcon.colcon_core.shell:Creating package script '/home/yy/robot_ws/install/test_para/share/test_para/package.sh'
[5.810s] INFO:colcon.colcon_core.shell:Creating package script '/home/yy/robot_ws/install/test_para/share/test_para/package.bash'
[5.811s] INFO:colcon.colcon_core.shell:Creating package script '/home/yy/robot_ws/install/test_para/share/test_para/package.zsh'
[5.812s] Level 1:colcon.colcon_core.environment:create_file_with_runtime_dependencies(/home/yy/robot_ws/install/test_para/share/colcon-core/packages/test_para)
[5.812s] DEBUG:colcon.colcon_parallel_executor.executor.parallel:closing loop
[5.813s] DEBUG:colcon.colcon_parallel_executor.executor.parallel:loop closed
[5.813s] DEBUG:colcon.colcon_parallel_executor.executor.parallel:run_until_complete finished with '0'
[5.813s] DEBUG:colcon.colcon_core.event_reactor:joining thread
[5.826s] INFO:colcon.colcon_core.plugin_system:Skipping extension 'colcon_notification.desktop_notification.terminal_notifier': Not used on non-Darwin systems
[5.826s] INFO:colcon.colcon_core.plugin_system:Skipping extension 'colcon_notification.desktop_notification.win32': Not used on non-Windows systems
[5.826s] INFO:colcon.colcon_notification.desktop_notification:Sending desktop notification using 'notify2'
[5.852s] DEBUG:colcon.colcon_core.event_reactor:joined thread
[5.857s] INFO:colcon.colcon_core.shell:Creating prefix script '/home/yy/robot_ws/install/local_setup.ps1'
[5.858s] INFO:colcon.colcon_core.shell:Creating prefix util module '/home/yy/robot_ws/install/_local_setup_util_ps1.py'
[5.860s] INFO:colcon.colcon_core.shell:Creating prefix chain script '/home/yy/robot_ws/install/setup.ps1'
[5.864s] INFO:colcon.colcon_core.shell:Creating prefix script '/home/yy/robot_ws/install/local_setup.sh'
[5.864s] INFO:colcon.colcon_core.shell:Creating prefix util module '/home/yy/robot_ws/install/_local_setup_util_sh.py'
[5.865s] INFO:colcon.colcon_core.shell:Creating prefix chain script '/home/yy/robot_ws/install/setup.sh'
[5.868s] INFO:colcon.colcon_core.shell:Creating prefix script '/home/yy/robot_ws/install/local_setup.bash'
[5.868s] INFO:colcon.colcon_core.shell:Creating prefix chain script '/home/yy/robot_ws/install/setup.bash'
[5.871s] INFO:colcon.colcon_core.shell:Creating prefix script '/home/yy/robot_ws/install/local_setup.zsh'
[5.872s] INFO:colcon.colcon_core.shell:Creating prefix chain script '/home/yy/robot_ws/install/setup.zsh'
