[0.925s] Invoking command in '/home/yy/robot_ws/build/ros2_aruco': PYTHONPATH=/home/yy/robot_ws/build/ros2_aruco/prefix_override:/home/yy/robot_ws/install/ros2_aruco/lib/python3.8/site-packages:${PYTHONPATH} /usr/bin/python3 setup.py develop --editable --build-directory /home/yy/robot_ws/build/ros2_aruco/build --no-deps install_data
[1.282s] running develop
[1.480s] running egg_info
[1.480s] creating ros2_aruco.egg-info
[1.482s] writing ros2_aruco.egg-info/PKG-INFO
[1.482s] writing dependency_links to ros2_aruco.egg-info/dependency_links.txt
[1.482s] writing entry points to ros2_aruco.egg-info/entry_points.txt
[1.483s] writing requirements to ros2_aruco.egg-info/requires.txt
[1.483s] writing top-level names to ros2_aruco.egg-info/top_level.txt
[1.486s] writing manifest file 'ros2_aruco.egg-info/SOURCES.txt'
[1.529s] reading manifest file 'ros2_aruco.egg-info/SOURCES.txt'
[1.530s] writing manifest file 'ros2_aruco.egg-info/SOURCES.txt'
[1.584s] running build_ext
[1.588s] Creating /home/yy/robot_ws/install/ros2_aruco/lib/python3.8/site-packages/ros2-aruco.egg-link (link to .)
[1.590s] Installing aruco_generate_marker script to /home/yy/robot_ws/install/ros2_aruco/lib/ros2_aruco
[1.591s] Installing aruco_node script to /home/yy/robot_ws/install/ros2_aruco/lib/ros2_aruco
[1.591s] 
[1.591s] Installed /home/yy/robot_ws/build/ros2_aruco
[1.591s] running install_data
[1.642s] Invoked command in '/home/yy/robot_ws/build/ros2_aruco' returned '0': PYTHONPATH=/home/yy/robot_ws/build/ros2_aruco/prefix_override:/home/yy/robot_ws/install/ros2_aruco/lib/python3.8/site-packages:${PYTHONPATH} /usr/bin/python3 setup.py develop --editable --build-directory /home/yy/robot_ws/build/ros2_aruco/build --no-deps install_data
