[0.016s] Invoking command in '/home/yy/robot_ws/build/v4l2_camera': CMAKE_PREFIX_PATH=${CMAKE_PREFIX_PATH}:/home/yy/turtlebot3_ws/install/turtlebot3_teleop:/home/yy/turtlebot3_ws/install/turtlebot3_example:/home/yy/robot_ws/install/test_para:/home/yy/robot_ws/install/test_num:/home/yy/robot_ws/install/tb3_move:/home/yy/robot_ws/install/ros2_aruco:/home/yy/robot_ws/install/move_turtle_pkg:/home/yy/robot_ws/install/m_pubsub:/home/yy/robot_ws/install/imgtran:/home/yy/robot_ws/install/examples_rclpy_minimal_subscriber:/home/yy/robot_ws/install/examples_rclpy_minimal_service:/home/yy/robot_ws/install/examples_rclpy_minimal_publisher:/home/yy/robot_ws/install/examples_rclpy_minimal_client:/home/yy/robot_ws/install/examples_rclpy_minimal_action_server:/home/yy/robot_ws/install/examples_rclpy_minimal_action_client:/home/yy/robot_ws/install/examples_rclpy_executors:/opt/ros/foxy /usr/bin/cmake --build /home/yy/robot_ws/build/v4l2_camera -- -j2 -l2
[0.109s] [ 42%] Built target v4l2_camera
[0.133s] [ 71%] Built target v4l2_camera_node
[0.151s] [100%] Built target v4l2_camera_compose_test
[0.173s] Invoked command in '/home/yy/robot_ws/build/v4l2_camera' returned '0': CMAKE_PREFIX_PATH=${CMAKE_PREFIX_PATH}:/home/yy/turtlebot3_ws/install/turtlebot3_teleop:/home/yy/turtlebot3_ws/install/turtlebot3_example:/home/yy/robot_ws/install/test_para:/home/yy/robot_ws/install/test_num:/home/yy/robot_ws/install/tb3_move:/home/yy/robot_ws/install/ros2_aruco:/home/yy/robot_ws/install/move_turtle_pkg:/home/yy/robot_ws/install/m_pubsub:/home/yy/robot_ws/install/imgtran:/home/yy/robot_ws/install/examples_rclpy_minimal_subscriber:/home/yy/robot_ws/install/examples_rclpy_minimal_service:/home/yy/robot_ws/install/examples_rclpy_minimal_publisher:/home/yy/robot_ws/install/examples_rclpy_minimal_client:/home/yy/robot_ws/install/examples_rclpy_minimal_action_server:/home/yy/robot_ws/install/examples_rclpy_minimal_action_client:/home/yy/robot_ws/install/examples_rclpy_executors:/opt/ros/foxy /usr/bin/cmake --build /home/yy/robot_ws/build/v4l2_camera -- -j2 -l2
[0.205s] Invoking command in '/home/yy/robot_ws/build/v4l2_camera': CMAKE_PREFIX_PATH=${CMAKE_PREFIX_PATH}:/home/yy/turtlebot3_ws/install/turtlebot3_teleop:/home/yy/turtlebot3_ws/install/turtlebot3_example:/home/yy/robot_ws/install/test_para:/home/yy/robot_ws/install/test_num:/home/yy/robot_ws/install/tb3_move:/home/yy/robot_ws/install/ros2_aruco:/home/yy/robot_ws/install/move_turtle_pkg:/home/yy/robot_ws/install/m_pubsub:/home/yy/robot_ws/install/imgtran:/home/yy/robot_ws/install/examples_rclpy_minimal_subscriber:/home/yy/robot_ws/install/examples_rclpy_minimal_service:/home/yy/robot_ws/install/examples_rclpy_minimal_publisher:/home/yy/robot_ws/install/examples_rclpy_minimal_client:/home/yy/robot_ws/install/examples_rclpy_minimal_action_server:/home/yy/robot_ws/install/examples_rclpy_minimal_action_client:/home/yy/robot_ws/install/examples_rclpy_executors:/opt/ros/foxy /usr/bin/cmake --install /home/yy/robot_ws/build/v4l2_camera
[0.214s] -- Install configuration: ""
[0.214s] -- Execute custom install script
[0.215s] -- Up-to-date symlink: /home/yy/robot_ws/install/v4l2_camera/include/v4l2_camera/control.hpp
[0.216s] -- Up-to-date symlink: /home/yy/robot_ws/install/v4l2_camera/include/v4l2_camera/fourcc.hpp
[0.216s] -- Up-to-date symlink: /home/yy/robot_ws/install/v4l2_camera/include/v4l2_camera/image_format.hpp
[0.217s] -- Up-to-date symlink: /home/yy/robot_ws/install/v4l2_camera/include/v4l2_camera/pixel_format.hpp
[0.217s] -- Up-to-date symlink: /home/yy/robot_ws/install/v4l2_camera/include/v4l2_camera/v4l2_camera.hpp
[0.217s] -- Up-to-date symlink: /home/yy/robot_ws/install/v4l2_camera/include/v4l2_camera/v4l2_camera_device.hpp
[0.218s] -- Up-to-date symlink: /home/yy/robot_ws/install/v4l2_camera/include/v4l2_camera/visibility_control.h
[0.218s] -- Up-to-date symlink: /home/yy/robot_ws/install/v4l2_camera/share/v4l2_camera/environment/library_path.sh
[0.219s] -- Up-to-date symlink: /home/yy/robot_ws/install/v4l2_camera/share/v4l2_camera/environment/library_path.dsv
[0.219s] -- Up-to-date symlink: /home/yy/robot_ws/install/v4l2_camera/share/ament_index/resource_index/package_run_dependencies/v4l2_camera
[0.220s] -- Up-to-date symlink: /home/yy/robot_ws/install/v4l2_camera/share/ament_index/resource_index/parent_prefix_path/v4l2_camera
[0.220s] -- Up-to-date symlink: /home/yy/robot_ws/install/v4l2_camera/share/v4l2_camera/environment/ament_prefix_path.sh
[0.220s] -- Up-to-date symlink: /home/yy/robot_ws/install/v4l2_camera/share/v4l2_camera/environment/ament_prefix_path.dsv
[0.221s] -- Up-to-date symlink: /home/yy/robot_ws/install/v4l2_camera/share/v4l2_camera/environment/path.sh
[0.221s] -- Up-to-date symlink: /home/yy/robot_ws/install/v4l2_camera/share/v4l2_camera/environment/path.dsv
[0.222s] -- Up-to-date symlink: /home/yy/robot_ws/install/v4l2_camera/share/v4l2_camera/local_setup.bash
[0.222s] -- Up-to-date symlink: /home/yy/robot_ws/install/v4l2_camera/share/v4l2_camera/local_setup.sh
[0.223s] -- Up-to-date symlink: /home/yy/robot_ws/install/v4l2_camera/share/v4l2_camera/local_setup.zsh
[0.223s] -- Up-to-date symlink: /home/yy/robot_ws/install/v4l2_camera/share/v4l2_camera/local_setup.dsv
[0.223s] -- Symlinking: /home/yy/robot_ws/install/v4l2_camera/share/v4l2_camera/package.dsv
[0.237s] -- Up-to-date symlink: /home/yy/robot_ws/install/v4l2_camera/share/ament_index/resource_index/packages/v4l2_camera
[0.238s] -- Up-to-date symlink: /home/yy/robot_ws/install/v4l2_camera/share/ament_index/resource_index/rclcpp_components/v4l2_camera
[0.239s] -- Up-to-date symlink: /home/yy/robot_ws/install/v4l2_camera/share/v4l2_camera/cmake/ament_cmake_export_include_directories-extras.cmake
[0.239s] -- Up-to-date symlink: /home/yy/robot_ws/install/v4l2_camera/share/v4l2_camera/cmake/ament_cmake_export_targets-extras.cmake
[0.240s] -- Up-to-date symlink: /home/yy/robot_ws/install/v4l2_camera/share/v4l2_camera/cmake/ament_cmake_export_libraries-extras.cmake
[0.240s] -- Up-to-date symlink: /home/yy/robot_ws/install/v4l2_camera/share/v4l2_camera/cmake/ament_cmake_export_dependencies-extras.cmake
[0.240s] -- Up-to-date symlink: /home/yy/robot_ws/install/v4l2_camera/share/v4l2_camera/cmake/v4l2_cameraConfig.cmake
[0.241s] -- Up-to-date symlink: /home/yy/robot_ws/install/v4l2_camera/share/v4l2_camera/cmake/v4l2_cameraConfig-version.cmake
[0.242s] -- Up-to-date symlink: /home/yy/robot_ws/install/v4l2_camera/share/v4l2_camera/package.xml
[0.242s] -- Up-to-date: /home/yy/robot_ws/install/v4l2_camera/lib/libv4l2_camera.so
[0.243s] -- Up-to-date: /home/yy/robot_ws/install/v4l2_camera/lib/v4l2_camera/v4l2_camera_node
[0.244s] -- Up-to-date: /home/yy/robot_ws/install/v4l2_camera/lib/v4l2_camera/v4l2_camera_compose_test
[0.244s] -- Up-to-date: /home/yy/robot_ws/install/v4l2_camera/share/v4l2_camera/cmake/export_v4l2_cameraExport.cmake
[0.244s] -- Up-to-date: /home/yy/robot_ws/install/v4l2_camera/share/v4l2_camera/cmake/export_v4l2_cameraExport-noconfig.cmake
[0.249s] Invoked command in '/home/yy/robot_ws/build/v4l2_camera' returned '0': CMAKE_PREFIX_PATH=${CMAKE_PREFIX_PATH}:/home/yy/turtlebot3_ws/install/turtlebot3_teleop:/home/yy/turtlebot3_ws/install/turtlebot3_example:/home/yy/robot_ws/install/test_para:/home/yy/robot_ws/install/test_num:/home/yy/robot_ws/install/tb3_move:/home/yy/robot_ws/install/ros2_aruco:/home/yy/robot_ws/install/move_turtle_pkg:/home/yy/robot_ws/install/m_pubsub:/home/yy/robot_ws/install/imgtran:/home/yy/robot_ws/install/examples_rclpy_minimal_subscriber:/home/yy/robot_ws/install/examples_rclpy_minimal_service:/home/yy/robot_ws/install/examples_rclpy_minimal_publisher:/home/yy/robot_ws/install/examples_rclpy_minimal_client:/home/yy/robot_ws/install/examples_rclpy_minimal_action_server:/home/yy/robot_ws/install/examples_rclpy_minimal_action_client:/home/yy/robot_ws/install/examples_rclpy_executors:/opt/ros/foxy /usr/bin/cmake --install /home/yy/robot_ws/build/v4l2_camera
