[0.562s] Invoking command in '/home/yy/robot_ws/build/examples_rclpy_executors': PYTHONPATH=/home/yy/robot_ws/build/examples_rclpy_executors/prefix_override:/home/yy/robot_ws/install/examples_rclpy_executors/lib/python3.8/site-packages:${PYTHONPATH} /usr/bin/python3 setup.py develop --editable --build-directory /home/yy/robot_ws/build/examples_rclpy_executors/build --no-deps install_data
[0.764s] running develop
[0.920s] running egg_info
[0.920s] writing examples_rclpy_executors.egg-info/PKG-INFO
[0.921s] writing dependency_links to examples_rclpy_executors.egg-info/dependency_links.txt
[0.921s] writing entry points to examples_rclpy_executors.egg-info/entry_points.txt
[0.921s] writing requirements to examples_rclpy_executors.egg-info/requires.txt
[0.922s] writing top-level names to examples_rclpy_executors.egg-info/top_level.txt
[0.945s] reading manifest file 'examples_rclpy_executors.egg-info/SOURCES.txt'
[0.946s] writing manifest file 'examples_rclpy_executors.egg-info/SOURCES.txt'
[0.972s] running build_ext
[0.973s] Creating /home/yy/robot_ws/install/examples_rclpy_executors/lib/python3.8/site-packages/examples-rclpy-executors.egg-link (link to .)
[0.974s] Installing callback_group script to /home/yy/robot_ws/install/examples_rclpy_executors/lib/examples_rclpy_executors
[0.974s] Installing composed script to /home/yy/robot_ws/install/examples_rclpy_executors/lib/examples_rclpy_executors
[0.974s] Installing custom_callback_group script to /home/yy/robot_ws/install/examples_rclpy_executors/lib/examples_rclpy_executors
[0.975s] Installing custom_executor script to /home/yy/robot_ws/install/examples_rclpy_executors/lib/examples_rclpy_executors
[0.975s] Installing listener script to /home/yy/robot_ws/install/examples_rclpy_executors/lib/examples_rclpy_executors
[0.975s] Installing talker script to /home/yy/robot_ws/install/examples_rclpy_executors/lib/examples_rclpy_executors
[0.976s] 
[0.976s] Installed /home/yy/robot_ws/build/examples_rclpy_executors
[0.976s] running install_data
[0.996s] Invoked command in '/home/yy/robot_ws/build/examples_rclpy_executors' returned '0': PYTHONPATH=/home/yy/robot_ws/build/examples_rclpy_executors/prefix_override:/home/yy/robot_ws/install/examples_rclpy_executors/lib/python3.8/site-packages:${PYTHONPATH} /usr/bin/python3 setup.py develop --editable --build-directory /home/yy/robot_ws/build/examples_rclpy_executors/build --no-deps install_data
