[0.519s] Invoking command in '/home/yy/robot_ws/build/examples_rclpy_minimal_client': PYTHONPATH=/home/yy/robot_ws/build/examples_rclpy_minimal_client/prefix_override:/home/yy/robot_ws/install/examples_rclpy_minimal_client/lib/python3.8/site-packages:${PYTHONPATH} /usr/bin/python3 setup.py develop --editable --build-directory /home/yy/robot_ws/build/examples_rclpy_minimal_client/build --no-deps install_data
[0.720s] running develop
[0.819s] running egg_info
[0.819s] writing examples_rclpy_minimal_client.egg-info/PKG-INFO
[0.819s] writing dependency_links to examples_rclpy_minimal_client.egg-info/dependency_links.txt
[0.820s] writing entry points to examples_rclpy_minimal_client.egg-info/entry_points.txt
[0.820s] writing requirements to examples_rclpy_minimal_client.egg-info/requires.txt
[0.820s] writing top-level names to examples_rclpy_minimal_client.egg-info/top_level.txt
[0.842s] reading manifest file 'examples_rclpy_minimal_client.egg-info/SOURCES.txt'
[0.843s] writing manifest file 'examples_rclpy_minimal_client.egg-info/SOURCES.txt'
[0.866s] running build_ext
[0.866s] Creating /home/yy/robot_ws/install/examples_rclpy_minimal_client/lib/python3.8/site-packages/examples-rclpy-minimal-client.egg-link (link to .)
[0.867s] Installing client script to /home/yy/robot_ws/install/examples_rclpy_minimal_client/lib/examples_rclpy_minimal_client
[0.868s] Installing client_async script to /home/yy/robot_ws/install/examples_rclpy_minimal_client/lib/examples_rclpy_minimal_client
[0.868s] Installing client_async_callback script to /home/yy/robot_ws/install/examples_rclpy_minimal_client/lib/examples_rclpy_minimal_client
[0.868s] Installing client_async_member_function script to /home/yy/robot_ws/install/examples_rclpy_minimal_client/lib/examples_rclpy_minimal_client
[0.868s] 
[0.868s] Installed /home/yy/robot_ws/build/examples_rclpy_minimal_client
[0.869s] running install_data
[0.941s] Invoked command in '/home/yy/robot_ws/build/examples_rclpy_minimal_client' returned '0': PYTHONPATH=/home/yy/robot_ws/build/examples_rclpy_minimal_client/prefix_override:/home/yy/robot_ws/install/examples_rclpy_minimal_client/lib/python3.8/site-packages:${PYTHONPATH} /usr/bin/python3 setup.py develop --editable --build-directory /home/yy/robot_ws/build/examples_rclpy_minimal_client/build --no-deps install_data
