[0.581s] Invoking command in '/home/yy/robot_ws/build/examples_rclpy_minimal_action_server': PYTHONPATH=/home/yy/robot_ws/build/examples_rclpy_minimal_action_server/prefix_override:/home/yy/robot_ws/install/examples_rclpy_minimal_action_server/lib/python3.8/site-packages:${PYTHONPATH} /usr/bin/python3 setup.py develop --editable --build-directory /home/yy/robot_ws/build/examples_rclpy_minimal_action_server/build --no-deps install_data
[0.781s] running develop
[0.901s] running egg_info
[0.902s] writing examples_rclpy_minimal_action_server.egg-info/PKG-INFO
[0.902s] writing dependency_links to examples_rclpy_minimal_action_server.egg-info/dependency_links.txt
[0.903s] writing entry points to examples_rclpy_minimal_action_server.egg-info/entry_points.txt
[0.903s] writing requirements to examples_rclpy_minimal_action_server.egg-info/requires.txt
[0.904s] writing top-level names to examples_rclpy_minimal_action_server.egg-info/top_level.txt
[0.926s] reading manifest file 'examples_rclpy_minimal_action_server.egg-info/SOURCES.txt'
[0.927s] writing manifest file 'examples_rclpy_minimal_action_server.egg-info/SOURCES.txt'
[0.993s] running build_ext
[0.993s] Creating /home/yy/robot_ws/install/examples_rclpy_minimal_action_server/lib/python3.8/site-packages/examples-rclpy-minimal-action-server.egg-link (link to .)
[0.993s] Installing server script to /home/yy/robot_ws/install/examples_rclpy_minimal_action_server/lib/examples_rclpy_minimal_action_server
[0.993s] Installing server_defer script to /home/yy/robot_ws/install/examples_rclpy_minimal_action_server/lib/examples_rclpy_minimal_action_server
[0.993s] Installing server_not_composable script to /home/yy/robot_ws/install/examples_rclpy_minimal_action_server/lib/examples_rclpy_minimal_action_server
[0.994s] Installing server_queue_goals script to /home/yy/robot_ws/install/examples_rclpy_minimal_action_server/lib/examples_rclpy_minimal_action_server
[0.994s] Installing server_single_goal script to /home/yy/robot_ws/install/examples_rclpy_minimal_action_server/lib/examples_rclpy_minimal_action_server
[0.994s] 
[0.994s] Installed /home/yy/robot_ws/build/examples_rclpy_minimal_action_server
[0.994s] running install_data
[1.029s] Invoked command in '/home/yy/robot_ws/build/examples_rclpy_minimal_action_server' returned '0': PYTHONPATH=/home/yy/robot_ws/build/examples_rclpy_minimal_action_server/prefix_override:/home/yy/robot_ws/install/examples_rclpy_minimal_action_server/lib/python3.8/site-packages:${PYTHONPATH} /usr/bin/python3 setup.py develop --editable --build-directory /home/yy/robot_ws/build/examples_rclpy_minimal_action_server/build --no-deps install_data
