[1.005s] Invoking command in '/home/yy/robot_ws/build/examples_rclpy_minimal_service': PYTHONPATH=/home/yy/robot_ws/build/examples_rclpy_minimal_service/prefix_override:/home/yy/robot_ws/install/examples_rclpy_minimal_service/lib/python3.8/site-packages:${PYTHONPATH} /usr/bin/python3 setup.py develop --editable --build-directory /home/yy/robot_ws/build/examples_rclpy_minimal_service/build --no-deps install_data
[1.350s] running develop
[1.531s] running egg_info
[1.531s] creating examples_rclpy_minimal_service.egg-info
[1.539s] writing examples_rclpy_minimal_service.egg-info/PKG-INFO
[1.539s] writing dependency_links to examples_rclpy_minimal_service.egg-info/dependency_links.txt
[1.539s] writing entry points to examples_rclpy_minimal_service.egg-info/entry_points.txt
[1.539s] writing requirements to examples_rclpy_minimal_service.egg-info/requires.txt
[1.539s] writing top-level names to examples_rclpy_minimal_service.egg-info/top_level.txt
[1.540s] writing manifest file 'examples_rclpy_minimal_service.egg-info/SOURCES.txt'
[1.582s] reading manifest file 'examples_rclpy_minimal_service.egg-info/SOURCES.txt'
[1.583s] writing manifest file 'examples_rclpy_minimal_service.egg-info/SOURCES.txt'
[1.638s] running build_ext
[1.638s] Creating /home/yy/robot_ws/install/examples_rclpy_minimal_service/lib/python3.8/site-packages/site.py
[1.648s] Creating /home/yy/robot_ws/install/examples_rclpy_minimal_service/lib/python3.8/site-packages/examples-rclpy-minimal-service.egg-link (link to .)
[1.649s] Installing service script to /home/yy/robot_ws/install/examples_rclpy_minimal_service/lib/examples_rclpy_minimal_service
[1.649s] Installing service_member_function script to /home/yy/robot_ws/install/examples_rclpy_minimal_service/lib/examples_rclpy_minimal_service
[1.649s] 
[1.649s] Installed /home/yy/robot_ws/build/examples_rclpy_minimal_service
[1.649s] running install_data
[1.649s] creating /home/yy/robot_ws/install/examples_rclpy_minimal_service/share/ament_index
[1.649s] creating /home/yy/robot_ws/install/examples_rclpy_minimal_service/share/ament_index/resource_index
[1.649s] creating /home/yy/robot_ws/install/examples_rclpy_minimal_service/share/ament_index/resource_index/packages
[1.649s] copying resource/examples_rclpy_minimal_service -> /home/yy/robot_ws/install/examples_rclpy_minimal_service/share/ament_index/resource_index/packages
[1.649s] copying package.xml -> /home/yy/robot_ws/install/examples_rclpy_minimal_service/share/examples_rclpy_minimal_service
[1.686s] Invoked command in '/home/yy/robot_ws/build/examples_rclpy_minimal_service' returned '0': PYTHONPATH=/home/yy/robot_ws/build/examples_rclpy_minimal_service/prefix_override:/home/yy/robot_ws/install/examples_rclpy_minimal_service/lib/python3.8/site-packages:${PYTHONPATH} /usr/bin/python3 setup.py develop --editable --build-directory /home/yy/robot_ws/build/examples_rclpy_minimal_service/build --no-deps install_data
