[0.000000] (-) TimerEvent: {}
[0.000306] (-) JobUnselected: {'identifier': 'class_test_interfaces'}
[0.000333] (-) JobUnselected: {'identifier': 'examples_rclcpp_minimal_action_client'}
[0.000349] (-) JobUnselected: {'identifier': 'examples_rclcpp_minimal_action_server'}
[0.000363] (-) JobUnselected: {'identifier': 'examples_rclcpp_minimal_client'}
[0.000376] (-) JobUnselected: {'identifier': 'examples_rclcpp_minimal_composition'}
[0.000388] (-) JobUnselected: {'identifier': 'examples_rclcpp_minimal_publisher'}
[0.000399] (-) JobUnselected: {'identifier': 'examples_rclcpp_minimal_service'}
[0.000410] (-) JobUnselected: {'identifier': 'examples_rclcpp_minimal_subscriber'}
[0.000422] (-) JobUnselected: {'identifier': 'examples_rclcpp_minimal_timer'}
[0.000434] (-) JobUnselected: {'identifier': 'examples_rclcpp_multithreaded_executor'}
[0.000445] (-) JobUnselected: {'identifier': 'examples_rclpy_executors'}
[0.000456] (-) JobUnselected: {'identifier': 'examples_rclpy_minimal_action_client'}
[0.000467] (-) JobUnselected: {'identifier': 'examples_rclpy_minimal_action_server'}
[0.000478] (-) JobUnselected: {'identifier': 'examples_rclpy_minimal_client'}
[0.000488] (-) JobUnselected: {'identifier': 'examples_rclpy_minimal_publisher'}
[0.000499] (-) JobUnselected: {'identifier': 'examples_rclpy_minimal_service'}
[0.000510] (-) JobUnselected: {'identifier': 'examples_rclpy_minimal_subscriber'}
[0.000521] (-) JobUnselected: {'identifier': 'imgtran'}
[0.000530] (-) JobUnselected: {'identifier': 'm_pubsub'}
[0.000539] (-) JobUnselected: {'identifier': 'move_turtle_pkg'}
[0.000548] (-) JobUnselected: {'identifier': 'ros2_aruco'}
[0.000557] (-) JobUnselected: {'identifier': 'ros2_aruco_interfaces'}
[0.000566] (-) JobUnselected: {'identifier': 'tb3_move'}
[0.000575] (-) JobUnselected: {'identifier': 'test_num'}
[0.000583] (-) JobUnselected: {'identifier': 'test_para'}
[0.000592] (-) JobUnselected: {'identifier': 'v4l2_camera'}
[0.000601] (-) EventReactorShutdown: {}
