[0.547s] Invoking command in '/home/yy/robot_ws/build/examples_rclpy_executors': PYTHONPATH=/home/yy/robot_ws/build/examples_rclpy_executors/prefix_override:/home/yy/robot_ws/install/examples_rclpy_executors/lib/python3.8/site-packages:${PYTHONPATH} /usr/bin/python3 setup.py develop --editable --build-directory /home/yy/robot_ws/build/examples_rclpy_executors/build --no-deps install_data
[0.752s] running develop
[0.864s] running egg_info
[0.864s] writing examples_rclpy_executors.egg-info/PKG-INFO
[0.865s] writing dependency_links to examples_rclpy_executors.egg-info/dependency_links.txt
[0.866s] writing entry points to examples_rclpy_executors.egg-info/entry_points.txt
[0.866s] writing requirements to examples_rclpy_executors.egg-info/requires.txt
[0.867s] writing top-level names to examples_rclpy_executors.egg-info/top_level.txt
[0.890s] reading manifest file 'examples_rclpy_executors.egg-info/SOURCES.txt'
[0.891s] writing manifest file 'examples_rclpy_executors.egg-info/SOURCES.txt'
[0.921s] running build_ext
[0.921s] Creating /home/yy/robot_ws/install/examples_rclpy_executors/lib/python3.8/site-packages/examples-rclpy-executors.egg-link (link to .)
[0.922s] Installing callback_group script to /home/yy/robot_ws/install/examples_rclpy_executors/lib/examples_rclpy_executors
[0.923s] Installing composed script to /home/yy/robot_ws/install/examples_rclpy_executors/lib/examples_rclpy_executors
[0.923s] Installing custom_callback_group script to /home/yy/robot_ws/install/examples_rclpy_executors/lib/examples_rclpy_executors
[0.924s] Installing custom_executor script to /home/yy/robot_ws/install/examples_rclpy_executors/lib/examples_rclpy_executors
[0.924s] Installing listener script to /home/yy/robot_ws/install/examples_rclpy_executors/lib/examples_rclpy_executors
[0.924s] Installing talker script to /home/yy/robot_ws/install/examples_rclpy_executors/lib/examples_rclpy_executors
[0.925s] 
[0.925s] Installed /home/yy/robot_ws/build/examples_rclpy_executors
[0.925s] running install_data
[0.944s] Invoked command in '/home/yy/robot_ws/build/examples_rclpy_executors' returned '0': PYTHONPATH=/home/yy/robot_ws/build/examples_rclpy_executors/prefix_override:/home/yy/robot_ws/install/examples_rclpy_executors/lib/python3.8/site-packages:${PYTHONPATH} /usr/bin/python3 setup.py develop --editable --build-directory /home/yy/robot_ws/build/examples_rclpy_executors/build --no-deps install_data
