[0.029s] Invoking command in '/home/yy/robot_ws/build/v4l2_camera': CMAKE_PREFIX_PATH=${CMAKE_PREFIX_PATH}:/home/yy/turtlebot3_ws/install/turtlebot3_teleop:/home/yy/turtlebot3_ws/install/turtlebot3_example:/home/yy/robot_ws/install/test_para:/home/yy/robot_ws/install/test_num:/home/yy/robot_ws/install/tb3_move:/home/yy/robot_ws/install/ros2_aruco:/home/yy/robot_ws/install/move_turtle_pkg:/home/yy/robot_ws/install/m_pubsub:/home/yy/robot_ws/install/imgtran:/opt/ros/foxy /usr/bin/cmake /home/yy/robot_ws/src/v4l2_camera -DAMENT_CMAKE_SYMLINK_INSTALL=1 -DCMAKE_INSTALL_PREFIX=/home/yy/robot_ws/install/v4l2_camera
[0.162s] -- The C compiler identification is GNU 9.4.0
[0.284s] -- The CXX compiler identification is GNU 9.4.0
[0.286s] -- Check for working C compiler: /usr/bin/cc
[0.449s] -- Check for working C compiler: /usr/bin/cc -- works
[0.449s] -- Detecting C compiler ABI info
[0.605s] -- Detecting C compiler ABI info - done
[0.623s] -- Detecting C compile features
[0.623s] -- Detecting C compile features - done
[0.625s] -- Check for working CXX compiler: /usr/bin/c++
[0.809s] -- Check for working CXX compiler: /usr/bin/c++ -- works
[0.810s] -- Detecting CXX compiler ABI info
[0.939s] -- Detecting CXX compiler ABI info - done
[0.951s] -- Detecting CXX compile features
[0.952s] -- Detecting CXX compile features - done
[0.958s] -- Found ament_cmake: 0.9.11 (/opt/ros/foxy/share/ament_cmake/cmake)
[1.031s] -- Found PythonInterp: /usr/bin/python3 (found suitable version "3.8.10", minimum required is "3") 
[1.031s] -- Using PYTHON_EXECUTABLE: /usr/bin/python3
[1.330s] -- Override CMake install command with custom implementation using symlinks instead of copying resources
[1.390s] -- Found ament_cmake_ros: 0.9.2 (/opt/ros/foxy/share/ament_cmake_ros/cmake)
[1.421s] -- Found rclcpp: 2.4.2 (/opt/ros/foxy/share/rclcpp/cmake)
[1.527s] -- Using all available rosidl_typesupport_c: rosidl_typesupport_fastrtps_c;rosidl_typesupport_introspection_c
[1.542s] -- Found rosidl_adapter: 1.3.0 (/opt/ros/foxy/share/rosidl_adapter/cmake)
[1.726s] -- Found OpenSSL: /usr/lib/x86_64-linux-gnu/libcrypto.so (found version "1.1.1f")  
[1.771s] -- Found FastRTPS: /opt/ros/foxy/include  
[1.900s] -- Using all available rosidl_typesupport_cpp: rosidl_typesupport_fastrtps_cpp;rosidl_typesupport_introspection_cpp
[2.004s] -- Found rmw_implementation_cmake: 1.0.3 (/opt/ros/foxy/share/rmw_implementation_cmake/cmake)
[2.008s] -- Using RMW implementation 'rmw_fastrtps_cpp' as default
[2.009s] -- Looking for pthread.h
[2.160s] -- Looking for pthread.h - found
[2.162s] -- Performing Test CMAKE_HAVE_LIBC_PTHREAD
[2.270s] -- Performing Test CMAKE_HAVE_LIBC_PTHREAD - Failed
[2.271s] -- Looking for pthread_create in pthreads
[2.321s] -- Looking for pthread_create in pthreads - not found
[2.321s] -- Looking for pthread_create in pthread
[2.458s] -- Looking for pthread_create in pthread - found
[2.458s] -- Found Threads: TRUE  
[2.672s] -- Found rclcpp_components: 2.4.2 (/opt/ros/foxy/share/rclcpp_components/cmake)
[2.782s] -- Found image_transport: 2.4.0 (/opt/ros/foxy/share/image_transport/cmake)
[3.049s] -- Found camera_info_manager: 2.4.0 (/opt/ros/foxy/share/camera_info_manager/cmake)
[3.090s] -- Setting yaml-cpp_DIR to: '/opt/ros/foxy/share/yaml_cpp_vendor/cmake/../../../opt/yaml_cpp_vendor/lib/cmake/yaml-cpp'
[3.213s] -- Found ament_lint_auto: 0.9.7 (/opt/ros/foxy/share/ament_lint_auto/cmake)
[3.329s] -- Added test 'cppcheck' to perform static code analysis on C / C++ code
[3.329s] -- Configured cppcheck include dirs: $<BUILD_INTERFACE:/home/yy/robot_ws/src/v4l2_camera/include>
[3.329s] -- Configured cppcheck exclude dirs and/or files: 
[3.331s] -- Added test 'cpplint' to check C / C++ code against the Google style
[3.331s] -- Configured cpplint exclude dirs and/or files: 
[3.333s] -- Added test 'lint_cmake' to check CMake code style
[3.335s] -- Added test 'uncrustify' to check C / C++ code style
[3.335s] -- Configured uncrustify additional arguments: 
[3.336s] -- Added test 'xmllint' to check XML markup files
[3.341s] -- Configuring done
[3.391s] -- Generating done
[3.397s] -- Build files have been written to: /home/yy/robot_ws/build/v4l2_camera
[3.410s] Invoked command in '/home/yy/robot_ws/build/v4l2_camera' returned '0': CMAKE_PREFIX_PATH=${CMAKE_PREFIX_PATH}:/home/yy/turtlebot3_ws/install/turtlebot3_teleop:/home/yy/turtlebot3_ws/install/turtlebot3_example:/home/yy/robot_ws/install/test_para:/home/yy/robot_ws/install/test_num:/home/yy/robot_ws/install/tb3_move:/home/yy/robot_ws/install/ros2_aruco:/home/yy/robot_ws/install/move_turtle_pkg:/home/yy/robot_ws/install/m_pubsub:/home/yy/robot_ws/install/imgtran:/opt/ros/foxy /usr/bin/cmake /home/yy/robot_ws/src/v4l2_camera -DAMENT_CMAKE_SYMLINK_INSTALL=1 -DCMAKE_INSTALL_PREFIX=/home/yy/robot_ws/install/v4l2_camera
[3.411s] Invoking command in '/home/yy/robot_ws/build/v4l2_camera': CMAKE_PREFIX_PATH=${CMAKE_PREFIX_PATH}:/home/yy/turtlebot3_ws/install/turtlebot3_teleop:/home/yy/turtlebot3_ws/install/turtlebot3_example:/home/yy/robot_ws/install/test_para:/home/yy/robot_ws/install/test_num:/home/yy/robot_ws/install/tb3_move:/home/yy/robot_ws/install/ros2_aruco:/home/yy/robot_ws/install/move_turtle_pkg:/home/yy/robot_ws/install/m_pubsub:/home/yy/robot_ws/install/imgtran:/opt/ros/foxy /usr/bin/cmake --build /home/yy/robot_ws/build/v4l2_camera -- -j2 -l2
[3.499s] [35m[1mScanning dependencies of target v4l2_camera[0m
[3.598s] [ 14%] [32mBuilding CXX object CMakeFiles/v4l2_camera.dir/src/v4l2_camera.cpp.o[0m
[7.416s] [ 28%] [32mBuilding CXX object CMakeFiles/v4l2_camera.dir/src/v4l2_camera_device.cpp.o[0m
[9.333s] [ 42%] [32m[1mLinking CXX shared library libv4l2_camera.so[0m
[9.513s] [ 42%] Built target v4l2_camera
[9.521s] [35m[1mScanning dependencies of target v4l2_camera_compose_test[0m
[9.550s] [ 57%] [32mBuilding CXX object CMakeFiles/v4l2_camera_compose_test.dir/src/v4l2_camera_compose_test.cpp.o[0m
[12.995s] [ 71%] [32m[1mLinking CXX executable v4l2_camera_compose_test[0m
[13.191s] [ 71%] Built target v4l2_camera_compose_test
[13.198s] [35m[1mScanning dependencies of target v4l2_camera_node[0m
[13.238s] [ 85%] [32mBuilding CXX object CMakeFiles/v4l2_camera_node.dir/src/v4l2_camera_node.cpp.o[0m
[14.485s] [100%] [32m[1mLinking CXX executable v4l2_camera_node[0m
[14.598s] [100%] Built target v4l2_camera_node
[14.610s] Invoked command in '/home/yy/robot_ws/build/v4l2_camera' returned '0': CMAKE_PREFIX_PATH=${CMAKE_PREFIX_PATH}:/home/yy/turtlebot3_ws/install/turtlebot3_teleop:/home/yy/turtlebot3_ws/install/turtlebot3_example:/home/yy/robot_ws/install/test_para:/home/yy/robot_ws/install/test_num:/home/yy/robot_ws/install/tb3_move:/home/yy/robot_ws/install/ros2_aruco:/home/yy/robot_ws/install/move_turtle_pkg:/home/yy/robot_ws/install/m_pubsub:/home/yy/robot_ws/install/imgtran:/opt/ros/foxy /usr/bin/cmake --build /home/yy/robot_ws/build/v4l2_camera -- -j2 -l2
[14.631s] Invoking command in '/home/yy/robot_ws/build/v4l2_camera': CMAKE_PREFIX_PATH=${CMAKE_PREFIX_PATH}:/home/yy/turtlebot3_ws/install/turtlebot3_teleop:/home/yy/turtlebot3_ws/install/turtlebot3_example:/home/yy/robot_ws/install/test_para:/home/yy/robot_ws/install/test_num:/home/yy/robot_ws/install/tb3_move:/home/yy/robot_ws/install/ros2_aruco:/home/yy/robot_ws/install/move_turtle_pkg:/home/yy/robot_ws/install/m_pubsub:/home/yy/robot_ws/install/imgtran:/opt/ros/foxy /usr/bin/cmake --install /home/yy/robot_ws/build/v4l2_camera
[14.637s] -- Install configuration: ""
[14.638s] -- Execute custom install script
[14.638s] -- Symlinking: /home/yy/robot_ws/install/v4l2_camera/include/v4l2_camera/control.hpp
[14.646s] -- Symlinking: /home/yy/robot_ws/install/v4l2_camera/include/v4l2_camera/fourcc.hpp
[14.652s] -- Symlinking: /home/yy/robot_ws/install/v4l2_camera/include/v4l2_camera/image_format.hpp
[14.658s] -- Symlinking: /home/yy/robot_ws/install/v4l2_camera/include/v4l2_camera/pixel_format.hpp
[14.663s] -- Symlinking: /home/yy/robot_ws/install/v4l2_camera/include/v4l2_camera/v4l2_camera.hpp
[14.669s] -- Symlinking: /home/yy/robot_ws/install/v4l2_camera/include/v4l2_camera/v4l2_camera_device.hpp
[14.675s] -- Symlinking: /home/yy/robot_ws/install/v4l2_camera/include/v4l2_camera/visibility_control.h
[14.681s] -- Symlinking: /home/yy/robot_ws/install/v4l2_camera/share/v4l2_camera/environment/library_path.sh
[14.686s] -- Symlinking: /home/yy/robot_ws/install/v4l2_camera/share/v4l2_camera/environment/library_path.dsv
[14.691s] -- Symlinking: /home/yy/robot_ws/install/v4l2_camera/share/ament_index/resource_index/package_run_dependencies/v4l2_camera
[14.696s] -- Symlinking: /home/yy/robot_ws/install/v4l2_camera/share/ament_index/resource_index/parent_prefix_path/v4l2_camera
[14.703s] -- Symlinking: /home/yy/robot_ws/install/v4l2_camera/share/v4l2_camera/environment/ament_prefix_path.sh
[14.709s] -- Symlinking: /home/yy/robot_ws/install/v4l2_camera/share/v4l2_camera/environment/ament_prefix_path.dsv
[14.715s] -- Symlinking: /home/yy/robot_ws/install/v4l2_camera/share/v4l2_camera/environment/path.sh
[14.721s] -- Symlinking: /home/yy/robot_ws/install/v4l2_camera/share/v4l2_camera/environment/path.dsv
[14.727s] -- Symlinking: /home/yy/robot_ws/install/v4l2_camera/share/v4l2_camera/local_setup.bash
[14.734s] -- Symlinking: /home/yy/robot_ws/install/v4l2_camera/share/v4l2_camera/local_setup.sh
[14.740s] -- Symlinking: /home/yy/robot_ws/install/v4l2_camera/share/v4l2_camera/local_setup.zsh
[14.746s] -- Symlinking: /home/yy/robot_ws/install/v4l2_camera/share/v4l2_camera/local_setup.dsv
[14.752s] -- Symlinking: /home/yy/robot_ws/install/v4l2_camera/share/v4l2_camera/package.dsv
[14.758s] -- Symlinking: /home/yy/robot_ws/install/v4l2_camera/share/ament_index/resource_index/packages/v4l2_camera
[14.763s] -- Symlinking: /home/yy/robot_ws/install/v4l2_camera/share/ament_index/resource_index/rclcpp_components/v4l2_camera
[14.769s] -- Symlinking: /home/yy/robot_ws/install/v4l2_camera/share/v4l2_camera/cmake/ament_cmake_export_include_directories-extras.cmake
[14.774s] -- Symlinking: /home/yy/robot_ws/install/v4l2_camera/share/v4l2_camera/cmake/ament_cmake_export_targets-extras.cmake
[14.780s] -- Symlinking: /home/yy/robot_ws/install/v4l2_camera/share/v4l2_camera/cmake/ament_cmake_export_libraries-extras.cmake
[14.785s] -- Symlinking: /home/yy/robot_ws/install/v4l2_camera/share/v4l2_camera/cmake/ament_cmake_export_dependencies-extras.cmake
[14.791s] -- Symlinking: /home/yy/robot_ws/install/v4l2_camera/share/v4l2_camera/cmake/v4l2_cameraConfig.cmake
[14.796s] -- Symlinking: /home/yy/robot_ws/install/v4l2_camera/share/v4l2_camera/cmake/v4l2_cameraConfig-version.cmake
[14.801s] -- Symlinking: /home/yy/robot_ws/install/v4l2_camera/share/v4l2_camera/package.xml
[14.807s] -- Installing: /home/yy/robot_ws/install/v4l2_camera/lib/libv4l2_camera.so
[14.809s] -- Set runtime path of "/home/yy/robot_ws/install/v4l2_camera/lib/libv4l2_camera.so" to ""
[14.809s] -- Installing: /home/yy/robot_ws/install/v4l2_camera/lib/v4l2_camera/v4l2_camera_node
[14.810s] -- Set runtime path of "/home/yy/robot_ws/install/v4l2_camera/lib/v4l2_camera/v4l2_camera_node" to ""
[14.810s] -- Installing: /home/yy/robot_ws/install/v4l2_camera/lib/v4l2_camera/v4l2_camera_compose_test
[14.812s] -- Set runtime path of "/home/yy/robot_ws/install/v4l2_camera/lib/v4l2_camera/v4l2_camera_compose_test" to ""
[14.812s] -- Installing: /home/yy/robot_ws/install/v4l2_camera/share/v4l2_camera/cmake/export_v4l2_cameraExport.cmake
[14.812s] -- Installing: /home/yy/robot_ws/install/v4l2_camera/share/v4l2_camera/cmake/export_v4l2_cameraExport-noconfig.cmake
[14.817s] Invoked command in '/home/yy/robot_ws/build/v4l2_camera' returned '0': CMAKE_PREFIX_PATH=${CMAKE_PREFIX_PATH}:/home/yy/turtlebot3_ws/install/turtlebot3_teleop:/home/yy/turtlebot3_ws/install/turtlebot3_example:/home/yy/robot_ws/install/test_para:/home/yy/robot_ws/install/test_num:/home/yy/robot_ws/install/tb3_move:/home/yy/robot_ws/install/ros2_aruco:/home/yy/robot_ws/install/move_turtle_pkg:/home/yy/robot_ws/install/m_pubsub:/home/yy/robot_ws/install/imgtran:/opt/ros/foxy /usr/bin/cmake --install /home/yy/robot_ws/build/v4l2_camera
