[1.040s] Invoking command in '/home/yy/robot_ws/build/imgtran': PYTHONPATH=/home/yy/robot_ws/build/imgtran/prefix_override:/home/yy/robot_ws/install/imgtran/lib/python3.8/site-packages:${PYTHONPATH} /usr/bin/python3 setup.py develop --editable --build-directory /home/yy/robot_ws/build/imgtran/build --no-deps install_data
[1.396s] running develop
[1.621s] running egg_info
[1.621s] creating imgtran.egg-info
[1.621s] writing imgtran.egg-info/PKG-INFO
[1.621s] writing dependency_links to imgtran.egg-info/dependency_links.txt
[1.622s] writing entry points to imgtran.egg-info/entry_points.txt
[1.622s] writing requirements to imgtran.egg-info/requires.txt
[1.622s] writing top-level names to imgtran.egg-info/top_level.txt
[1.624s] writing manifest file 'imgtran.egg-info/SOURCES.txt'
[1.665s] reading manifest file 'imgtran.egg-info/SOURCES.txt'
[1.666s] writing manifest file 'imgtran.egg-info/SOURCES.txt'
[1.716s] running build_ext
[1.717s] Creating /home/yy/robot_ws/install/imgtran/lib/python3.8/site-packages/site.py
[1.719s] Creating /home/yy/robot_ws/install/imgtran/lib/python3.8/site-packages/imgtran.egg-link (link to .)
[1.720s] Installing followwaypoint script to /home/yy/robot_ws/install/imgtran/lib/imgtran
[1.721s] Installing imgtransfer script to /home/yy/robot_ws/install/imgtran/lib/imgtran
[1.721s] 
[1.721s] Installed /home/yy/robot_ws/build/imgtran
[1.721s] running install_data
[1.721s] creating /home/yy/robot_ws/install/imgtran/share/ament_index
[1.722s] creating /home/yy/robot_ws/install/imgtran/share/ament_index/resource_index
[1.722s] creating /home/yy/robot_ws/install/imgtran/share/ament_index/resource_index/packages
[1.722s] copying resource/imgtran -> /home/yy/robot_ws/install/imgtran/share/ament_index/resource_index/packages
[1.722s] copying package.xml -> /home/yy/robot_ws/install/imgtran/share/imgtran
[1.763s] Invoked command in '/home/yy/robot_ws/build/imgtran' returned '0': PYTHONPATH=/home/yy/robot_ws/build/imgtran/prefix_override:/home/yy/robot_ws/install/imgtran/lib/python3.8/site-packages:${PYTHONPATH} /usr/bin/python3 setup.py develop --editable --build-directory /home/yy/robot_ws/build/imgtran/build --no-deps install_data
