[0.077s] Invoking command in '/home/yy/robot_ws/build/camera_calibration_parsers': CMAKE_PREFIX_PATH=${CMAKE_PREFIX_PATH}:/home/yy/turtlebot3_ws/install/turtlebot3_teleop:/home/yy/turtlebot3_ws/install/turtlebot3_example:/home/yy/robot_ws/install/test_para:/home/yy/robot_ws/install/test_num:/home/yy/robot_ws/install/tb3_move:/home/yy/robot_ws/install/move_turtle_pkg:/home/yy/robot_ws/install/m_pubsub:/opt/ros/foxy /usr/bin/cmake --build /home/yy/robot_ws/build/camera_calibration_parsers -- -j2 -l2
[0.295s] [ 14%] Built target gtest
[0.402s] [ 42%] Built target camera_calibration_parsers
[0.447s] [ 57%] Built target gtest_main
[0.523s] [ 71%] Built target convert
[0.590s] [ 85%] Built target camera_calibration_parsers-parse_yml
[0.646s] [100%] Built target camera_calibration_parsers-parse_ini
[0.678s] Invoked command in '/home/yy/robot_ws/build/camera_calibration_parsers' returned '0': CMAKE_PREFIX_PATH=${CMAKE_PREFIX_PATH}:/home/yy/turtlebot3_ws/install/turtlebot3_teleop:/home/yy/turtlebot3_ws/install/turtlebot3_example:/home/yy/robot_ws/install/test_para:/home/yy/robot_ws/install/test_num:/home/yy/robot_ws/install/tb3_move:/home/yy/robot_ws/install/move_turtle_pkg:/home/yy/robot_ws/install/m_pubsub:/opt/ros/foxy /usr/bin/cmake --build /home/yy/robot_ws/build/camera_calibration_parsers -- -j2 -l2
[0.929s] Invoking command in '/home/yy/robot_ws/build/camera_calibration_parsers': CMAKE_PREFIX_PATH=${CMAKE_PREFIX_PATH}:/home/yy/turtlebot3_ws/install/turtlebot3_teleop:/home/yy/turtlebot3_ws/install/turtlebot3_example:/home/yy/robot_ws/install/test_para:/home/yy/robot_ws/install/test_num:/home/yy/robot_ws/install/tb3_move:/home/yy/robot_ws/install/move_turtle_pkg:/home/yy/robot_ws/install/m_pubsub:/opt/ros/foxy /usr/bin/cmake --install /home/yy/robot_ws/build/camera_calibration_parsers
[0.984s] -- Install configuration: ""
[0.999s] -- Execute custom install script
[1.000s] -- Up-to-date symlink: /home/yy/robot_ws/install/camera_calibration_parsers/lib/camera_calibration_parsers/convert
[1.004s] -- Up-to-date symlink: /home/yy/robot_ws/install/camera_calibration_parsers/include/camera_calibration_parsers/camera_calibration_parsers/parse.h
[1.004s] -- Up-to-date symlink: /home/yy/robot_ws/install/camera_calibration_parsers/include/camera_calibration_parsers/camera_calibration_parsers/parse.hpp
[1.004s] -- Up-to-date symlink: /home/yy/robot_ws/install/camera_calibration_parsers/include/camera_calibration_parsers/camera_calibration_parsers/parse_ini.h
[1.013s] -- Up-to-date symlink: /home/yy/robot_ws/install/camera_calibration_parsers/include/camera_calibration_parsers/camera_calibration_parsers/parse_ini.hpp
[1.016s] -- Up-to-date symlink: /home/yy/robot_ws/install/camera_calibration_parsers/include/camera_calibration_parsers/camera_calibration_parsers/parse_yml.h
[1.017s] -- Up-to-date symlink: /home/yy/robot_ws/install/camera_calibration_parsers/include/camera_calibration_parsers/camera_calibration_parsers/parse_yml.hpp
[1.017s] -- Up-to-date symlink: /home/yy/robot_ws/install/camera_calibration_parsers/include/camera_calibration_parsers/camera_calibration_parsers/visibility_control.hpp
[1.018s] -- Up-to-date symlink: /home/yy/robot_ws/install/camera_calibration_parsers/share/ament_index/resource_index/package_run_dependencies/camera_calibration_parsers
[1.021s] -- Up-to-date symlink: /home/yy/robot_ws/install/camera_calibration_parsers/share/ament_index/resource_index/parent_prefix_path/camera_calibration_parsers
[1.022s] -- Up-to-date symlink: /home/yy/robot_ws/install/camera_calibration_parsers/share/camera_calibration_parsers/environment/ament_prefix_path.sh
[1.023s] -- Up-to-date symlink: /home/yy/robot_ws/install/camera_calibration_parsers/share/camera_calibration_parsers/environment/ament_prefix_path.dsv
[1.023s] -- Up-to-date symlink: /home/yy/robot_ws/install/camera_calibration_parsers/share/camera_calibration_parsers/environment/path.sh
[1.025s] -- Up-to-date symlink: /home/yy/robot_ws/install/camera_calibration_parsers/share/camera_calibration_parsers/environment/path.dsv
[1.026s] -- Up-to-date symlink: /home/yy/robot_ws/install/camera_calibration_parsers/share/camera_calibration_parsers/local_setup.bash
[1.036s] -- Up-to-date symlink: /home/yy/robot_ws/install/camera_calibration_parsers/share/camera_calibration_parsers/local_setup.sh
[1.037s] -- Up-to-date symlink: /home/yy/robot_ws/install/camera_calibration_parsers/share/camera_calibration_parsers/local_setup.zsh
[1.038s] -- Up-to-date symlink: /home/yy/robot_ws/install/camera_calibration_parsers/share/camera_calibration_parsers/local_setup.dsv
[1.038s] -- Symlinking: /home/yy/robot_ws/install/camera_calibration_parsers/share/camera_calibration_parsers/package.dsv
[1.120s] -- Up-to-date symlink: /home/yy/robot_ws/install/camera_calibration_parsers/share/ament_index/resource_index/packages/camera_calibration_parsers
[1.120s] -- Up-to-date symlink: /home/yy/robot_ws/install/camera_calibration_parsers/share/camera_calibration_parsers/cmake/ament_cmake_export_targets-extras.cmake
[1.121s] -- Up-to-date symlink: /home/yy/robot_ws/install/camera_calibration_parsers/share/camera_calibration_parsers/cmake/ament_cmake_export_dependencies-extras.cmake
[1.124s] -- Up-to-date symlink: /home/yy/robot_ws/install/camera_calibration_parsers/share/camera_calibration_parsers/cmake/camera_calibration_parsersConfig.cmake
[1.125s] -- Up-to-date symlink: /home/yy/robot_ws/install/camera_calibration_parsers/share/camera_calibration_parsers/cmake/camera_calibration_parsersConfig-version.cmake
[1.125s] -- Up-to-date symlink: /home/yy/robot_ws/install/camera_calibration_parsers/share/camera_calibration_parsers/package.xml
[1.126s] -- Up-to-date: /home/yy/robot_ws/install/camera_calibration_parsers/lib/libcamera_calibration_parsers.so
[1.129s] -- Up-to-date: /home/yy/robot_ws/install/camera_calibration_parsers/share/camera_calibration_parsers/cmake/export_camera_calibration_parsersExport.cmake
[1.130s] -- Up-to-date: /home/yy/robot_ws/install/camera_calibration_parsers/share/camera_calibration_parsers/cmake/export_camera_calibration_parsersExport-noconfig.cmake
[1.135s] Invoked command in '/home/yy/robot_ws/build/camera_calibration_parsers' returned '0': CMAKE_PREFIX_PATH=${CMAKE_PREFIX_PATH}:/home/yy/turtlebot3_ws/install/turtlebot3_teleop:/home/yy/turtlebot3_ws/install/turtlebot3_example:/home/yy/robot_ws/install/test_para:/home/yy/robot_ws/install/test_num:/home/yy/robot_ws/install/tb3_move:/home/yy/robot_ws/install/move_turtle_pkg:/home/yy/robot_ws/install/m_pubsub:/opt/ros/foxy /usr/bin/cmake --install /home/yy/robot_ws/build/camera_calibration_parsers
