[0.739s] Invoking command in '/home/yy/robot_ws/build/examples_rclpy_executors': PYTHONPATH=/home/yy/robot_ws/build/examples_rclpy_executors/prefix_override:/home/yy/robot_ws/install/examples_rclpy_executors/lib/python3.8/site-packages:${PYTHONPATH} /usr/bin/python3 setup.py develop --editable --build-directory /home/yy/robot_ws/build/examples_rclpy_executors/build --no-deps install_data
[0.933s] running develop
[1.046s] running egg_info
[1.046s] writing examples_rclpy_executors.egg-info/PKG-INFO
[1.047s] writing dependency_links to examples_rclpy_executors.egg-info/dependency_links.txt
[1.047s] writing entry points to examples_rclpy_executors.egg-info/entry_points.txt
[1.048s] writing requirements to examples_rclpy_executors.egg-info/requires.txt
[1.048s] writing top-level names to examples_rclpy_executors.egg-info/top_level.txt
[1.077s] reading manifest file 'examples_rclpy_executors.egg-info/SOURCES.txt'
[1.077s] writing manifest file 'examples_rclpy_executors.egg-info/SOURCES.txt'
[1.110s] running build_ext
[1.111s] Creating /home/yy/robot_ws/install/examples_rclpy_executors/lib/python3.8/site-packages/examples-rclpy-executors.egg-link (link to .)
[1.112s] Installing callback_group script to /home/yy/robot_ws/install/examples_rclpy_executors/lib/examples_rclpy_executors
[1.112s] Installing composed script to /home/yy/robot_ws/install/examples_rclpy_executors/lib/examples_rclpy_executors
[1.113s] Installing custom_callback_group script to /home/yy/robot_ws/install/examples_rclpy_executors/lib/examples_rclpy_executors
[1.113s] Installing custom_executor script to /home/yy/robot_ws/install/examples_rclpy_executors/lib/examples_rclpy_executors
[1.113s] Installing listener script to /home/yy/robot_ws/install/examples_rclpy_executors/lib/examples_rclpy_executors
[1.113s] Installing talker script to /home/yy/robot_ws/install/examples_rclpy_executors/lib/examples_rclpy_executors
[1.114s] 
[1.114s] Installed /home/yy/robot_ws/build/examples_rclpy_executors
[1.114s] running install_data
[1.133s] Invoked command in '/home/yy/robot_ws/build/examples_rclpy_executors' returned '0': PYTHONPATH=/home/yy/robot_ws/build/examples_rclpy_executors/prefix_override:/home/yy/robot_ws/install/examples_rclpy_executors/lib/python3.8/site-packages:${PYTHONPATH} /usr/bin/python3 setup.py develop --editable --build-directory /home/yy/robot_ws/build/examples_rclpy_executors/build --no-deps install_data
