[0.071s] Invoking command in '/home/yy/robot_ws/build/examples_rclcpp_minimal_client': CMAKE_PREFIX_PATH=${CMAKE_PREFIX_PATH}:/home/yy/turtlebot3_ws/install/turtlebot3_teleop:/home/yy/turtlebot3_ws/install/turtlebot3_example:/home/yy/robot_ws/install/test_para:/home/yy/robot_ws/install/test_num:/home/yy/robot_ws/install/tb3_move:/home/yy/robot_ws/install/ros2_aruco:/home/yy/robot_ws/install/move_turtle_pkg:/home/yy/robot_ws/install/m_pubsub:/home/yy/robot_ws/install/imgtran:/home/yy/robot_ws/install/examples_rclpy_minimal_subscriber:/home/yy/robot_ws/install/examples_rclpy_minimal_service:/home/yy/robot_ws/install/examples_rclpy_minimal_publisher:/home/yy/robot_ws/install/examples_rclpy_minimal_client:/home/yy/robot_ws/install/examples_rclpy_minimal_action_server:/home/yy/robot_ws/install/examples_rclpy_minimal_action_client:/home/yy/robot_ws/install/examples_rclpy_executors:/opt/ros/foxy /usr/bin/cmake --build /home/yy/robot_ws/build/examples_rclcpp_minimal_client -- -j2 -l2
[0.177s] [100%] Built target client_main
[0.201s] Invoked command in '/home/yy/robot_ws/build/examples_rclcpp_minimal_client' returned '0': CMAKE_PREFIX_PATH=${CMAKE_PREFIX_PATH}:/home/yy/turtlebot3_ws/install/turtlebot3_teleop:/home/yy/turtlebot3_ws/install/turtlebot3_example:/home/yy/robot_ws/install/test_para:/home/yy/robot_ws/install/test_num:/home/yy/robot_ws/install/tb3_move:/home/yy/robot_ws/install/ros2_aruco:/home/yy/robot_ws/install/move_turtle_pkg:/home/yy/robot_ws/install/m_pubsub:/home/yy/robot_ws/install/imgtran:/home/yy/robot_ws/install/examples_rclpy_minimal_subscriber:/home/yy/robot_ws/install/examples_rclpy_minimal_service:/home/yy/robot_ws/install/examples_rclpy_minimal_publisher:/home/yy/robot_ws/install/examples_rclpy_minimal_client:/home/yy/robot_ws/install/examples_rclpy_minimal_action_server:/home/yy/robot_ws/install/examples_rclpy_minimal_action_client:/home/yy/robot_ws/install/examples_rclpy_executors:/opt/ros/foxy /usr/bin/cmake --build /home/yy/robot_ws/build/examples_rclcpp_minimal_client -- -j2 -l2
[0.247s] Invoking command in '/home/yy/robot_ws/build/examples_rclcpp_minimal_client': CMAKE_PREFIX_PATH=${CMAKE_PREFIX_PATH}:/home/yy/turtlebot3_ws/install/turtlebot3_teleop:/home/yy/turtlebot3_ws/install/turtlebot3_example:/home/yy/robot_ws/install/test_para:/home/yy/robot_ws/install/test_num:/home/yy/robot_ws/install/tb3_move:/home/yy/robot_ws/install/ros2_aruco:/home/yy/robot_ws/install/move_turtle_pkg:/home/yy/robot_ws/install/m_pubsub:/home/yy/robot_ws/install/imgtran:/home/yy/robot_ws/install/examples_rclpy_minimal_subscriber:/home/yy/robot_ws/install/examples_rclpy_minimal_service:/home/yy/robot_ws/install/examples_rclpy_minimal_publisher:/home/yy/robot_ws/install/examples_rclpy_minimal_client:/home/yy/robot_ws/install/examples_rclpy_minimal_action_server:/home/yy/robot_ws/install/examples_rclpy_minimal_action_client:/home/yy/robot_ws/install/examples_rclpy_executors:/opt/ros/foxy /usr/bin/cmake --install /home/yy/robot_ws/build/examples_rclcpp_minimal_client
[0.275s] -- Install configuration: ""
[0.275s] -- Execute custom install script
[0.276s] -- Up-to-date symlink: /home/yy/robot_ws/install/examples_rclcpp_minimal_client/lib/examples_rclcpp_minimal_client/client_main
[0.277s] -- Up-to-date symlink: /home/yy/robot_ws/install/examples_rclcpp_minimal_client/share/ament_index/resource_index/package_run_dependencies/examples_rclcpp_minimal_client
[0.277s] -- Up-to-date symlink: /home/yy/robot_ws/install/examples_rclcpp_minimal_client/share/ament_index/resource_index/parent_prefix_path/examples_rclcpp_minimal_client
[0.277s] -- Up-to-date symlink: /home/yy/robot_ws/install/examples_rclcpp_minimal_client/share/examples_rclcpp_minimal_client/environment/ament_prefix_path.sh
[0.278s] -- Up-to-date symlink: /home/yy/robot_ws/install/examples_rclcpp_minimal_client/share/examples_rclcpp_minimal_client/environment/ament_prefix_path.dsv
[0.278s] -- Up-to-date symlink: /home/yy/robot_ws/install/examples_rclcpp_minimal_client/share/examples_rclcpp_minimal_client/environment/path.sh
[0.278s] -- Up-to-date symlink: /home/yy/robot_ws/install/examples_rclcpp_minimal_client/share/examples_rclcpp_minimal_client/environment/path.dsv
[0.279s] -- Up-to-date symlink: /home/yy/robot_ws/install/examples_rclcpp_minimal_client/share/examples_rclcpp_minimal_client/local_setup.bash
[0.279s] -- Up-to-date symlink: /home/yy/robot_ws/install/examples_rclcpp_minimal_client/share/examples_rclcpp_minimal_client/local_setup.sh
[0.280s] -- Up-to-date symlink: /home/yy/robot_ws/install/examples_rclcpp_minimal_client/share/examples_rclcpp_minimal_client/local_setup.zsh
[0.280s] -- Up-to-date symlink: /home/yy/robot_ws/install/examples_rclcpp_minimal_client/share/examples_rclcpp_minimal_client/local_setup.dsv
[0.280s] -- Symlinking: /home/yy/robot_ws/install/examples_rclcpp_minimal_client/share/examples_rclcpp_minimal_client/package.dsv
[0.324s] -- Up-to-date symlink: /home/yy/robot_ws/install/examples_rclcpp_minimal_client/share/ament_index/resource_index/packages/examples_rclcpp_minimal_client
[0.325s] -- Up-to-date symlink: /home/yy/robot_ws/install/examples_rclcpp_minimal_client/share/examples_rclcpp_minimal_client/cmake/examples_rclcpp_minimal_clientConfig.cmake
[0.325s] -- Up-to-date symlink: /home/yy/robot_ws/install/examples_rclcpp_minimal_client/share/examples_rclcpp_minimal_client/cmake/examples_rclcpp_minimal_clientConfig-version.cmake
[0.325s] -- Up-to-date symlink: /home/yy/robot_ws/install/examples_rclcpp_minimal_client/share/examples_rclcpp_minimal_client/package.xml
[0.364s] Invoked command in '/home/yy/robot_ws/build/examples_rclcpp_minimal_client' returned '0': CMAKE_PREFIX_PATH=${CMAKE_PREFIX_PATH}:/home/yy/turtlebot3_ws/install/turtlebot3_teleop:/home/yy/turtlebot3_ws/install/turtlebot3_example:/home/yy/robot_ws/install/test_para:/home/yy/robot_ws/install/test_num:/home/yy/robot_ws/install/tb3_move:/home/yy/robot_ws/install/ros2_aruco:/home/yy/robot_ws/install/move_turtle_pkg:/home/yy/robot_ws/install/m_pubsub:/home/yy/robot_ws/install/imgtran:/home/yy/robot_ws/install/examples_rclpy_minimal_subscriber:/home/yy/robot_ws/install/examples_rclpy_minimal_service:/home/yy/robot_ws/install/examples_rclpy_minimal_publisher:/home/yy/robot_ws/install/examples_rclpy_minimal_client:/home/yy/robot_ws/install/examples_rclpy_minimal_action_server:/home/yy/robot_ws/install/examples_rclpy_minimal_action_client:/home/yy/robot_ws/install/examples_rclpy_executors:/opt/ros/foxy /usr/bin/cmake --install /home/yy/robot_ws/build/examples_rclcpp_minimal_client
