[0.648s] Invoking command in '/home/yy/robot_ws/build/examples_rclpy_minimal_action_server': PYTHONPATH=/home/yy/robot_ws/build/examples_rclpy_minimal_action_server/prefix_override:/home/yy/robot_ws/install/examples_rclpy_minimal_action_server/lib/python3.8/site-packages:${PYTHONPATH} /usr/bin/python3 setup.py develop --editable --build-directory /home/yy/robot_ws/build/examples_rclpy_minimal_action_server/build --no-deps install_data
[0.856s] running develop
[0.968s] running egg_info
[0.968s] writing examples_rclpy_minimal_action_server.egg-info/PKG-INFO
[0.968s] writing dependency_links to examples_rclpy_minimal_action_server.egg-info/dependency_links.txt
[0.969s] writing entry points to examples_rclpy_minimal_action_server.egg-info/entry_points.txt
[0.969s] writing requirements to examples_rclpy_minimal_action_server.egg-info/requires.txt
[0.970s] writing top-level names to examples_rclpy_minimal_action_server.egg-info/top_level.txt
[0.991s] reading manifest file 'examples_rclpy_minimal_action_server.egg-info/SOURCES.txt'
[0.992s] writing manifest file 'examples_rclpy_minimal_action_server.egg-info/SOURCES.txt'
[1.018s] running build_ext
[1.018s] Creating /home/yy/robot_ws/install/examples_rclpy_minimal_action_server/lib/python3.8/site-packages/examples-rclpy-minimal-action-server.egg-link (link to .)
[1.019s] Installing server script to /home/yy/robot_ws/install/examples_rclpy_minimal_action_server/lib/examples_rclpy_minimal_action_server
[1.020s] Installing server_defer script to /home/yy/robot_ws/install/examples_rclpy_minimal_action_server/lib/examples_rclpy_minimal_action_server
[1.020s] Installing server_not_composable script to /home/yy/robot_ws/install/examples_rclpy_minimal_action_server/lib/examples_rclpy_minimal_action_server
[1.020s] Installing server_queue_goals script to /home/yy/robot_ws/install/examples_rclpy_minimal_action_server/lib/examples_rclpy_minimal_action_server
[1.021s] Installing server_single_goal script to /home/yy/robot_ws/install/examples_rclpy_minimal_action_server/lib/examples_rclpy_minimal_action_server
[1.021s] 
[1.021s] Installed /home/yy/robot_ws/build/examples_rclpy_minimal_action_server
[1.021s] running install_data
[1.043s] Invoked command in '/home/yy/robot_ws/build/examples_rclpy_minimal_action_server' returned '0': PYTHONPATH=/home/yy/robot_ws/build/examples_rclpy_minimal_action_server/prefix_override:/home/yy/robot_ws/install/examples_rclpy_minimal_action_server/lib/python3.8/site-packages:${PYTHONPATH} /usr/bin/python3 setup.py develop --editable --build-directory /home/yy/robot_ws/build/examples_rclpy_minimal_action_server/build --no-deps install_data
