[0.998s] Invoking command in '/home/yy/robot_ws/build/examples_rclpy_minimal_client': PYTHONPATH=/home/yy/robot_ws/build/examples_rclpy_minimal_client/prefix_override:/home/yy/robot_ws/install/examples_rclpy_minimal_client/lib/python3.8/site-packages:${PYTHONPATH} /usr/bin/python3 setup.py develop --editable --build-directory /home/yy/robot_ws/build/examples_rclpy_minimal_client/build --no-deps install_data
[1.359s] running develop
[1.531s] running egg_info
[1.531s] creating examples_rclpy_minimal_client.egg-info
[1.532s] writing examples_rclpy_minimal_client.egg-info/PKG-INFO
[1.532s] writing dependency_links to examples_rclpy_minimal_client.egg-info/dependency_links.txt
[1.532s] writing entry points to examples_rclpy_minimal_client.egg-info/entry_points.txt
[1.532s] writing requirements to examples_rclpy_minimal_client.egg-info/requires.txt
[1.532s] writing top-level names to examples_rclpy_minimal_client.egg-info/top_level.txt
[1.545s] writing manifest file 'examples_rclpy_minimal_client.egg-info/SOURCES.txt'
[1.583s] reading manifest file 'examples_rclpy_minimal_client.egg-info/SOURCES.txt'
[1.584s] writing manifest file 'examples_rclpy_minimal_client.egg-info/SOURCES.txt'
[1.638s] running build_ext
[1.638s] Creating /home/yy/robot_ws/install/examples_rclpy_minimal_client/lib/python3.8/site-packages/site.py
[1.640s] Creating /home/yy/robot_ws/install/examples_rclpy_minimal_client/lib/python3.8/site-packages/examples-rclpy-minimal-client.egg-link (link to .)
[1.641s] Installing client script to /home/yy/robot_ws/install/examples_rclpy_minimal_client/lib/examples_rclpy_minimal_client
[1.641s] Installing client_async script to /home/yy/robot_ws/install/examples_rclpy_minimal_client/lib/examples_rclpy_minimal_client
[1.641s] Installing client_async_callback script to /home/yy/robot_ws/install/examples_rclpy_minimal_client/lib/examples_rclpy_minimal_client
[1.641s] Installing client_async_member_function script to /home/yy/robot_ws/install/examples_rclpy_minimal_client/lib/examples_rclpy_minimal_client
[1.641s] 
[1.641s] Installed /home/yy/robot_ws/build/examples_rclpy_minimal_client
[1.641s] running install_data
[1.641s] creating /home/yy/robot_ws/install/examples_rclpy_minimal_client/share/ament_index
[1.641s] creating /home/yy/robot_ws/install/examples_rclpy_minimal_client/share/ament_index/resource_index
[1.641s] creating /home/yy/robot_ws/install/examples_rclpy_minimal_client/share/ament_index/resource_index/packages
[1.641s] copying resource/examples_rclpy_minimal_client -> /home/yy/robot_ws/install/examples_rclpy_minimal_client/share/ament_index/resource_index/packages
[1.641s] copying package.xml -> /home/yy/robot_ws/install/examples_rclpy_minimal_client/share/examples_rclpy_minimal_client
[1.687s] Invoked command in '/home/yy/robot_ws/build/examples_rclpy_minimal_client' returned '0': PYTHONPATH=/home/yy/robot_ws/build/examples_rclpy_minimal_client/prefix_override:/home/yy/robot_ws/install/examples_rclpy_minimal_client/lib/python3.8/site-packages:${PYTHONPATH} /usr/bin/python3 setup.py develop --editable --build-directory /home/yy/robot_ws/build/examples_rclpy_minimal_client/build --no-deps install_data
