[0.064s] Invoking command in '/home/yy/robot_ws/build/camera_calibration_parsers': CMAKE_PREFIX_PATH=${CMAKE_PREFIX_PATH}:/home/yy/turtlebot3_ws/install/turtlebot3_teleop:/home/yy/turtlebot3_ws/install/turtlebot3_example:/home/yy/robot_ws/install/test_para:/home/yy/robot_ws/install/test_num:/home/yy/robot_ws/install/tb3_move:/home/yy/robot_ws/install/move_turtle_pkg:/home/yy/robot_ws/install/m_pubsub:/opt/ros/foxy /usr/bin/cmake --build /home/yy/robot_ws/build/camera_calibration_parsers -- -j2 -l2
[0.202s] [ 14%] Built target gtest
[0.264s] [ 42%] Built target camera_calibration_parsers
[0.291s] [ 57%] Built target gtest_main
[0.356s] [ 71%] Built target convert
[0.388s] [ 85%] Built target camera_calibration_parsers-parse_yml
[0.429s] [100%] Built target camera_calibration_parsers-parse_ini
[0.462s] Invoked command in '/home/yy/robot_ws/build/camera_calibration_parsers' returned '0': CMAKE_PREFIX_PATH=${CMAKE_PREFIX_PATH}:/home/yy/turtlebot3_ws/install/turtlebot3_teleop:/home/yy/turtlebot3_ws/install/turtlebot3_example:/home/yy/robot_ws/install/test_para:/home/yy/robot_ws/install/test_num:/home/yy/robot_ws/install/tb3_move:/home/yy/robot_ws/install/move_turtle_pkg:/home/yy/robot_ws/install/m_pubsub:/opt/ros/foxy /usr/bin/cmake --build /home/yy/robot_ws/build/camera_calibration_parsers -- -j2 -l2
[0.816s] Invoking command in '/home/yy/robot_ws/build/camera_calibration_parsers': CMAKE_PREFIX_PATH=${CMAKE_PREFIX_PATH}:/home/yy/turtlebot3_ws/install/turtlebot3_teleop:/home/yy/turtlebot3_ws/install/turtlebot3_example:/home/yy/robot_ws/install/test_para:/home/yy/robot_ws/install/test_num:/home/yy/robot_ws/install/tb3_move:/home/yy/robot_ws/install/move_turtle_pkg:/home/yy/robot_ws/install/m_pubsub:/opt/ros/foxy /usr/bin/cmake --install /home/yy/robot_ws/build/camera_calibration_parsers
[0.865s] -- Install configuration: ""
[0.866s] -- Execute custom install script
[0.867s] -- Up-to-date symlink: /home/yy/robot_ws/install/camera_calibration_parsers/lib/camera_calibration_parsers/convert
[0.868s] -- Up-to-date symlink: /home/yy/robot_ws/install/camera_calibration_parsers/include/camera_calibration_parsers/camera_calibration_parsers/parse.h
[0.868s] -- Up-to-date symlink: /home/yy/robot_ws/install/camera_calibration_parsers/include/camera_calibration_parsers/camera_calibration_parsers/parse.hpp
[0.868s] -- Up-to-date symlink: /home/yy/robot_ws/install/camera_calibration_parsers/include/camera_calibration_parsers/camera_calibration_parsers/parse_ini.h
[0.869s] -- Up-to-date symlink: /home/yy/robot_ws/install/camera_calibration_parsers/include/camera_calibration_parsers/camera_calibration_parsers/parse_ini.hpp
[0.869s] -- Up-to-date symlink: /home/yy/robot_ws/install/camera_calibration_parsers/include/camera_calibration_parsers/camera_calibration_parsers/parse_yml.h
[0.874s] -- Up-to-date symlink: /home/yy/robot_ws/install/camera_calibration_parsers/include/camera_calibration_parsers/camera_calibration_parsers/parse_yml.hpp
[0.874s] -- Up-to-date symlink: /home/yy/robot_ws/install/camera_calibration_parsers/include/camera_calibration_parsers/camera_calibration_parsers/visibility_control.hpp
[0.875s] -- Up-to-date symlink: /home/yy/robot_ws/install/camera_calibration_parsers/share/ament_index/resource_index/package_run_dependencies/camera_calibration_parsers
[0.875s] -- Up-to-date symlink: /home/yy/robot_ws/install/camera_calibration_parsers/share/ament_index/resource_index/parent_prefix_path/camera_calibration_parsers
[0.876s] -- Up-to-date symlink: /home/yy/robot_ws/install/camera_calibration_parsers/share/camera_calibration_parsers/environment/ament_prefix_path.sh
[0.876s] -- Up-to-date symlink: /home/yy/robot_ws/install/camera_calibration_parsers/share/camera_calibration_parsers/environment/ament_prefix_path.dsv
[0.877s] -- Up-to-date symlink: /home/yy/robot_ws/install/camera_calibration_parsers/share/camera_calibration_parsers/environment/path.sh
[0.877s] -- Up-to-date symlink: /home/yy/robot_ws/install/camera_calibration_parsers/share/camera_calibration_parsers/environment/path.dsv
[0.878s] -- Up-to-date symlink: /home/yy/robot_ws/install/camera_calibration_parsers/share/camera_calibration_parsers/local_setup.bash
[0.880s] -- Up-to-date symlink: /home/yy/robot_ws/install/camera_calibration_parsers/share/camera_calibration_parsers/local_setup.sh
[0.881s] -- Up-to-date symlink: /home/yy/robot_ws/install/camera_calibration_parsers/share/camera_calibration_parsers/local_setup.zsh
[0.881s] -- Up-to-date symlink: /home/yy/robot_ws/install/camera_calibration_parsers/share/camera_calibration_parsers/local_setup.dsv
[0.884s] -- Symlinking: /home/yy/robot_ws/install/camera_calibration_parsers/share/camera_calibration_parsers/package.dsv
[0.918s] -- Up-to-date symlink: /home/yy/robot_ws/install/camera_calibration_parsers/share/ament_index/resource_index/packages/camera_calibration_parsers
[0.918s] -- Up-to-date symlink: /home/yy/robot_ws/install/camera_calibration_parsers/share/camera_calibration_parsers/cmake/ament_cmake_export_targets-extras.cmake
[0.919s] -- Up-to-date symlink: /home/yy/robot_ws/install/camera_calibration_parsers/share/camera_calibration_parsers/cmake/ament_cmake_export_dependencies-extras.cmake
[0.919s] -- Up-to-date symlink: /home/yy/robot_ws/install/camera_calibration_parsers/share/camera_calibration_parsers/cmake/camera_calibration_parsersConfig.cmake
[0.920s] -- Up-to-date symlink: /home/yy/robot_ws/install/camera_calibration_parsers/share/camera_calibration_parsers/cmake/camera_calibration_parsersConfig-version.cmake
[0.920s] -- Up-to-date symlink: /home/yy/robot_ws/install/camera_calibration_parsers/share/camera_calibration_parsers/package.xml
[0.922s] -- Up-to-date: /home/yy/robot_ws/install/camera_calibration_parsers/lib/libcamera_calibration_parsers.so
[0.923s] -- Up-to-date: /home/yy/robot_ws/install/camera_calibration_parsers/share/camera_calibration_parsers/cmake/export_camera_calibration_parsersExport.cmake
[0.923s] -- Up-to-date: /home/yy/robot_ws/install/camera_calibration_parsers/share/camera_calibration_parsers/cmake/export_camera_calibration_parsersExport-noconfig.cmake
[0.927s] Invoked command in '/home/yy/robot_ws/build/camera_calibration_parsers' returned '0': CMAKE_PREFIX_PATH=${CMAKE_PREFIX_PATH}:/home/yy/turtlebot3_ws/install/turtlebot3_teleop:/home/yy/turtlebot3_ws/install/turtlebot3_example:/home/yy/robot_ws/install/test_para:/home/yy/robot_ws/install/test_num:/home/yy/robot_ws/install/tb3_move:/home/yy/robot_ws/install/move_turtle_pkg:/home/yy/robot_ws/install/m_pubsub:/opt/ros/foxy /usr/bin/cmake --install /home/yy/robot_ws/build/camera_calibration_parsers
