[  7%] [32mBuilding CXX object gtest/CMakeFiles/gtest.dir/src/gtest-all.cc.o[0m
[ 14%] [32m[1mLinking CXX static library libgtest.a[0m
[ 14%] Built target gtest
[ 21%] [32mBuilding CXX object CMakeFiles/camera_calibration_parsers.dir/src/parse.cpp.o[0m
[ 28%] [32mBuilding CXX object CMakeFiles/camera_calibration_parsers.dir/src/parse_ini.cpp.o[0m
[ 35%] [32mBuilding CXX object CMakeFiles/camera_calibration_parsers.dir/src/parse_yml.cpp.o[0m
[ 42%] [32m[1mLinking CXX shared library libcamera_calibration_parsers.so[0m
[ 42%] Built target camera_calibration_parsers
[35m[1mScanning dependencies of target gtest_main[0m
[ 50%] [32mBuilding CXX object gtest/CMakeFiles/gtest_main.dir/src/gtest_main.cc.o[0m
[ 57%] [32m[1mLinking CXX static library libgtest_main.a[0m
[ 57%] Built target gtest_main
[35m[1mScanning dependencies of target convert[0m
[ 64%] [32mBuilding CXX object CMakeFiles/convert.dir/src/convert.cpp.o[0m
[ 71%] [32m[1mLinking CXX executable convert[0m
[ 71%] Built target convert
[35m[1mScanning dependencies of target camera_calibration_parsers-parse_yml[0m
[ 78%] [32mBuilding CXX object CMakeFiles/camera_calibration_parsers-parse_yml.dir/test/test_parse_yml.cpp.o[0m
[ 85%] [32m[1mLinking CXX executable camera_calibration_parsers-parse_yml[0m
[ 85%] Built target camera_calibration_parsers-parse_yml
[35m[1mScanning dependencies of target camera_calibration_parsers-parse_ini[0m
[ 92%] [32mBuilding CXX object CMakeFiles/camera_calibration_parsers-parse_ini.dir/test/test_parse_ini.cpp.o[0m
[100%] [32m[1mLinking CXX executable camera_calibration_parsers-parse_ini[0m
[100%] Built target camera_calibration_parsers-parse_ini
-- Install configuration: ""
-- Execute custom install script
-- Symlinking: /home/yy/robot_ws/install/camera_calibration_parsers/lib/camera_calibration_parsers/convert
-- Symlinking: /home/yy/robot_ws/install/camera_calibration_parsers/include/camera_calibration_parsers/camera_calibration_parsers/parse.h
-- Symlinking: /home/yy/robot_ws/install/camera_calibration_parsers/include/camera_calibration_parsers/camera_calibration_parsers/parse.hpp
-- Symlinking: /home/yy/robot_ws/install/camera_calibration_parsers/include/camera_calibration_parsers/camera_calibration_parsers/parse_ini.h
-- Symlinking: /home/yy/robot_ws/install/camera_calibration_parsers/include/camera_calibration_parsers/camera_calibration_parsers/parse_ini.hpp
-- Symlinking: /home/yy/robot_ws/install/camera_calibration_parsers/include/camera_calibration_parsers/camera_calibration_parsers/parse_yml.h
-- Symlinking: /home/yy/robot_ws/install/camera_calibration_parsers/include/camera_calibration_parsers/camera_calibration_parsers/parse_yml.hpp
-- Symlinking: /home/yy/robot_ws/install/camera_calibration_parsers/include/camera_calibration_parsers/camera_calibration_parsers/visibility_control.hpp
-- Symlinking: /home/yy/robot_ws/install/camera_calibration_parsers/share/ament_index/resource_index/package_run_dependencies/camera_calibration_parsers
-- Symlinking: /home/yy/robot_ws/install/camera_calibration_parsers/share/ament_index/resource_index/parent_prefix_path/camera_calibration_parsers
-- Symlinking: /home/yy/robot_ws/install/camera_calibration_parsers/share/camera_calibration_parsers/environment/ament_prefix_path.sh
-- Symlinking: /home/yy/robot_ws/install/camera_calibration_parsers/share/camera_calibration_parsers/environment/ament_prefix_path.dsv
-- Symlinking: /home/yy/robot_ws/install/camera_calibration_parsers/share/camera_calibration_parsers/environment/path.sh
-- Symlinking: /home/yy/robot_ws/install/camera_calibration_parsers/share/camera_calibration_parsers/environment/path.dsv
-- Symlinking: /home/yy/robot_ws/install/camera_calibration_parsers/share/camera_calibration_parsers/local_setup.bash
-- Symlinking: /home/yy/robot_ws/install/camera_calibration_parsers/share/camera_calibration_parsers/local_setup.sh
-- Symlinking: /home/yy/robot_ws/install/camera_calibration_parsers/share/camera_calibration_parsers/local_setup.zsh
-- Symlinking: /home/yy/robot_ws/install/camera_calibration_parsers/share/camera_calibration_parsers/local_setup.dsv
-- Symlinking: /home/yy/robot_ws/install/camera_calibration_parsers/share/camera_calibration_parsers/package.dsv
-- Symlinking: /home/yy/robot_ws/install/camera_calibration_parsers/share/ament_index/resource_index/packages/camera_calibration_parsers
-- Symlinking: /home/yy/robot_ws/install/camera_calibration_parsers/share/camera_calibration_parsers/cmake/ament_cmake_export_targets-extras.cmake
-- Symlinking: /home/yy/robot_ws/install/camera_calibration_parsers/share/camera_calibration_parsers/cmake/ament_cmake_export_dependencies-extras.cmake
-- Symlinking: /home/yy/robot_ws/install/camera_calibration_parsers/share/camera_calibration_parsers/cmake/camera_calibration_parsersConfig.cmake
-- Symlinking: /home/yy/robot_ws/install/camera_calibration_parsers/share/camera_calibration_parsers/cmake/camera_calibration_parsersConfig-version.cmake
-- Symlinking: /home/yy/robot_ws/install/camera_calibration_parsers/share/camera_calibration_parsers/package.xml
-- Installing: /home/yy/robot_ws/install/camera_calibration_parsers/lib/libcamera_calibration_parsers.so
-- Set runtime path of "/home/yy/robot_ws/install/camera_calibration_parsers/lib/libcamera_calibration_parsers.so" to ""
-- Installing: /home/yy/robot_ws/install/camera_calibration_parsers/share/camera_calibration_parsers/cmake/export_camera_calibration_parsersExport.cmake
-- Installing: /home/yy/robot_ws/install/camera_calibration_parsers/share/camera_calibration_parsers/cmake/export_camera_calibration_parsersExport-noconfig.cmake
