[0.047s] Invoking command in '/home/yy/robot_ws/build/examples_rclcpp_minimal_timer': CMAKE_PREFIX_PATH=${CMAKE_PREFIX_PATH}:/home/yy/turtlebot3_ws/install/turtlebot3_teleop:/home/yy/turtlebot3_ws/install/turtlebot3_example:/home/yy/robot_ws/install/test_para:/home/yy/robot_ws/install/test_num:/home/yy/robot_ws/install/tb3_move:/home/yy/robot_ws/install/ros2_aruco:/home/yy/robot_ws/install/move_turtle_pkg:/home/yy/robot_ws/install/m_pubsub:/home/yy/robot_ws/install/imgtran:/home/yy/robot_ws/install/examples_rclpy_minimal_subscriber:/home/yy/robot_ws/install/examples_rclpy_minimal_service:/home/yy/robot_ws/install/examples_rclpy_minimal_publisher:/home/yy/robot_ws/install/examples_rclpy_minimal_client:/home/yy/robot_ws/install/examples_rclpy_minimal_action_server:/home/yy/robot_ws/install/examples_rclpy_minimal_action_client:/home/yy/robot_ws/install/examples_rclpy_executors:/opt/ros/foxy /usr/bin/cmake --build /home/yy/robot_ws/build/examples_rclcpp_minimal_timer -- -j2 -l2
[0.093s] [ 50%] Built target timer_member_function
[0.097s] [100%] Built target timer_lambda
[0.109s] Invoked command in '/home/yy/robot_ws/build/examples_rclcpp_minimal_timer' returned '0': CMAKE_PREFIX_PATH=${CMAKE_PREFIX_PATH}:/home/yy/turtlebot3_ws/install/turtlebot3_teleop:/home/yy/turtlebot3_ws/install/turtlebot3_example:/home/yy/robot_ws/install/test_para:/home/yy/robot_ws/install/test_num:/home/yy/robot_ws/install/tb3_move:/home/yy/robot_ws/install/ros2_aruco:/home/yy/robot_ws/install/move_turtle_pkg:/home/yy/robot_ws/install/m_pubsub:/home/yy/robot_ws/install/imgtran:/home/yy/robot_ws/install/examples_rclpy_minimal_subscriber:/home/yy/robot_ws/install/examples_rclpy_minimal_service:/home/yy/robot_ws/install/examples_rclpy_minimal_publisher:/home/yy/robot_ws/install/examples_rclpy_minimal_client:/home/yy/robot_ws/install/examples_rclpy_minimal_action_server:/home/yy/robot_ws/install/examples_rclpy_minimal_action_client:/home/yy/robot_ws/install/examples_rclpy_executors:/opt/ros/foxy /usr/bin/cmake --build /home/yy/robot_ws/build/examples_rclcpp_minimal_timer -- -j2 -l2
[0.131s] Invoking command in '/home/yy/robot_ws/build/examples_rclcpp_minimal_timer': CMAKE_PREFIX_PATH=${CMAKE_PREFIX_PATH}:/home/yy/turtlebot3_ws/install/turtlebot3_teleop:/home/yy/turtlebot3_ws/install/turtlebot3_example:/home/yy/robot_ws/install/test_para:/home/yy/robot_ws/install/test_num:/home/yy/robot_ws/install/tb3_move:/home/yy/robot_ws/install/ros2_aruco:/home/yy/robot_ws/install/move_turtle_pkg:/home/yy/robot_ws/install/m_pubsub:/home/yy/robot_ws/install/imgtran:/home/yy/robot_ws/install/examples_rclpy_minimal_subscriber:/home/yy/robot_ws/install/examples_rclpy_minimal_service:/home/yy/robot_ws/install/examples_rclpy_minimal_publisher:/home/yy/robot_ws/install/examples_rclpy_minimal_client:/home/yy/robot_ws/install/examples_rclpy_minimal_action_server:/home/yy/robot_ws/install/examples_rclpy_minimal_action_client:/home/yy/robot_ws/install/examples_rclpy_executors:/opt/ros/foxy /usr/bin/cmake --install /home/yy/robot_ws/build/examples_rclcpp_minimal_timer
[0.139s] -- Install configuration: ""
[0.140s] -- Execute custom install script
[0.141s] -- Up-to-date symlink: /home/yy/robot_ws/install/examples_rclcpp_minimal_timer/lib/examples_rclcpp_minimal_timer/timer_lambda
[0.141s] -- Up-to-date symlink: /home/yy/robot_ws/install/examples_rclcpp_minimal_timer/lib/examples_rclcpp_minimal_timer/timer_member_function
[0.141s] -- Up-to-date symlink: /home/yy/robot_ws/install/examples_rclcpp_minimal_timer/share/ament_index/resource_index/package_run_dependencies/examples_rclcpp_minimal_timer
[0.142s] -- Up-to-date symlink: /home/yy/robot_ws/install/examples_rclcpp_minimal_timer/share/ament_index/resource_index/parent_prefix_path/examples_rclcpp_minimal_timer
[0.142s] -- Up-to-date symlink: /home/yy/robot_ws/install/examples_rclcpp_minimal_timer/share/examples_rclcpp_minimal_timer/environment/ament_prefix_path.sh
[0.143s] -- Up-to-date symlink: /home/yy/robot_ws/install/examples_rclcpp_minimal_timer/share/examples_rclcpp_minimal_timer/environment/ament_prefix_path.dsv
[0.143s] -- Up-to-date symlink: /home/yy/robot_ws/install/examples_rclcpp_minimal_timer/share/examples_rclcpp_minimal_timer/environment/path.sh
[0.143s] -- Up-to-date symlink: /home/yy/robot_ws/install/examples_rclcpp_minimal_timer/share/examples_rclcpp_minimal_timer/environment/path.dsv
[0.144s] -- Up-to-date symlink: /home/yy/robot_ws/install/examples_rclcpp_minimal_timer/share/examples_rclcpp_minimal_timer/local_setup.bash
[0.144s] -- Up-to-date symlink: /home/yy/robot_ws/install/examples_rclcpp_minimal_timer/share/examples_rclcpp_minimal_timer/local_setup.sh
[0.145s] -- Up-to-date symlink: /home/yy/robot_ws/install/examples_rclcpp_minimal_timer/share/examples_rclcpp_minimal_timer/local_setup.zsh
[0.145s] -- Up-to-date symlink: /home/yy/robot_ws/install/examples_rclcpp_minimal_timer/share/examples_rclcpp_minimal_timer/local_setup.dsv
[0.145s] -- Symlinking: /home/yy/robot_ws/install/examples_rclcpp_minimal_timer/share/examples_rclcpp_minimal_timer/package.dsv
[0.152s] -- Up-to-date symlink: /home/yy/robot_ws/install/examples_rclcpp_minimal_timer/share/ament_index/resource_index/packages/examples_rclcpp_minimal_timer
[0.153s] -- Up-to-date symlink: /home/yy/robot_ws/install/examples_rclcpp_minimal_timer/share/examples_rclcpp_minimal_timer/cmake/examples_rclcpp_minimal_timerConfig.cmake
[0.153s] -- Up-to-date symlink: /home/yy/robot_ws/install/examples_rclcpp_minimal_timer/share/examples_rclcpp_minimal_timer/cmake/examples_rclcpp_minimal_timerConfig-version.cmake
[0.154s] -- Up-to-date symlink: /home/yy/robot_ws/install/examples_rclcpp_minimal_timer/share/examples_rclcpp_minimal_timer/package.xml
[0.159s] Invoked command in '/home/yy/robot_ws/build/examples_rclcpp_minimal_timer' returned '0': CMAKE_PREFIX_PATH=${CMAKE_PREFIX_PATH}:/home/yy/turtlebot3_ws/install/turtlebot3_teleop:/home/yy/turtlebot3_ws/install/turtlebot3_example:/home/yy/robot_ws/install/test_para:/home/yy/robot_ws/install/test_num:/home/yy/robot_ws/install/tb3_move:/home/yy/robot_ws/install/ros2_aruco:/home/yy/robot_ws/install/move_turtle_pkg:/home/yy/robot_ws/install/m_pubsub:/home/yy/robot_ws/install/imgtran:/home/yy/robot_ws/install/examples_rclpy_minimal_subscriber:/home/yy/robot_ws/install/examples_rclpy_minimal_service:/home/yy/robot_ws/install/examples_rclpy_minimal_publisher:/home/yy/robot_ws/install/examples_rclpy_minimal_client:/home/yy/robot_ws/install/examples_rclpy_minimal_action_server:/home/yy/robot_ws/install/examples_rclpy_minimal_action_client:/home/yy/robot_ws/install/examples_rclpy_executors:/opt/ros/foxy /usr/bin/cmake --install /home/yy/robot_ws/build/examples_rclcpp_minimal_timer
