[0.537s] Invoking command in '/home/yy/robot_ws/build/examples_rclpy_executors': PYTHONPATH=/home/yy/robot_ws/build/examples_rclpy_executors/prefix_override:/home/yy/robot_ws/install/examples_rclpy_executors/lib/python3.8/site-packages:${PYTHONPATH} /usr/bin/python3 setup.py develop --editable --build-directory /home/yy/robot_ws/build/examples_rclpy_executors/build --no-deps install_data
[0.715s] running develop
[0.813s] running egg_info
[0.813s] writing examples_rclpy_executors.egg-info/PKG-INFO
[0.813s] writing dependency_links to examples_rclpy_executors.egg-info/dependency_links.txt
[0.813s] writing entry points to examples_rclpy_executors.egg-info/entry_points.txt
[0.813s] writing requirements to examples_rclpy_executors.egg-info/requires.txt
[0.813s] writing top-level names to examples_rclpy_executors.egg-info/top_level.txt
[0.833s] reading manifest file 'examples_rclpy_executors.egg-info/SOURCES.txt'
[0.834s] writing manifest file 'examples_rclpy_executors.egg-info/SOURCES.txt'
[0.858s] running build_ext
[0.858s] Creating /home/yy/robot_ws/install/examples_rclpy_executors/lib/python3.8/site-packages/examples-rclpy-executors.egg-link (link to .)
[0.859s] Installing callback_group script to /home/yy/robot_ws/install/examples_rclpy_executors/lib/examples_rclpy_executors
[0.859s] Installing composed script to /home/yy/robot_ws/install/examples_rclpy_executors/lib/examples_rclpy_executors
[0.860s] Installing custom_callback_group script to /home/yy/robot_ws/install/examples_rclpy_executors/lib/examples_rclpy_executors
[0.860s] Installing custom_executor script to /home/yy/robot_ws/install/examples_rclpy_executors/lib/examples_rclpy_executors
[0.860s] Installing listener script to /home/yy/robot_ws/install/examples_rclpy_executors/lib/examples_rclpy_executors
[0.860s] Installing talker script to /home/yy/robot_ws/install/examples_rclpy_executors/lib/examples_rclpy_executors
[0.860s] 
[0.860s] Installed /home/yy/robot_ws/build/examples_rclpy_executors
[0.860s] running install_data
[0.881s] Invoked command in '/home/yy/robot_ws/build/examples_rclpy_executors' returned '0': PYTHONPATH=/home/yy/robot_ws/build/examples_rclpy_executors/prefix_override:/home/yy/robot_ws/install/examples_rclpy_executors/lib/python3.8/site-packages:${PYTHONPATH} /usr/bin/python3 setup.py develop --editable --build-directory /home/yy/robot_ws/build/examples_rclpy_executors/build --no-deps install_data
