Performing C SOURCE FILE Test CMAKE_HAVE_LIBC_PTHREAD failed with the following output:
Change Dir: /home/yy/robot_ws/build/camera_info_manager/CMakeFiles/CMakeTmp

Run Build Command(s):/usr/bin/make cmTC_306aa/fast && /usr/bin/make -f CMakeFiles/cmTC_306aa.dir/build.make CMakeFiles/cmTC_306aa.dir/build
make[1]: Entering directory '/home/yy/robot_ws/build/camera_info_manager/CMakeFiles/CMakeTmp'
Building C object CMakeFiles/cmTC_306aa.dir/src.c.o
/usr/bin/cc   -DCMAKE_HAVE_LIBC_PTHREAD   -o CMakeFiles/cmTC_306aa.dir/src.c.o   -c /home/yy/robot_ws/build/camera_info_manager/CMakeFiles/CMakeTmp/src.c
Linking C executable cmTC_306aa
/usr/bin/cmake -E cmake_link_script CMakeFiles/cmTC_306aa.dir/link.txt --verbose=1
/usr/bin/cc  -DCMAKE_HAVE_LIBC_PTHREAD    CMakeFiles/cmTC_306aa.dir/src.c.o  -o cmTC_306aa 
/usr/bin/ld: CMakeFiles/cmTC_306aa.dir/src.c.o: in function `main':
src.c:(.text+0x46): undefined reference to `pthread_create'
/usr/bin/ld: src.c:(.text+0x52): undefined reference to `pthread_detach'
/usr/bin/ld: src.c:(.text+0x63): undefined reference to `pthread_join'
collect2: error: ld returned 1 exit status
make[1]: *** [CMakeFiles/cmTC_306aa.dir/build.make:87: cmTC_306aa] Error 1
make[1]: Leaving directory '/home/yy/robot_ws/build/camera_info_manager/CMakeFiles/CMakeTmp'
make: *** [Makefile:121: cmTC_306aa/fast] Error 2


Source file was:
#include <pthread.h>

void* test_func(void* data)
{
  return data;
}

int main(void)
{
  pthread_t thread;
  pthread_create(&thread, NULL, test_func, NULL);
  pthread_detach(thread);
  pthread_join(thread, NULL);
  pthread_atfork(NULL, NULL, NULL);
  pthread_exit(NULL);

  return 0;
}

Determining if the function pthread_create exists in the pthreads failed with the following output:
Change Dir: /home/yy/robot_ws/build/camera_info_manager/CMakeFiles/CMakeTmp

Run Build Command(s):/usr/bin/make cmTC_36901/fast && /usr/bin/make -f CMakeFiles/cmTC_36901.dir/build.make CMakeFiles/cmTC_36901.dir/build
make[1]: Entering directory '/home/yy/robot_ws/build/camera_info_manager/CMakeFiles/CMakeTmp'
Building C object CMakeFiles/cmTC_36901.dir/CheckFunctionExists.c.o
/usr/bin/cc   -DCHECK_FUNCTION_EXISTS=pthread_create   -o CMakeFiles/cmTC_36901.dir/CheckFunctionExists.c.o   -c /usr/share/cmake-3.16/Modules/CheckFunctionExists.c
Linking C executable cmTC_36901
/usr/bin/cmake -E cmake_link_script CMakeFiles/cmTC_36901.dir/link.txt --verbose=1
/usr/bin/cc  -DCHECK_FUNCTION_EXISTS=pthread_create    CMakeFiles/cmTC_36901.dir/CheckFunctionExists.c.o  -o cmTC_36901  -lpthreads 
/usr/bin/ld: cannot find -lpthreads
collect2: error: ld returned 1 exit status
make[1]: *** [CMakeFiles/cmTC_36901.dir/build.make:87: cmTC_36901] Error 1
make[1]: Leaving directory '/home/yy/robot_ws/build/camera_info_manager/CMakeFiles/CMakeTmp'
make: *** [Makefile:121: cmTC_36901/fast] Error 2



