[0.936s] Invoking command in '/home/yy/robot_ws/build/imgtran': PYTHONPATH=/home/yy/robot_ws/build/imgtran/prefix_override:/home/yy/robot_ws/install/imgtran/lib/python3.8/site-packages:${PYTHONPATH} /usr/bin/python3 setup.py develop --editable --build-directory /home/yy/robot_ws/build/imgtran/build --no-deps install_data
[1.280s] running develop
[1.501s] running egg_info
[1.501s] creating imgtran.egg-info
[1.501s] writing imgtran.egg-info/PKG-INFO
[1.501s] writing dependency_links to imgtran.egg-info/dependency_links.txt
[1.501s] writing entry points to imgtran.egg-info/entry_points.txt
[1.501s] writing requirements to imgtran.egg-info/requires.txt
[1.501s] writing top-level names to imgtran.egg-info/top_level.txt
[1.504s] writing manifest file 'imgtran.egg-info/SOURCES.txt'
[1.561s] reading manifest file 'imgtran.egg-info/SOURCES.txt'
[1.561s] writing manifest file 'imgtran.egg-info/SOURCES.txt'
[1.585s] running build_ext
[1.585s] Creating /home/yy/robot_ws/install/imgtran/lib/python3.8/site-packages/imgtran.egg-link (link to .)
[1.585s] Installing followwaypoint script to /home/yy/robot_ws/install/imgtran/lib/imgtran
[1.585s] Installing imgtransfer script to /home/yy/robot_ws/install/imgtran/lib/imgtran
[1.585s] 
[1.585s] Installed /home/yy/robot_ws/build/imgtran
[1.585s] running install_data
[1.618s] Invoked command in '/home/yy/robot_ws/build/imgtran' returned '0': PYTHONPATH=/home/yy/robot_ws/build/imgtran/prefix_override:/home/yy/robot_ws/install/imgtran/lib/python3.8/site-packages:${PYTHONPATH} /usr/bin/python3 setup.py develop --editable --build-directory /home/yy/robot_ws/build/imgtran/build --no-deps install_data
