[0.012s] Invoking command in '/home/yy/robot_ws/build/examples_rclcpp_minimal_action_server': CMAKE_PREFIX_PATH=${CMAKE_PREFIX_PATH}:/home/yy/turtlebot3_ws/install/turtlebot3_teleop:/home/yy/turtlebot3_ws/install/turtlebot3_example:/home/yy/robot_ws/install/test_para:/home/yy/robot_ws/install/test_num:/home/yy/robot_ws/install/tb3_move:/home/yy/robot_ws/install/ros2_aruco:/home/yy/robot_ws/install/move_turtle_pkg:/home/yy/robot_ws/install/m_pubsub:/home/yy/robot_ws/install/imgtran:/home/yy/robot_ws/install/examples_rclpy_minimal_subscriber:/home/yy/robot_ws/install/examples_rclpy_minimal_service:/home/yy/robot_ws/install/examples_rclpy_minimal_publisher:/home/yy/robot_ws/install/examples_rclpy_minimal_client:/home/yy/robot_ws/install/examples_rclpy_minimal_action_server:/home/yy/robot_ws/install/examples_rclpy_minimal_action_client:/home/yy/robot_ws/install/examples_rclpy_executors:/opt/ros/foxy /usr/bin/cmake --build /home/yy/robot_ws/build/examples_rclcpp_minimal_action_server -- -j2 -l2
[0.082s] [ 50%] Built target action_server_not_composable
[0.086s] [100%] Built target action_server_member_functions
[0.096s] Invoked command in '/home/yy/robot_ws/build/examples_rclcpp_minimal_action_server' returned '0': CMAKE_PREFIX_PATH=${CMAKE_PREFIX_PATH}:/home/yy/turtlebot3_ws/install/turtlebot3_teleop:/home/yy/turtlebot3_ws/install/turtlebot3_example:/home/yy/robot_ws/install/test_para:/home/yy/robot_ws/install/test_num:/home/yy/robot_ws/install/tb3_move:/home/yy/robot_ws/install/ros2_aruco:/home/yy/robot_ws/install/move_turtle_pkg:/home/yy/robot_ws/install/m_pubsub:/home/yy/robot_ws/install/imgtran:/home/yy/robot_ws/install/examples_rclpy_minimal_subscriber:/home/yy/robot_ws/install/examples_rclpy_minimal_service:/home/yy/robot_ws/install/examples_rclpy_minimal_publisher:/home/yy/robot_ws/install/examples_rclpy_minimal_client:/home/yy/robot_ws/install/examples_rclpy_minimal_action_server:/home/yy/robot_ws/install/examples_rclpy_minimal_action_client:/home/yy/robot_ws/install/examples_rclpy_executors:/opt/ros/foxy /usr/bin/cmake --build /home/yy/robot_ws/build/examples_rclcpp_minimal_action_server -- -j2 -l2
[0.120s] Invoking command in '/home/yy/robot_ws/build/examples_rclcpp_minimal_action_server': CMAKE_PREFIX_PATH=${CMAKE_PREFIX_PATH}:/home/yy/turtlebot3_ws/install/turtlebot3_teleop:/home/yy/turtlebot3_ws/install/turtlebot3_example:/home/yy/robot_ws/install/test_para:/home/yy/robot_ws/install/test_num:/home/yy/robot_ws/install/tb3_move:/home/yy/robot_ws/install/ros2_aruco:/home/yy/robot_ws/install/move_turtle_pkg:/home/yy/robot_ws/install/m_pubsub:/home/yy/robot_ws/install/imgtran:/home/yy/robot_ws/install/examples_rclpy_minimal_subscriber:/home/yy/robot_ws/install/examples_rclpy_minimal_service:/home/yy/robot_ws/install/examples_rclpy_minimal_publisher:/home/yy/robot_ws/install/examples_rclpy_minimal_client:/home/yy/robot_ws/install/examples_rclpy_minimal_action_server:/home/yy/robot_ws/install/examples_rclpy_minimal_action_client:/home/yy/robot_ws/install/examples_rclpy_executors:/opt/ros/foxy /usr/bin/cmake --install /home/yy/robot_ws/build/examples_rclcpp_minimal_action_server
[0.150s] -- Install configuration: ""
[0.152s] -- Execute custom install script
[0.154s] -- Up-to-date symlink: /home/yy/robot_ws/install/examples_rclcpp_minimal_action_server/lib/examples_rclcpp_minimal_action_server/action_server_not_composable
[0.159s] -- Up-to-date symlink: /home/yy/robot_ws/install/examples_rclcpp_minimal_action_server/lib/examples_rclcpp_minimal_action_server/action_server_member_functions
[0.159s] -- Up-to-date symlink: /home/yy/robot_ws/install/examples_rclcpp_minimal_action_server/share/ament_index/resource_index/package_run_dependencies/examples_rclcpp_minimal_action_server
[0.160s] -- Up-to-date symlink: /home/yy/robot_ws/install/examples_rclcpp_minimal_action_server/share/ament_index/resource_index/parent_prefix_path/examples_rclcpp_minimal_action_server
[0.161s] -- Up-to-date symlink: /home/yy/robot_ws/install/examples_rclcpp_minimal_action_server/share/examples_rclcpp_minimal_action_server/environment/ament_prefix_path.sh
[0.161s] -- Up-to-date symlink: /home/yy/robot_ws/install/examples_rclcpp_minimal_action_server/share/examples_rclcpp_minimal_action_server/environment/ament_prefix_path.dsv
[0.162s] -- Up-to-date symlink: /home/yy/robot_ws/install/examples_rclcpp_minimal_action_server/share/examples_rclcpp_minimal_action_server/environment/path.sh
[0.163s] -- Up-to-date symlink: /home/yy/robot_ws/install/examples_rclcpp_minimal_action_server/share/examples_rclcpp_minimal_action_server/environment/path.dsv
[0.163s] -- Up-to-date symlink: /home/yy/robot_ws/install/examples_rclcpp_minimal_action_server/share/examples_rclcpp_minimal_action_server/local_setup.bash
[0.164s] -- Up-to-date symlink: /home/yy/robot_ws/install/examples_rclcpp_minimal_action_server/share/examples_rclcpp_minimal_action_server/local_setup.sh
[0.164s] -- Up-to-date symlink: /home/yy/robot_ws/install/examples_rclcpp_minimal_action_server/share/examples_rclcpp_minimal_action_server/local_setup.zsh
[0.165s] -- Up-to-date symlink: /home/yy/robot_ws/install/examples_rclcpp_minimal_action_server/share/examples_rclcpp_minimal_action_server/local_setup.dsv
[0.165s] -- Symlinking: /home/yy/robot_ws/install/examples_rclcpp_minimal_action_server/share/examples_rclcpp_minimal_action_server/package.dsv
[0.175s] -- Up-to-date symlink: /home/yy/robot_ws/install/examples_rclcpp_minimal_action_server/share/ament_index/resource_index/packages/examples_rclcpp_minimal_action_server
[0.176s] -- Up-to-date symlink: /home/yy/robot_ws/install/examples_rclcpp_minimal_action_server/share/examples_rclcpp_minimal_action_server/cmake/examples_rclcpp_minimal_action_serverConfig.cmake
[0.176s] -- Up-to-date symlink: /home/yy/robot_ws/install/examples_rclcpp_minimal_action_server/share/examples_rclcpp_minimal_action_server/cmake/examples_rclcpp_minimal_action_serverConfig-version.cmake
[0.177s] -- Up-to-date symlink: /home/yy/robot_ws/install/examples_rclcpp_minimal_action_server/share/examples_rclcpp_minimal_action_server/package.xml
[0.178s] Invoked command in '/home/yy/robot_ws/build/examples_rclcpp_minimal_action_server' returned '0': CMAKE_PREFIX_PATH=${CMAKE_PREFIX_PATH}:/home/yy/turtlebot3_ws/install/turtlebot3_teleop:/home/yy/turtlebot3_ws/install/turtlebot3_example:/home/yy/robot_ws/install/test_para:/home/yy/robot_ws/install/test_num:/home/yy/robot_ws/install/tb3_move:/home/yy/robot_ws/install/ros2_aruco:/home/yy/robot_ws/install/move_turtle_pkg:/home/yy/robot_ws/install/m_pubsub:/home/yy/robot_ws/install/imgtran:/home/yy/robot_ws/install/examples_rclpy_minimal_subscriber:/home/yy/robot_ws/install/examples_rclpy_minimal_service:/home/yy/robot_ws/install/examples_rclpy_minimal_publisher:/home/yy/robot_ws/install/examples_rclpy_minimal_client:/home/yy/robot_ws/install/examples_rclpy_minimal_action_server:/home/yy/robot_ws/install/examples_rclpy_minimal_action_client:/home/yy/robot_ws/install/examples_rclpy_executors:/opt/ros/foxy /usr/bin/cmake --install /home/yy/robot_ws/build/examples_rclcpp_minimal_action_server
