[1.143s] Invoking command in '/home/yy/robot_ws/build/examples_rclpy_executors': PYTHONPATH=/home/yy/robot_ws/build/examples_rclpy_executors/prefix_override:/home/yy/robot_ws/install/examples_rclpy_executors/lib/python3.8/site-packages:${PYTHONPATH} /usr/bin/python3 setup.py develop --editable --build-directory /home/yy/robot_ws/build/examples_rclpy_executors/build --no-deps install_data
[1.391s] running develop
[1.621s] running egg_info
[1.621s] writing examples_rclpy_executors.egg-info/PKG-INFO
[1.621s] writing dependency_links to examples_rclpy_executors.egg-info/dependency_links.txt
[1.622s] writing entry points to examples_rclpy_executors.egg-info/entry_points.txt
[1.622s] writing requirements to examples_rclpy_executors.egg-info/requires.txt
[1.626s] writing top-level names to examples_rclpy_executors.egg-info/top_level.txt
[1.686s] reading manifest file 'examples_rclpy_executors.egg-info/SOURCES.txt'
[1.686s] writing manifest file 'examples_rclpy_executors.egg-info/SOURCES.txt'
[1.745s] running build_ext
[1.750s] Creating /home/yy/robot_ws/install/examples_rclpy_executors/lib/python3.8/site-packages/examples-rclpy-executors.egg-link (link to .)
[1.750s] Installing callback_group script to /home/yy/robot_ws/install/examples_rclpy_executors/lib/examples_rclpy_executors
[1.750s] Installing composed script to /home/yy/robot_ws/install/examples_rclpy_executors/lib/examples_rclpy_executors
[1.751s] Installing custom_callback_group script to /home/yy/robot_ws/install/examples_rclpy_executors/lib/examples_rclpy_executors
[1.751s] Installing custom_executor script to /home/yy/robot_ws/install/examples_rclpy_executors/lib/examples_rclpy_executors
[1.751s] Installing listener script to /home/yy/robot_ws/install/examples_rclpy_executors/lib/examples_rclpy_executors
[1.751s] Installing talker script to /home/yy/robot_ws/install/examples_rclpy_executors/lib/examples_rclpy_executors
[1.751s] 
[1.751s] Installed /home/yy/robot_ws/build/examples_rclpy_executors
[1.751s] running install_data
[1.850s] Invoked command in '/home/yy/robot_ws/build/examples_rclpy_executors' returned '0': PYTHONPATH=/home/yy/robot_ws/build/examples_rclpy_executors/prefix_override:/home/yy/robot_ws/install/examples_rclpy_executors/lib/python3.8/site-packages:${PYTHONPATH} /usr/bin/python3 setup.py develop --editable --build-directory /home/yy/robot_ws/build/examples_rclpy_executors/build --no-deps install_data
