[0.241s] DEBUG:colcon:Command line arguments: ['/usr/bin/colcon', 'build', '--symlink-install']
[0.241s] DEBUG:colcon:Parsed command line arguments: Namespace(allow_overriding=[], ament_cmake_args=None, base_paths=['.'], build_base='build', catkin_cmake_args=None, catkin_skip_building_tests=False, cmake_args=None, cmake_clean_cache=False, cmake_clean_first=False, cmake_force_configure=False, cmake_target=None, cmake_target_skip_unavailable=False, continue_on_error=False, event_handlers=None, executor='parallel', ignore_user_meta=False, install_base='install', log_base=None, log_level=None, main=<bound method BuildVerb.main of <colcon_core.verb.build.BuildVerb object at 0x7fd65e9da940>>, merge_install=False, metas=['./colcon.meta'], packages_above=None, packages_above_and_dependencies=None, packages_above_depth=None, packages_end=None, packages_ignore=None, packages_ignore_regex=None, packages_select=None, packages_select_build_failed=False, packages_select_by_dep=None, packages_select_regex=None, packages_select_test_failures=False, packages_skip=None, packages_skip_build_finished=False, packages_skip_by_dep=None, packages_skip_regex=None, packages_skip_test_passed=False, packages_skip_up_to=None, packages_start=None, packages_up_to=None, packages_up_to_regex=None, parallel_workers=2, paths=None, symlink_install=True, test_result_base=None, verb_extension=<colcon_core.verb.build.BuildVerb object at 0x7fd65e9da940>, verb_name='build', verb_parser=<colcon_defaults.argument_parser.defaults.DefaultArgumentsDecorator object at 0x7fd65e9daeb0>)
[0.275s] Level 1:colcon.colcon_core.package_discovery:discover_packages(colcon_meta) check parameters
[0.276s] Level 1:colcon.colcon_core.package_discovery:discover_packages(recursive) check parameters
[0.276s] Level 1:colcon.colcon_core.package_discovery:discover_packages(ignore) check parameters
[0.276s] Level 1:colcon.colcon_core.package_discovery:discover_packages(path) check parameters
[0.276s] Level 1:colcon.colcon_core.package_discovery:discover_packages(colcon_meta) discover
[0.276s] Level 1:colcon.colcon_core.package_discovery:discover_packages(recursive) discover
[0.276s] INFO:colcon.colcon_core.package_discovery:Crawling recursively for packages in '/home/yy/robot_ws'
[0.276s] Level 1:colcon.colcon_core.package_identification:_identify(.) by extensions ['ignore', 'ignore_ament_install']
[0.276s] Level 1:colcon.colcon_core.package_identification:_identify(.) by extension 'ignore'
[0.277s] Level 1:colcon.colcon_core.package_identification:_identify(.) by extension 'ignore_ament_install'
[0.277s] Level 1:colcon.colcon_core.package_identification:_identify(.) by extensions ['colcon_pkg']
[0.277s] Level 1:colcon.colcon_core.package_identification:_identify(.) by extension 'colcon_pkg'
[0.277s] Level 1:colcon.colcon_core.package_identification:_identify(.) by extensions ['colcon_meta']
[0.277s] Level 1:colcon.colcon_core.package_identification:_identify(.) by extension 'colcon_meta'
[0.277s] Level 1:colcon.colcon_core.package_identification:_identify(.) by extensions ['ros']
[0.277s] Level 1:colcon.colcon_core.package_identification:_identify(.) by extension 'ros'
[0.301s] Level 1:colcon.colcon_core.package_identification:_identify(.) by extensions ['cmake', 'python']
[0.301s] Level 1:colcon.colcon_core.package_identification:_identify(.) by extension 'cmake'
[0.301s] Level 1:colcon.colcon_core.package_identification:_identify(.) by extension 'python'
[0.301s] Level 1:colcon.colcon_core.package_identification:_identify(.) by extensions ['python_setup_py']
[0.301s] Level 1:colcon.colcon_core.package_identification:_identify(.) by extension 'python_setup_py'
[0.301s] Level 1:colcon.colcon_core.package_identification:_identify(build) by extensions ['ignore', 'ignore_ament_install']
[0.302s] Level 1:colcon.colcon_core.package_identification:_identify(build) by extension 'ignore'
[0.302s] Level 1:colcon.colcon_core.package_identification:_identify(build) ignored
[0.302s] Level 1:colcon.colcon_core.package_identification:_identify(install) by extensions ['ignore', 'ignore_ament_install']
[0.302s] Level 1:colcon.colcon_core.package_identification:_identify(install) by extension 'ignore'
[0.302s] Level 1:colcon.colcon_core.package_identification:_identify(install) ignored
[0.302s] Level 1:colcon.colcon_core.package_identification:_identify(log) by extensions ['ignore', 'ignore_ament_install']
[0.303s] Level 1:colcon.colcon_core.package_identification:_identify(log) by extension 'ignore'
[0.303s] Level 1:colcon.colcon_core.package_identification:_identify(log) ignored
[0.303s] Level 1:colcon.colcon_core.package_identification:_identify(src) by extensions ['ignore', 'ignore_ament_install']
[0.303s] Level 1:colcon.colcon_core.package_identification:_identify(src) by extension 'ignore'
[0.303s] Level 1:colcon.colcon_core.package_identification:_identify(src) by extension 'ignore_ament_install'
[0.303s] Level 1:colcon.colcon_core.package_identification:_identify(src) by extensions ['colcon_pkg']
[0.303s] Level 1:colcon.colcon_core.package_identification:_identify(src) by extension 'colcon_pkg'
[0.303s] Level 1:colcon.colcon_core.package_identification:_identify(src) by extensions ['colcon_meta']
[0.303s] Level 1:colcon.colcon_core.package_identification:_identify(src) by extension 'colcon_meta'
[0.303s] Level 1:colcon.colcon_core.package_identification:_identify(src) by extensions ['ros']
[0.304s] Level 1:colcon.colcon_core.package_identification:_identify(src) by extension 'ros'
[0.304s] Level 1:colcon.colcon_core.package_identification:_identify(src) by extensions ['cmake', 'python']
[0.304s] Level 1:colcon.colcon_core.package_identification:_identify(src) by extension 'cmake'
[0.304s] Level 1:colcon.colcon_core.package_identification:_identify(src) by extension 'python'
[0.304s] Level 1:colcon.colcon_core.package_identification:_identify(src) by extensions ['python_setup_py']
[0.304s] Level 1:colcon.colcon_core.package_identification:_identify(src) by extension 'python_setup_py'
[0.304s] Level 1:colcon.colcon_core.package_identification:_identify(src/build) by extensions ['ignore', 'ignore_ament_install']
[0.304s] Level 1:colcon.colcon_core.package_identification:_identify(src/build) by extension 'ignore'
[0.304s] Level 1:colcon.colcon_core.package_identification:_identify(src/build) ignored
[0.305s] Level 1:colcon.colcon_core.package_identification:_identify(src/class_test_interfaces) by extensions ['ignore', 'ignore_ament_install']
[0.305s] Level 1:colcon.colcon_core.package_identification:_identify(src/class_test_interfaces) by extension 'ignore'
[0.305s] Level 1:colcon.colcon_core.package_identification:_identify(src/class_test_interfaces) by extension 'ignore_ament_install'
[0.305s] Level 1:colcon.colcon_core.package_identification:_identify(src/class_test_interfaces) by extensions ['colcon_pkg']
[0.305s] Level 1:colcon.colcon_core.package_identification:_identify(src/class_test_interfaces) by extension 'colcon_pkg'
[0.305s] Level 1:colcon.colcon_core.package_identification:_identify(src/class_test_interfaces) by extensions ['colcon_meta']
[0.305s] Level 1:colcon.colcon_core.package_identification:_identify(src/class_test_interfaces) by extension 'colcon_meta'
[0.305s] Level 1:colcon.colcon_core.package_identification:_identify(src/class_test_interfaces) by extensions ['ros']
[0.305s] Level 1:colcon.colcon_core.package_identification:_identify(src/class_test_interfaces) by extension 'ros'
[0.308s] DEBUG:colcon.colcon_core.package_identification:Package 'src/class_test_interfaces' with type 'ros.ament_cmake' and name 'class_test_interfaces'
[0.309s] Level 1:colcon.colcon_core.package_identification:_identify(src/install) by extensions ['ignore', 'ignore_ament_install']
[0.309s] Level 1:colcon.colcon_core.package_identification:_identify(src/install) by extension 'ignore'
[0.309s] Level 1:colcon.colcon_core.package_identification:_identify(src/install) ignored
[0.309s] Level 1:colcon.colcon_core.package_identification:_identify(src/log) by extensions ['ignore', 'ignore_ament_install']
[0.309s] Level 1:colcon.colcon_core.package_identification:_identify(src/log) by extension 'ignore'
[0.309s] Level 1:colcon.colcon_core.package_identification:_identify(src/log) ignored
[0.309s] Level 1:colcon.colcon_core.package_identification:_identify(src/m_pubsub) by extensions ['ignore', 'ignore_ament_install']
[0.310s] Level 1:colcon.colcon_core.package_identification:_identify(src/m_pubsub) by extension 'ignore'
[0.310s] Level 1:colcon.colcon_core.package_identification:_identify(src/m_pubsub) by extension 'ignore_ament_install'
[0.310s] Level 1:colcon.colcon_core.package_identification:_identify(src/m_pubsub) by extensions ['colcon_pkg']
[0.310s] Level 1:colcon.colcon_core.package_identification:_identify(src/m_pubsub) by extension 'colcon_pkg'
[0.310s] Level 1:colcon.colcon_core.package_identification:_identify(src/m_pubsub) by extensions ['colcon_meta']
[0.310s] Level 1:colcon.colcon_core.package_identification:_identify(src/m_pubsub) by extension 'colcon_meta'
[0.310s] Level 1:colcon.colcon_core.package_identification:_identify(src/m_pubsub) by extensions ['ros']
[0.310s] Level 1:colcon.colcon_core.package_identification:_identify(src/m_pubsub) by extension 'ros'
[0.311s] DEBUG:colcon.colcon_core.package_identification:Package 'src/m_pubsub' with type 'ros.ament_python' and name 'm_pubsub'
[0.311s] Level 1:colcon.colcon_core.package_identification:_identify(src/move_turtle_pkg) by extensions ['ignore', 'ignore_ament_install']
[0.311s] Level 1:colcon.colcon_core.package_identification:_identify(src/move_turtle_pkg) by extension 'ignore'
[0.311s] Level 1:colcon.colcon_core.package_identification:_identify(src/move_turtle_pkg) by extension 'ignore_ament_install'
[0.311s] Level 1:colcon.colcon_core.package_identification:_identify(src/move_turtle_pkg) by extensions ['colcon_pkg']
[0.311s] Level 1:colcon.colcon_core.package_identification:_identify(src/move_turtle_pkg) by extension 'colcon_pkg'
[0.312s] Level 1:colcon.colcon_core.package_identification:_identify(src/move_turtle_pkg) by extensions ['colcon_meta']
[0.312s] Level 1:colcon.colcon_core.package_identification:_identify(src/move_turtle_pkg) by extension 'colcon_meta'
[0.312s] Level 1:colcon.colcon_core.package_identification:_identify(src/move_turtle_pkg) by extensions ['ros']
[0.312s] Level 1:colcon.colcon_core.package_identification:_identify(src/move_turtle_pkg) by extension 'ros'
[0.312s] DEBUG:colcon.colcon_core.package_identification:Package 'src/move_turtle_pkg' with type 'ros.ament_python' and name 'move_turtle_pkg'
[0.313s] Level 1:colcon.colcon_core.package_identification:_identify(src/test_num) by extensions ['ignore', 'ignore_ament_install']
[0.313s] Level 1:colcon.colcon_core.package_identification:_identify(src/test_num) by extension 'ignore'
[0.313s] Level 1:colcon.colcon_core.package_identification:_identify(src/test_num) by extension 'ignore_ament_install'
[0.313s] Level 1:colcon.colcon_core.package_identification:_identify(src/test_num) by extensions ['colcon_pkg']
[0.313s] Level 1:colcon.colcon_core.package_identification:_identify(src/test_num) by extension 'colcon_pkg'
[0.313s] Level 1:colcon.colcon_core.package_identification:_identify(src/test_num) by extensions ['colcon_meta']
[0.313s] Level 1:colcon.colcon_core.package_identification:_identify(src/test_num) by extension 'colcon_meta'
[0.313s] Level 1:colcon.colcon_core.package_identification:_identify(src/test_num) by extensions ['ros']
[0.313s] Level 1:colcon.colcon_core.package_identification:_identify(src/test_num) by extension 'ros'
[0.314s] DEBUG:colcon.colcon_core.package_identification:Package 'src/test_num' with type 'ros.ament_python' and name 'test_num'
[0.314s] Level 1:colcon.colcon_core.package_discovery:discover_packages(recursive) using defaults
[0.314s] Level 1:colcon.colcon_core.package_discovery:discover_packages(ignore) discover
[0.314s] Level 1:colcon.colcon_core.package_discovery:discover_packages(ignore) using defaults
[0.314s] Level 1:colcon.colcon_core.package_discovery:discover_packages(path) discover
[0.314s] Level 1:colcon.colcon_core.package_discovery:discover_packages(path) using defaults
[0.349s] Level 1:colcon.colcon_core.package_discovery:discover_packages(prefix_path) check parameters
[0.349s] Level 1:colcon.colcon_core.package_discovery:discover_packages(prefix_path) discover
[0.354s] DEBUG:colcon.colcon_installed_package_information.package_discovery:Found 4 installed packages in /home/yy/robot_ws/install
[0.357s] DEBUG:colcon.colcon_installed_package_information.package_discovery:Found 258 installed packages in /opt/ros/foxy
[0.359s] Level 1:colcon.colcon_core.package_discovery:discover_packages(prefix_path) using defaults
[0.453s] Level 5:colcon.colcon_core.verb:set package 'class_test_interfaces' build argument 'cmake_args' from command line to 'None'
[0.453s] Level 5:colcon.colcon_core.verb:set package 'class_test_interfaces' build argument 'cmake_target' from command line to 'None'
[0.453s] Level 5:colcon.colcon_core.verb:set package 'class_test_interfaces' build argument 'cmake_target_skip_unavailable' from command line to 'False'
[0.453s] Level 5:colcon.colcon_core.verb:set package 'class_test_interfaces' build argument 'cmake_clean_cache' from command line to 'False'
[0.453s] Level 5:colcon.colcon_core.verb:set package 'class_test_interfaces' build argument 'cmake_clean_first' from command line to 'False'
[0.454s] Level 5:colcon.colcon_core.verb:set package 'class_test_interfaces' build argument 'cmake_force_configure' from command line to 'False'
[0.454s] Level 5:colcon.colcon_core.verb:set package 'class_test_interfaces' build argument 'ament_cmake_args' from command line to 'None'
[0.454s] Level 5:colcon.colcon_core.verb:set package 'class_test_interfaces' build argument 'catkin_cmake_args' from command line to 'None'
[0.454s] Level 5:colcon.colcon_core.verb:set package 'class_test_interfaces' build argument 'catkin_skip_building_tests' from command line to 'False'
[0.454s] DEBUG:colcon.colcon_core.verb:Building package 'class_test_interfaces' with the following arguments: {'ament_cmake_args': None, 'build_base': '/home/yy/robot_ws/build/class_test_interfaces', 'catkin_cmake_args': None, 'catkin_skip_building_tests': False, 'cmake_args': None, 'cmake_clean_cache': False, 'cmake_clean_first': False, 'cmake_force_configure': False, 'cmake_target': None, 'cmake_target_skip_unavailable': False, 'install_base': '/home/yy/robot_ws/install/class_test_interfaces', 'merge_install': False, 'path': '/home/yy/robot_ws/src/class_test_interfaces', 'symlink_install': True, 'test_result_base': None}
[0.456s] Level 5:colcon.colcon_core.verb:set package 'm_pubsub' build argument 'cmake_args' from command line to 'None'
[0.456s] Level 5:colcon.colcon_core.verb:set package 'm_pubsub' build argument 'cmake_target' from command line to 'None'
[0.456s] Level 5:colcon.colcon_core.verb:set package 'm_pubsub' build argument 'cmake_target_skip_unavailable' from command line to 'False'
[0.456s] Level 5:colcon.colcon_core.verb:set package 'm_pubsub' build argument 'cmake_clean_cache' from command line to 'False'
[0.456s] Level 5:colcon.colcon_core.verb:set package 'm_pubsub' build argument 'cmake_clean_first' from command line to 'False'
[0.456s] Level 5:colcon.colcon_core.verb:set package 'm_pubsub' build argument 'cmake_force_configure' from command line to 'False'
[0.456s] Level 5:colcon.colcon_core.verb:set package 'm_pubsub' build argument 'ament_cmake_args' from command line to 'None'
[0.456s] Level 5:colcon.colcon_core.verb:set package 'm_pubsub' build argument 'catkin_cmake_args' from command line to 'None'
[0.456s] Level 5:colcon.colcon_core.verb:set package 'm_pubsub' build argument 'catkin_skip_building_tests' from command line to 'False'
[0.456s] DEBUG:colcon.colcon_core.verb:Building package 'm_pubsub' with the following arguments: {'ament_cmake_args': None, 'build_base': '/home/yy/robot_ws/build/m_pubsub', 'catkin_cmake_args': None, 'catkin_skip_building_tests': False, 'cmake_args': None, 'cmake_clean_cache': False, 'cmake_clean_first': False, 'cmake_force_configure': False, 'cmake_target': None, 'cmake_target_skip_unavailable': False, 'install_base': '/home/yy/robot_ws/install/m_pubsub', 'merge_install': False, 'path': '/home/yy/robot_ws/src/m_pubsub', 'symlink_install': True, 'test_result_base': None}
[0.459s] Level 5:colcon.colcon_core.verb:set package 'move_turtle_pkg' build argument 'cmake_args' from command line to 'None'
[0.459s] Level 5:colcon.colcon_core.verb:set package 'move_turtle_pkg' build argument 'cmake_target' from command line to 'None'
[0.459s] Level 5:colcon.colcon_core.verb:set package 'move_turtle_pkg' build argument 'cmake_target_skip_unavailable' from command line to 'False'
[0.459s] Level 5:colcon.colcon_core.verb:set package 'move_turtle_pkg' build argument 'cmake_clean_cache' from command line to 'False'
[0.459s] Level 5:colcon.colcon_core.verb:set package 'move_turtle_pkg' build argument 'cmake_clean_first' from command line to 'False'
[0.459s] Level 5:colcon.colcon_core.verb:set package 'move_turtle_pkg' build argument 'cmake_force_configure' from command line to 'False'
[0.459s] Level 5:colcon.colcon_core.verb:set package 'move_turtle_pkg' build argument 'ament_cmake_args' from command line to 'None'
[0.459s] Level 5:colcon.colcon_core.verb:set package 'move_turtle_pkg' build argument 'catkin_cmake_args' from command line to 'None'
[0.459s] Level 5:colcon.colcon_core.verb:set package 'move_turtle_pkg' build argument 'catkin_skip_building_tests' from command line to 'False'
[0.459s] DEBUG:colcon.colcon_core.verb:Building package 'move_turtle_pkg' with the following arguments: {'ament_cmake_args': None, 'build_base': '/home/yy/robot_ws/build/move_turtle_pkg', 'catkin_cmake_args': None, 'catkin_skip_building_tests': False, 'cmake_args': None, 'cmake_clean_cache': False, 'cmake_clean_first': False, 'cmake_force_configure': False, 'cmake_target': None, 'cmake_target_skip_unavailable': False, 'install_base': '/home/yy/robot_ws/install/move_turtle_pkg', 'merge_install': False, 'path': '/home/yy/robot_ws/src/move_turtle_pkg', 'symlink_install': True, 'test_result_base': None}
[0.461s] Level 5:colcon.colcon_core.verb:set package 'test_num' build argument 'cmake_args' from command line to 'None'
[0.461s] Level 5:colcon.colcon_core.verb:set package 'test_num' build argument 'cmake_target' from command line to 'None'
[0.461s] Level 5:colcon.colcon_core.verb:set package 'test_num' build argument 'cmake_target_skip_unavailable' from command line to 'False'
[0.462s] Level 5:colcon.colcon_core.verb:set package 'test_num' build argument 'cmake_clean_cache' from command line to 'False'
[0.462s] Level 5:colcon.colcon_core.verb:set package 'test_num' build argument 'cmake_clean_first' from command line to 'False'
[0.462s] Level 5:colcon.colcon_core.verb:set package 'test_num' build argument 'cmake_force_configure' from command line to 'False'
[0.462s] Level 5:colcon.colcon_core.verb:set package 'test_num' build argument 'ament_cmake_args' from command line to 'None'
[0.462s] Level 5:colcon.colcon_core.verb:set package 'test_num' build argument 'catkin_cmake_args' from command line to 'None'
[0.462s] Level 5:colcon.colcon_core.verb:set package 'test_num' build argument 'catkin_skip_building_tests' from command line to 'False'
[0.462s] DEBUG:colcon.colcon_core.verb:Building package 'test_num' with the following arguments: {'ament_cmake_args': None, 'build_base': '/home/yy/robot_ws/build/test_num', 'catkin_cmake_args': None, 'catkin_skip_building_tests': False, 'cmake_args': None, 'cmake_clean_cache': False, 'cmake_clean_first': False, 'cmake_force_configure': False, 'cmake_target': None, 'cmake_target_skip_unavailable': False, 'install_base': '/home/yy/robot_ws/install/test_num', 'merge_install': False, 'path': '/home/yy/robot_ws/src/test_num', 'symlink_install': True, 'test_result_base': None}
[0.464s] INFO:colcon.colcon_core.executor:Executing jobs using 'parallel' executor
[0.475s] DEBUG:colcon.colcon_parallel_executor.executor.parallel:run_until_complete
[0.476s] INFO:colcon.colcon_ros.task.ament_cmake.build:Building ROS package in '/home/yy/robot_ws/src/class_test_interfaces' with build type 'ament_cmake'
[0.476s] INFO:colcon.colcon_cmake.task.cmake.build:Building CMake package in '/home/yy/robot_ws/src/class_test_interfaces'
[0.483s] INFO:colcon.colcon_core.plugin_system:Skipping extension 'colcon_core.shell.bat': Not used on non-Windows systems
[0.484s] INFO:colcon.colcon_core.shell:Skip shell extension 'powershell' for command environment: Not usable outside of PowerShell
[0.484s] DEBUG:colcon.colcon_core.shell:Skip shell extension 'dsv' for command environment
[0.496s] INFO:colcon.colcon_ros.task.ament_python.build:Building ROS package in '/home/yy/robot_ws/src/m_pubsub' with build type 'ament_python'
[0.498s] Level 1:colcon.colcon_core.shell:create_environment_hook('m_pubsub', 'ament_prefix_path')
[0.508s] INFO:colcon.colcon_core.shell:Creating environment hook '/home/yy/robot_ws/install/m_pubsub/share/m_pubsub/hook/ament_prefix_path.ps1'
[0.509s] INFO:colcon.colcon_core.shell:Creating environment descriptor '/home/yy/robot_ws/install/m_pubsub/share/m_pubsub/hook/ament_prefix_path.dsv'
[0.510s] INFO:colcon.colcon_core.shell:Creating environment hook '/home/yy/robot_ws/install/m_pubsub/share/m_pubsub/hook/ament_prefix_path.sh'
[0.515s] INFO:colcon.colcon_core.shell:Skip shell extension 'powershell' for command environment: Not usable outside of PowerShell
[0.515s] DEBUG:colcon.colcon_core.shell:Skip shell extension 'dsv' for command environment
[0.533s] DEBUG:colcon.colcon_core.event_handler.log_command:Invoking command in '/home/yy/robot_ws/build/class_test_interfaces': CMAKE_PREFIX_PATH=${CMAKE_PREFIX_PATH}:/home/yy/robot_ws/install/test_num:/home/yy/robot_ws/install/move_turtle_pkg:/home/yy/robot_ws/install/m_pubsub:/opt/ros/foxy /usr/bin/cmake --build /home/yy/robot_ws/build/class_test_interfaces -- -j2 -l2
[0.879s] INFO:colcon.colcon_core.task.python.build:Building Python package in '/home/yy/robot_ws/src/m_pubsub'
[0.883s] INFO:colcon.colcon_core.shell:Skip shell extension 'powershell' for command environment: Not usable outside of PowerShell
[0.884s] DEBUG:colcon.colcon_core.shell:Skip shell extension 'dsv' for command environment
[1.084s] DEBUG:colcon.colcon_core.event_handler.log_command:Invoked command in '/home/yy/robot_ws/build/class_test_interfaces' returned '0': CMAKE_PREFIX_PATH=${CMAKE_PREFIX_PATH}:/home/yy/robot_ws/install/test_num:/home/yy/robot_ws/install/move_turtle_pkg:/home/yy/robot_ws/install/m_pubsub:/opt/ros/foxy /usr/bin/cmake --build /home/yy/robot_ws/build/class_test_interfaces -- -j2 -l2
[1.239s] DEBUG:colcon.colcon_core.event_handler.log_command:Invoking command in '/home/yy/robot_ws/build/class_test_interfaces': CMAKE_PREFIX_PATH=${CMAKE_PREFIX_PATH}:/home/yy/robot_ws/install/test_num:/home/yy/robot_ws/install/move_turtle_pkg:/home/yy/robot_ws/install/m_pubsub:/opt/ros/foxy /usr/bin/cmake --install /home/yy/robot_ws/build/class_test_interfaces
[1.378s] Level 1:colcon.colcon_core.environment:create_environment_scripts_only(class_test_interfaces)
[1.380s] DEBUG:colcon.colcon_core.event_handler.log_command:Invoked command in '/home/yy/robot_ws/build/class_test_interfaces' returned '0': CMAKE_PREFIX_PATH=${CMAKE_PREFIX_PATH}:/home/yy/robot_ws/install/test_num:/home/yy/robot_ws/install/move_turtle_pkg:/home/yy/robot_ws/install/m_pubsub:/opt/ros/foxy /usr/bin/cmake --install /home/yy/robot_ws/build/class_test_interfaces
[1.390s] Level 1:colcon.colcon_core.environment:checking '/home/yy/robot_ws/install/class_test_interfaces' for CMake module files
[1.392s] Level 1:colcon.colcon_core.environment:checking '/home/yy/robot_ws/install/class_test_interfaces' for CMake config files
[1.393s] Level 1:colcon.colcon_core.shell:create_environment_hook('class_test_interfaces', 'cmake_prefix_path')
[1.397s] INFO:colcon.colcon_core.shell:Creating environment hook '/home/yy/robot_ws/install/class_test_interfaces/share/class_test_interfaces/hook/cmake_prefix_path.ps1'
[1.398s] INFO:colcon.colcon_core.shell:Creating environment descriptor '/home/yy/robot_ws/install/class_test_interfaces/share/class_test_interfaces/hook/cmake_prefix_path.dsv'
[1.399s] INFO:colcon.colcon_core.shell:Creating environment hook '/home/yy/robot_ws/install/class_test_interfaces/share/class_test_interfaces/hook/cmake_prefix_path.sh'
[1.400s] Level 1:colcon.colcon_core.environment:checking '/home/yy/robot_ws/install/class_test_interfaces/lib'
[1.400s] Level 1:colcon.colcon_core.shell:create_environment_hook('class_test_interfaces', 'ld_library_path_lib')
[1.404s] INFO:colcon.colcon_core.shell:Creating environment hook '/home/yy/robot_ws/install/class_test_interfaces/share/class_test_interfaces/hook/ld_library_path_lib.ps1'
[1.404s] INFO:colcon.colcon_core.shell:Creating environment descriptor '/home/yy/robot_ws/install/class_test_interfaces/share/class_test_interfaces/hook/ld_library_path_lib.dsv'
[1.405s] INFO:colcon.colcon_core.shell:Creating environment hook '/home/yy/robot_ws/install/class_test_interfaces/share/class_test_interfaces/hook/ld_library_path_lib.sh'
[1.405s] Level 1:colcon.colcon_core.environment:checking '/home/yy/robot_ws/install/class_test_interfaces/bin'
[1.405s] Level 1:colcon.colcon_core.environment:checking '/home/yy/robot_ws/install/class_test_interfaces/lib/pkgconfig/class_test_interfaces.pc'
[1.406s] Level 1:colcon.colcon_core.environment:checking '/home/yy/robot_ws/install/class_test_interfaces/lib/python3.8/site-packages'
[1.406s] Level 1:colcon.colcon_core.shell:create_environment_hook('class_test_interfaces', 'pythonpath')
[1.409s] INFO:colcon.colcon_core.shell:Creating environment hook '/home/yy/robot_ws/install/class_test_interfaces/share/class_test_interfaces/hook/pythonpath.ps1'
[1.410s] INFO:colcon.colcon_core.shell:Creating environment descriptor '/home/yy/robot_ws/install/class_test_interfaces/share/class_test_interfaces/hook/pythonpath.dsv'
[1.411s] INFO:colcon.colcon_core.shell:Creating environment hook '/home/yy/robot_ws/install/class_test_interfaces/share/class_test_interfaces/hook/pythonpath.sh'
[1.413s] Level 1:colcon.colcon_core.environment:checking '/home/yy/robot_ws/install/class_test_interfaces/bin'
[1.417s] INFO:colcon.colcon_core.shell:Creating package script '/home/yy/robot_ws/install/class_test_interfaces/share/class_test_interfaces/package.ps1'
[1.419s] INFO:colcon.colcon_core.shell:Creating package descriptor '/home/yy/robot_ws/install/class_test_interfaces/share/class_test_interfaces/package.dsv'
[1.420s] INFO:colcon.colcon_core.shell:Creating package script '/home/yy/robot_ws/install/class_test_interfaces/share/class_test_interfaces/package.sh'
[1.421s] INFO:colcon.colcon_core.shell:Creating package script '/home/yy/robot_ws/install/class_test_interfaces/share/class_test_interfaces/package.bash'
[1.422s] INFO:colcon.colcon_core.shell:Creating package script '/home/yy/robot_ws/install/class_test_interfaces/share/class_test_interfaces/package.zsh'
[1.423s] Level 1:colcon.colcon_core.environment:create_file_with_runtime_dependencies(/home/yy/robot_ws/install/class_test_interfaces/share/colcon-core/packages/class_test_interfaces)
[1.527s] DEBUG:colcon.colcon_core.event_handler.log_command:Invoking command in '/home/yy/robot_ws/build/m_pubsub': PYTHONPATH=/home/yy/robot_ws/build/m_pubsub/prefix_override:/home/yy/robot_ws/install/m_pubsub/lib/python3.8/site-packages:${PYTHONPATH} /usr/bin/python3 setup.py develop --editable --build-directory /home/yy/robot_ws/build/m_pubsub/build --no-deps install_data
[1.558s] Level 1:colcon.colcon_core.environment:create_environment_scripts_only(class_test_interfaces)
[1.563s] Level 1:colcon.colcon_core.environment:checking '/home/yy/robot_ws/install/class_test_interfaces' for CMake module files
[1.564s] Level 1:colcon.colcon_core.environment:checking '/home/yy/robot_ws/install/class_test_interfaces' for CMake config files
[1.565s] Level 1:colcon.colcon_core.shell:create_environment_hook('class_test_interfaces', 'cmake_prefix_path')
[1.568s] INFO:colcon.colcon_core.shell:Creating environment hook '/home/yy/robot_ws/install/class_test_interfaces/share/class_test_interfaces/hook/cmake_prefix_path.ps1'
[1.569s] INFO:colcon.colcon_core.shell:Creating environment descriptor '/home/yy/robot_ws/install/class_test_interfaces/share/class_test_interfaces/hook/cmake_prefix_path.dsv'
[1.570s] INFO:colcon.colcon_core.shell:Creating environment hook '/home/yy/robot_ws/install/class_test_interfaces/share/class_test_interfaces/hook/cmake_prefix_path.sh'
[1.571s] Level 1:colcon.colcon_core.environment:checking '/home/yy/robot_ws/install/class_test_interfaces/lib'
[1.571s] Level 1:colcon.colcon_core.shell:create_environment_hook('class_test_interfaces', 'ld_library_path_lib')
[1.574s] INFO:colcon.colcon_core.shell:Creating environment hook '/home/yy/robot_ws/install/class_test_interfaces/share/class_test_interfaces/hook/ld_library_path_lib.ps1'
[1.575s] INFO:colcon.colcon_core.shell:Creating environment descriptor '/home/yy/robot_ws/install/class_test_interfaces/share/class_test_interfaces/hook/ld_library_path_lib.dsv'
[1.575s] INFO:colcon.colcon_core.shell:Creating environment hook '/home/yy/robot_ws/install/class_test_interfaces/share/class_test_interfaces/hook/ld_library_path_lib.sh'
[1.576s] Level 1:colcon.colcon_core.environment:checking '/home/yy/robot_ws/install/class_test_interfaces/bin'
[1.576s] Level 1:colcon.colcon_core.environment:checking '/home/yy/robot_ws/install/class_test_interfaces/lib/pkgconfig/class_test_interfaces.pc'
[1.576s] Level 1:colcon.colcon_core.environment:checking '/home/yy/robot_ws/install/class_test_interfaces/lib/python3.8/site-packages'
[1.577s] Level 1:colcon.colcon_core.shell:create_environment_hook('class_test_interfaces', 'pythonpath')
[1.580s] INFO:colcon.colcon_core.shell:Creating environment hook '/home/yy/robot_ws/install/class_test_interfaces/share/class_test_interfaces/hook/pythonpath.ps1'
[1.581s] INFO:colcon.colcon_core.shell:Creating environment descriptor '/home/yy/robot_ws/install/class_test_interfaces/share/class_test_interfaces/hook/pythonpath.dsv'
[1.581s] INFO:colcon.colcon_core.shell:Creating environment hook '/home/yy/robot_ws/install/class_test_interfaces/share/class_test_interfaces/hook/pythonpath.sh'
[1.582s] Level 1:colcon.colcon_core.environment:checking '/home/yy/robot_ws/install/class_test_interfaces/bin'
[1.586s] INFO:colcon.colcon_core.shell:Creating package script '/home/yy/robot_ws/install/class_test_interfaces/share/class_test_interfaces/package.ps1'
[1.587s] INFO:colcon.colcon_core.shell:Creating package descriptor '/home/yy/robot_ws/install/class_test_interfaces/share/class_test_interfaces/package.dsv'
[1.588s] INFO:colcon.colcon_core.shell:Creating package script '/home/yy/robot_ws/install/class_test_interfaces/share/class_test_interfaces/package.sh'
[1.589s] INFO:colcon.colcon_core.shell:Creating package script '/home/yy/robot_ws/install/class_test_interfaces/share/class_test_interfaces/package.bash'
[1.590s] INFO:colcon.colcon_core.shell:Creating package script '/home/yy/robot_ws/install/class_test_interfaces/share/class_test_interfaces/package.zsh'
[1.590s] Level 1:colcon.colcon_core.environment:create_file_with_runtime_dependencies(/home/yy/robot_ws/install/class_test_interfaces/share/colcon-core/packages/class_test_interfaces)
[1.592s] INFO:colcon.colcon_ros.task.ament_python.build:Building ROS package in '/home/yy/robot_ws/src/move_turtle_pkg' with build type 'ament_python'
[1.592s] Level 1:colcon.colcon_core.shell:create_environment_hook('move_turtle_pkg', 'ament_prefix_path')
[1.596s] INFO:colcon.colcon_core.shell:Creating environment hook '/home/yy/robot_ws/install/move_turtle_pkg/share/move_turtle_pkg/hook/ament_prefix_path.ps1'
[1.596s] INFO:colcon.colcon_core.shell:Creating environment descriptor '/home/yy/robot_ws/install/move_turtle_pkg/share/move_turtle_pkg/hook/ament_prefix_path.dsv'
[1.597s] INFO:colcon.colcon_core.shell:Creating environment hook '/home/yy/robot_ws/install/move_turtle_pkg/share/move_turtle_pkg/hook/ament_prefix_path.sh'
[1.602s] INFO:colcon.colcon_core.shell:Skip shell extension 'powershell' for command environment: Not usable outside of PowerShell
[1.602s] DEBUG:colcon.colcon_core.shell:Skip shell extension 'dsv' for command environment
[1.932s] INFO:colcon.colcon_core.task.python.build:Building Python package in '/home/yy/robot_ws/src/move_turtle_pkg'
[1.937s] INFO:colcon.colcon_core.shell:Skip shell extension 'powershell' for command environment: Not usable outside of PowerShell
[1.937s] DEBUG:colcon.colcon_core.shell:Skip shell extension 'dsv' for command environment
[2.167s] Level 1:colcon.colcon_core.shell:create_environment_hook('m_pubsub', 'pythonpath_develop')
[2.172s] INFO:colcon.colcon_core.shell:Creating environment hook '/home/yy/robot_ws/build/m_pubsub/share/m_pubsub/hook/pythonpath_develop.ps1'
[2.173s] INFO:colcon.colcon_core.shell:Creating environment descriptor '/home/yy/robot_ws/build/m_pubsub/share/m_pubsub/hook/pythonpath_develop.dsv'
[2.173s] INFO:colcon.colcon_core.shell:Creating environment hook '/home/yy/robot_ws/build/m_pubsub/share/m_pubsub/hook/pythonpath_develop.sh'
[2.179s] Level 1:colcon.colcon_core.environment:checking '/home/yy/robot_ws/install/m_pubsub' for CMake module files
[2.180s] Level 1:colcon.colcon_core.environment:checking '/home/yy/robot_ws/install/m_pubsub' for CMake config files
[2.180s] Level 1:colcon.colcon_core.environment:checking '/home/yy/robot_ws/install/m_pubsub/lib'
[2.180s] Level 1:colcon.colcon_core.environment:checking '/home/yy/robot_ws/install/m_pubsub/bin'
[2.181s] Level 1:colcon.colcon_core.environment:checking '/home/yy/robot_ws/install/m_pubsub/lib/pkgconfig/m_pubsub.pc'
[2.181s] Level 1:colcon.colcon_core.environment:checking '/home/yy/robot_ws/install/m_pubsub/lib/python3.8/site-packages'
[2.181s] Level 1:colcon.colcon_core.shell:create_environment_hook('m_pubsub', 'pythonpath')
[2.185s] INFO:colcon.colcon_core.shell:Creating environment hook '/home/yy/robot_ws/install/m_pubsub/share/m_pubsub/hook/pythonpath.ps1'
[2.186s] DEBUG:colcon.colcon_core.event_handler.log_command:Invoked command in '/home/yy/robot_ws/build/m_pubsub' returned '0': PYTHONPATH=/home/yy/robot_ws/build/m_pubsub/prefix_override:/home/yy/robot_ws/install/m_pubsub/lib/python3.8/site-packages:${PYTHONPATH} /usr/bin/python3 setup.py develop --editable --build-directory /home/yy/robot_ws/build/m_pubsub/build --no-deps install_data
[2.187s] INFO:colcon.colcon_core.shell:Creating environment descriptor '/home/yy/robot_ws/install/m_pubsub/share/m_pubsub/hook/pythonpath.dsv'
[2.187s] INFO:colcon.colcon_core.shell:Creating environment hook '/home/yy/robot_ws/install/m_pubsub/share/m_pubsub/hook/pythonpath.sh'
[2.188s] Level 1:colcon.colcon_core.environment:checking '/home/yy/robot_ws/install/m_pubsub/bin'
[2.188s] Level 1:colcon.colcon_core.environment:create_environment_scripts_only(m_pubsub)
[2.192s] INFO:colcon.colcon_core.shell:Creating package script '/home/yy/robot_ws/install/m_pubsub/share/m_pubsub/package.ps1'
[2.193s] INFO:colcon.colcon_core.shell:Creating package descriptor '/home/yy/robot_ws/install/m_pubsub/share/m_pubsub/package.dsv'
[2.194s] INFO:colcon.colcon_core.shell:Creating package script '/home/yy/robot_ws/install/m_pubsub/share/m_pubsub/package.sh'
[2.195s] INFO:colcon.colcon_core.shell:Creating package script '/home/yy/robot_ws/install/m_pubsub/share/m_pubsub/package.bash'
[2.195s] INFO:colcon.colcon_core.shell:Creating package script '/home/yy/robot_ws/install/m_pubsub/share/m_pubsub/package.zsh'
[2.196s] Level 1:colcon.colcon_core.environment:create_file_with_runtime_dependencies(/home/yy/robot_ws/install/m_pubsub/share/colcon-core/packages/m_pubsub)
[2.197s] INFO:colcon.colcon_ros.task.ament_python.build:Building ROS package in '/home/yy/robot_ws/src/test_num' with build type 'ament_python'
[2.197s] Level 1:colcon.colcon_core.shell:create_environment_hook('test_num', 'ament_prefix_path')
[2.203s] INFO:colcon.colcon_core.shell:Creating environment hook '/home/yy/robot_ws/install/test_num/share/test_num/hook/ament_prefix_path.ps1'
[2.204s] INFO:colcon.colcon_core.shell:Creating environment descriptor '/home/yy/robot_ws/install/test_num/share/test_num/hook/ament_prefix_path.dsv'
[2.205s] INFO:colcon.colcon_core.shell:Creating environment hook '/home/yy/robot_ws/install/test_num/share/test_num/hook/ament_prefix_path.sh'
[2.214s] INFO:colcon.colcon_core.shell:Skip shell extension 'powershell' for command environment: Not usable outside of PowerShell
[2.214s] DEBUG:colcon.colcon_core.shell:Skip shell extension 'dsv' for command environment
[2.558s] INFO:colcon.colcon_core.task.python.build:Building Python package in '/home/yy/robot_ws/src/test_num'
[2.564s] INFO:colcon.colcon_core.shell:Skip shell extension 'powershell' for command environment: Not usable outside of PowerShell
[2.564s] DEBUG:colcon.colcon_core.shell:Skip shell extension 'dsv' for command environment
[2.579s] DEBUG:colcon.colcon_core.event_handler.log_command:Invoking command in '/home/yy/robot_ws/build/move_turtle_pkg': PYTHONPATH=/home/yy/robot_ws/build/move_turtle_pkg/prefix_override:/home/yy/robot_ws/install/move_turtle_pkg/lib/python3.8/site-packages:${PYTHONPATH} /usr/bin/python3 setup.py develop --editable --build-directory /home/yy/robot_ws/build/move_turtle_pkg/build --no-deps install_data
[3.085s] DEBUG:colcon.colcon_core.event_handler.log_command:Invoking command in '/home/yy/robot_ws/build/test_num': PYTHONPATH=/home/yy/robot_ws/build/test_num/prefix_override:/home/yy/robot_ws/install/test_num/lib/python3.8/site-packages:${PYTHONPATH} /usr/bin/python3 setup.py develop --editable --build-directory /home/yy/robot_ws/build/test_num/build --no-deps install_data
[3.209s] Level 1:colcon.colcon_core.shell:create_environment_hook('move_turtle_pkg', 'pythonpath_develop')
[3.214s] INFO:colcon.colcon_core.shell:Creating environment hook '/home/yy/robot_ws/build/move_turtle_pkg/share/move_turtle_pkg/hook/pythonpath_develop.ps1'
[3.214s] DEBUG:colcon.colcon_core.event_handler.log_command:Invoked command in '/home/yy/robot_ws/build/move_turtle_pkg' returned '0': PYTHONPATH=/home/yy/robot_ws/build/move_turtle_pkg/prefix_override:/home/yy/robot_ws/install/move_turtle_pkg/lib/python3.8/site-packages:${PYTHONPATH} /usr/bin/python3 setup.py develop --editable --build-directory /home/yy/robot_ws/build/move_turtle_pkg/build --no-deps install_data
[3.215s] INFO:colcon.colcon_core.shell:Creating environment descriptor '/home/yy/robot_ws/build/move_turtle_pkg/share/move_turtle_pkg/hook/pythonpath_develop.dsv'
[3.216s] INFO:colcon.colcon_core.shell:Creating environment hook '/home/yy/robot_ws/build/move_turtle_pkg/share/move_turtle_pkg/hook/pythonpath_develop.sh'
[3.222s] Level 1:colcon.colcon_core.environment:checking '/home/yy/robot_ws/install/move_turtle_pkg' for CMake module files
[3.223s] Level 1:colcon.colcon_core.environment:checking '/home/yy/robot_ws/install/move_turtle_pkg' for CMake config files
[3.223s] Level 1:colcon.colcon_core.environment:checking '/home/yy/robot_ws/install/move_turtle_pkg/lib'
[3.223s] Level 1:colcon.colcon_core.environment:checking '/home/yy/robot_ws/install/move_turtle_pkg/bin'
[3.223s] Level 1:colcon.colcon_core.environment:checking '/home/yy/robot_ws/install/move_turtle_pkg/lib/pkgconfig/move_turtle_pkg.pc'
[3.224s] Level 1:colcon.colcon_core.environment:checking '/home/yy/robot_ws/install/move_turtle_pkg/lib/python3.8/site-packages'
[3.224s] Level 1:colcon.colcon_core.shell:create_environment_hook('move_turtle_pkg', 'pythonpath')
[3.229s] INFO:colcon.colcon_core.shell:Creating environment hook '/home/yy/robot_ws/install/move_turtle_pkg/share/move_turtle_pkg/hook/pythonpath.ps1'
[3.230s] INFO:colcon.colcon_core.shell:Creating environment descriptor '/home/yy/robot_ws/install/move_turtle_pkg/share/move_turtle_pkg/hook/pythonpath.dsv'
[3.230s] INFO:colcon.colcon_core.shell:Creating environment hook '/home/yy/robot_ws/install/move_turtle_pkg/share/move_turtle_pkg/hook/pythonpath.sh'
[3.232s] Level 1:colcon.colcon_core.environment:checking '/home/yy/robot_ws/install/move_turtle_pkg/bin'
[3.232s] Level 1:colcon.colcon_core.environment:create_environment_scripts_only(move_turtle_pkg)
[3.239s] INFO:colcon.colcon_core.shell:Creating package script '/home/yy/robot_ws/install/move_turtle_pkg/share/move_turtle_pkg/package.ps1'
[3.240s] INFO:colcon.colcon_core.shell:Creating package descriptor '/home/yy/robot_ws/install/move_turtle_pkg/share/move_turtle_pkg/package.dsv'
[3.240s] INFO:colcon.colcon_core.shell:Creating package script '/home/yy/robot_ws/install/move_turtle_pkg/share/move_turtle_pkg/package.sh'
[3.241s] INFO:colcon.colcon_core.shell:Creating package script '/home/yy/robot_ws/install/move_turtle_pkg/share/move_turtle_pkg/package.bash'
[3.242s] INFO:colcon.colcon_core.shell:Creating package script '/home/yy/robot_ws/install/move_turtle_pkg/share/move_turtle_pkg/package.zsh'
[3.242s] Level 1:colcon.colcon_core.environment:create_file_with_runtime_dependencies(/home/yy/robot_ws/install/move_turtle_pkg/share/colcon-core/packages/move_turtle_pkg)
[3.702s] Level 1:colcon.colcon_core.shell:create_environment_hook('test_num', 'pythonpath_develop')
[3.706s] INFO:colcon.colcon_core.shell:Creating environment hook '/home/yy/robot_ws/build/test_num/share/test_num/hook/pythonpath_develop.ps1'
[3.706s] DEBUG:colcon.colcon_core.event_handler.log_command:Invoked command in '/home/yy/robot_ws/build/test_num' returned '0': PYTHONPATH=/home/yy/robot_ws/build/test_num/prefix_override:/home/yy/robot_ws/install/test_num/lib/python3.8/site-packages:${PYTHONPATH} /usr/bin/python3 setup.py develop --editable --build-directory /home/yy/robot_ws/build/test_num/build --no-deps install_data
[3.708s] INFO:colcon.colcon_core.shell:Creating environment descriptor '/home/yy/robot_ws/build/test_num/share/test_num/hook/pythonpath_develop.dsv'
[3.708s] INFO:colcon.colcon_core.shell:Creating environment hook '/home/yy/robot_ws/build/test_num/share/test_num/hook/pythonpath_develop.sh'
[3.714s] Level 1:colcon.colcon_core.environment:checking '/home/yy/robot_ws/install/test_num' for CMake module files
[3.715s] Level 1:colcon.colcon_core.environment:checking '/home/yy/robot_ws/install/test_num' for CMake config files
[3.715s] Level 1:colcon.colcon_core.environment:checking '/home/yy/robot_ws/install/test_num/lib'
[3.715s] Level 1:colcon.colcon_core.environment:checking '/home/yy/robot_ws/install/test_num/bin'
[3.716s] Level 1:colcon.colcon_core.environment:checking '/home/yy/robot_ws/install/test_num/lib/pkgconfig/test_num.pc'
[3.716s] Level 1:colcon.colcon_core.environment:checking '/home/yy/robot_ws/install/test_num/lib/python3.8/site-packages'
[3.716s] Level 1:colcon.colcon_core.shell:create_environment_hook('test_num', 'pythonpath')
[3.720s] INFO:colcon.colcon_core.shell:Creating environment hook '/home/yy/robot_ws/install/test_num/share/test_num/hook/pythonpath.ps1'
[3.721s] INFO:colcon.colcon_core.shell:Creating environment descriptor '/home/yy/robot_ws/install/test_num/share/test_num/hook/pythonpath.dsv'
[3.722s] INFO:colcon.colcon_core.shell:Creating environment hook '/home/yy/robot_ws/install/test_num/share/test_num/hook/pythonpath.sh'
[3.722s] Level 1:colcon.colcon_core.environment:checking '/home/yy/robot_ws/install/test_num/bin'
[3.723s] Level 1:colcon.colcon_core.environment:create_environment_scripts_only(test_num)
[3.726s] INFO:colcon.colcon_core.shell:Creating package script '/home/yy/robot_ws/install/test_num/share/test_num/package.ps1'
[3.727s] INFO:colcon.colcon_core.shell:Creating package descriptor '/home/yy/robot_ws/install/test_num/share/test_num/package.dsv'
[3.728s] INFO:colcon.colcon_core.shell:Creating package script '/home/yy/robot_ws/install/test_num/share/test_num/package.sh'
[3.729s] INFO:colcon.colcon_core.shell:Creating package script '/home/yy/robot_ws/install/test_num/share/test_num/package.bash'
[3.729s] INFO:colcon.colcon_core.shell:Creating package script '/home/yy/robot_ws/install/test_num/share/test_num/package.zsh'
[3.730s] Level 1:colcon.colcon_core.environment:create_file_with_runtime_dependencies(/home/yy/robot_ws/install/test_num/share/colcon-core/packages/test_num)
[3.730s] DEBUG:colcon.colcon_parallel_executor.executor.parallel:closing loop
[3.731s] DEBUG:colcon.colcon_parallel_executor.executor.parallel:loop closed
[3.731s] DEBUG:colcon.colcon_parallel_executor.executor.parallel:run_until_complete finished with '0'
[3.731s] DEBUG:colcon.colcon_core.event_reactor:joining thread
[3.744s] INFO:colcon.colcon_core.plugin_system:Skipping extension 'colcon_notification.desktop_notification.terminal_notifier': Not used on non-Darwin systems
[3.744s] INFO:colcon.colcon_core.plugin_system:Skipping extension 'colcon_notification.desktop_notification.win32': Not used on non-Windows systems
[3.744s] INFO:colcon.colcon_notification.desktop_notification:Sending desktop notification using 'notify2'
[3.768s] DEBUG:colcon.colcon_core.event_reactor:joined thread
[3.774s] INFO:colcon.colcon_core.shell:Creating prefix script '/home/yy/robot_ws/install/local_setup.ps1'
[3.775s] INFO:colcon.colcon_core.shell:Creating prefix util module '/home/yy/robot_ws/install/_local_setup_util_ps1.py'
[3.777s] INFO:colcon.colcon_core.shell:Creating prefix chain script '/home/yy/robot_ws/install/setup.ps1'
[3.779s] INFO:colcon.colcon_core.shell:Creating prefix script '/home/yy/robot_ws/install/local_setup.sh'
[3.780s] INFO:colcon.colcon_core.shell:Creating prefix util module '/home/yy/robot_ws/install/_local_setup_util_sh.py'
[3.781s] INFO:colcon.colcon_core.shell:Creating prefix chain script '/home/yy/robot_ws/install/setup.sh'
[3.784s] INFO:colcon.colcon_core.shell:Creating prefix script '/home/yy/robot_ws/install/local_setup.bash'
[3.785s] INFO:colcon.colcon_core.shell:Creating prefix chain script '/home/yy/robot_ws/install/setup.bash'
[3.787s] INFO:colcon.colcon_core.shell:Creating prefix script '/home/yy/robot_ws/install/local_setup.zsh'
[3.788s] INFO:colcon.colcon_core.shell:Creating prefix chain script '/home/yy/robot_ws/install/setup.zsh'
