[0.484s] Invoking command in '/home/yy/robot_ws/build/examples_rclpy_minimal_action_client': PYTHONPATH=/home/yy/robot_ws/build/examples_rclpy_minimal_action_client/prefix_override:/home/yy/robot_ws/install/examples_rclpy_minimal_action_client/lib/python3.8/site-packages:${PYTHONPATH} /usr/bin/python3 setup.py develop --editable --build-directory /home/yy/robot_ws/build/examples_rclpy_minimal_action_client/build --no-deps install_data
[0.651s] running develop
[0.741s] running egg_info
[0.741s] creating examples_rclpy_minimal_action_client.egg-info
[0.741s] writing examples_rclpy_minimal_action_client.egg-info/PKG-INFO
[0.741s] writing dependency_links to examples_rclpy_minimal_action_client.egg-info/dependency_links.txt
[0.741s] writing entry points to examples_rclpy_minimal_action_client.egg-info/entry_points.txt
[0.742s] writing requirements to examples_rclpy_minimal_action_client.egg-info/requires.txt
[0.742s] writing top-level names to examples_rclpy_minimal_action_client.egg-info/top_level.txt
[0.743s] writing manifest file 'examples_rclpy_minimal_action_client.egg-info/SOURCES.txt'
[0.765s] reading manifest file 'examples_rclpy_minimal_action_client.egg-info/SOURCES.txt'
[0.766s] writing manifest file 'examples_rclpy_minimal_action_client.egg-info/SOURCES.txt'
[0.798s] running build_ext
[0.798s] Creating /home/yy/robot_ws/install/examples_rclpy_minimal_action_client/lib/python3.8/site-packages/site.py
[0.799s] Creating /home/yy/robot_ws/install/examples_rclpy_minimal_action_client/lib/python3.8/site-packages/examples-rclpy-minimal-action-client.egg-link (link to .)
[0.802s] Installing client script to /home/yy/robot_ws/install/examples_rclpy_minimal_action_client/lib/examples_rclpy_minimal_action_client
[0.802s] Installing client_cancel script to /home/yy/robot_ws/install/examples_rclpy_minimal_action_client/lib/examples_rclpy_minimal_action_client
[0.802s] Installing client_not_composable script to /home/yy/robot_ws/install/examples_rclpy_minimal_action_client/lib/examples_rclpy_minimal_action_client
[0.802s] 
[0.802s] Installed /home/yy/robot_ws/build/examples_rclpy_minimal_action_client
[0.803s] running install_data
[0.803s] creating /home/yy/robot_ws/install/examples_rclpy_minimal_action_client/share/ament_index
[0.803s] creating /home/yy/robot_ws/install/examples_rclpy_minimal_action_client/share/ament_index/resource_index
[0.803s] creating /home/yy/robot_ws/install/examples_rclpy_minimal_action_client/share/ament_index/resource_index/packages
[0.806s] copying resource/examples_rclpy_minimal_action_client -> /home/yy/robot_ws/install/examples_rclpy_minimal_action_client/share/ament_index/resource_index/packages
[0.806s] copying package.xml -> /home/yy/robot_ws/install/examples_rclpy_minimal_action_client/share/examples_rclpy_minimal_action_client
[0.823s] Invoked command in '/home/yy/robot_ws/build/examples_rclpy_minimal_action_client' returned '0': PYTHONPATH=/home/yy/robot_ws/build/examples_rclpy_minimal_action_client/prefix_override:/home/yy/robot_ws/install/examples_rclpy_minimal_action_client/lib/python3.8/site-packages:${PYTHONPATH} /usr/bin/python3 setup.py develop --editable --build-directory /home/yy/robot_ws/build/examples_rclpy_minimal_action_client/build --no-deps install_data
