[0.520s] Invoking command in '/home/yy/robot_ws/build/ar_track': PYTHONPATH=/home/yy/robot_ws/build/ar_track/prefix_override:/home/yy/robot_ws/install/ar_track/lib/python3.8/site-packages:${PYTHONPATH} /usr/bin/python3 setup.py develop --editable --build-directory /home/yy/robot_ws/build/ar_track/build --no-deps install_data
[0.719s] running develop
[0.838s] running egg_info
[0.838s] writing ar_track.egg-info/PKG-INFO
[0.839s] writing dependency_links to ar_track.egg-info/dependency_links.txt
[0.840s] writing entry points to ar_track.egg-info/entry_points.txt
[0.840s] writing requirements to ar_track.egg-info/requires.txt
[0.840s] writing top-level names to ar_track.egg-info/top_level.txt
[0.842s] reading manifest file 'ar_track.egg-info/SOURCES.txt'
[0.842s] writing manifest file 'ar_track.egg-info/SOURCES.txt'
[0.866s] running build_ext
[0.886s] Creating /home/yy/robot_ws/install/ar_track/lib/python3.8/site-packages/ar-track.egg-link (link to .)
[0.887s] Installing pub_tb3_pose2d script to /home/yy/robot_ws/install/ar_track/lib/ar_track
[0.887s] Installing stop_tb3 script to /home/yy/robot_ws/install/ar_track/lib/ar_track
[0.887s] Installing track_marker script to /home/yy/robot_ws/install/ar_track/lib/ar_track
[0.887s] 
[0.887s] Installed /home/yy/robot_ws/build/ar_track
[0.888s] running install_data
[0.888s] error: can't copy 'resource/ar_track': doesn't exist or not a regular file
[0.911s] Invoked command in '/home/yy/robot_ws/build/ar_track' returned '1': PYTHONPATH=/home/yy/robot_ws/build/ar_track/prefix_override:/home/yy/robot_ws/install/ar_track/lib/python3.8/site-packages:${PYTHONPATH} /usr/bin/python3 setup.py develop --editable --build-directory /home/yy/robot_ws/build/ar_track/build --no-deps install_data
