[0.992s] Invoking command in '/home/yy/robot_ws/build/ros2_aruco': PYTHONPATH=/home/yy/robot_ws/build/ros2_aruco/prefix_override:/home/yy/robot_ws/install/ros2_aruco/lib/python3.8/site-packages:${PYTHONPATH} /usr/bin/python3 setup.py develop --editable --build-directory /home/yy/robot_ws/build/ros2_aruco/build --no-deps install_data
[1.325s] running develop
[1.520s] running egg_info
[1.520s] writing ros2_aruco.egg-info/PKG-INFO
[1.521s] writing dependency_links to ros2_aruco.egg-info/dependency_links.txt
[1.521s] writing entry points to ros2_aruco.egg-info/entry_points.txt
[1.522s] writing requirements to ros2_aruco.egg-info/requires.txt
[1.522s] writing top-level names to ros2_aruco.egg-info/top_level.txt
[1.564s] reading manifest file 'ros2_aruco.egg-info/SOURCES.txt'
[1.565s] writing manifest file 'ros2_aruco.egg-info/SOURCES.txt'
[1.611s] running build_ext
[1.612s] Creating /home/yy/robot_ws/install/ros2_aruco/lib/python3.8/site-packages/ros2-aruco.egg-link (link to .)
[1.613s] Installing aruco_generate_marker script to /home/yy/robot_ws/install/ros2_aruco/lib/ros2_aruco
[1.613s] Installing aruco_node script to /home/yy/robot_ws/install/ros2_aruco/lib/ros2_aruco
[1.613s] 
[1.613s] Installed /home/yy/robot_ws/build/ros2_aruco
[1.614s] running install_data
[1.614s] copying resource/ros2_aruco -> /home/yy/robot_ws/install/ros2_aruco/share/ament_index/resource_index/packages
[1.614s] copying package.xml -> /home/yy/robot_ws/install/ros2_aruco/share/ros2_aruco
[1.645s] Invoked command in '/home/yy/robot_ws/build/ros2_aruco' returned '0': PYTHONPATH=/home/yy/robot_ws/build/ros2_aruco/prefix_override:/home/yy/robot_ws/install/ros2_aruco/lib/python3.8/site-packages:${PYTHONPATH} /usr/bin/python3 setup.py develop --editable --build-directory /home/yy/robot_ws/build/ros2_aruco/build --no-deps install_data
