[1.047s] Invoking command in '/home/yy/robot_ws/build/examples_rclpy_minimal_publisher': PYTHONPATH=/home/yy/robot_ws/build/examples_rclpy_minimal_publisher/prefix_override:/home/yy/robot_ws/install/examples_rclpy_minimal_publisher/lib/python3.8/site-packages:${PYTHONPATH} /usr/bin/python3 setup.py develop --editable --build-directory /home/yy/robot_ws/build/examples_rclpy_minimal_publisher/build --no-deps install_data
[1.396s] running develop
[1.578s] running egg_info
[1.578s] creating examples_rclpy_minimal_publisher.egg-info
[1.578s] writing examples_rclpy_minimal_publisher.egg-info/PKG-INFO
[1.578s] writing dependency_links to examples_rclpy_minimal_publisher.egg-info/dependency_links.txt
[1.578s] writing entry points to examples_rclpy_minimal_publisher.egg-info/entry_points.txt
[1.578s] writing requirements to examples_rclpy_minimal_publisher.egg-info/requires.txt
[1.578s] writing top-level names to examples_rclpy_minimal_publisher.egg-info/top_level.txt
[1.579s] writing manifest file 'examples_rclpy_minimal_publisher.egg-info/SOURCES.txt'
[1.620s] reading manifest file 'examples_rclpy_minimal_publisher.egg-info/SOURCES.txt'
[1.620s] writing manifest file 'examples_rclpy_minimal_publisher.egg-info/SOURCES.txt'
[1.667s] running build_ext
[1.667s] Creating /home/yy/robot_ws/install/examples_rclpy_minimal_publisher/lib/python3.8/site-packages/site.py
[1.669s] Creating /home/yy/robot_ws/install/examples_rclpy_minimal_publisher/lib/python3.8/site-packages/examples-rclpy-minimal-publisher.egg-link (link to .)
[1.670s] Installing publisher_local_function script to /home/yy/robot_ws/install/examples_rclpy_minimal_publisher/lib/examples_rclpy_minimal_publisher
[1.670s] Installing publisher_member_function script to /home/yy/robot_ws/install/examples_rclpy_minimal_publisher/lib/examples_rclpy_minimal_publisher
[1.670s] Installing publisher_old_school script to /home/yy/robot_ws/install/examples_rclpy_minimal_publisher/lib/examples_rclpy_minimal_publisher
[1.670s] 
[1.670s] Installed /home/yy/robot_ws/build/examples_rclpy_minimal_publisher
[1.670s] running install_data
[1.670s] creating /home/yy/robot_ws/install/examples_rclpy_minimal_publisher/share/ament_index
[1.670s] creating /home/yy/robot_ws/install/examples_rclpy_minimal_publisher/share/ament_index/resource_index
[1.671s] creating /home/yy/robot_ws/install/examples_rclpy_minimal_publisher/share/ament_index/resource_index/packages
[1.671s] copying resource/examples_rclpy_minimal_publisher -> /home/yy/robot_ws/install/examples_rclpy_minimal_publisher/share/ament_index/resource_index/packages
[1.671s] copying package.xml -> /home/yy/robot_ws/install/examples_rclpy_minimal_publisher/share/examples_rclpy_minimal_publisher
[1.719s] Invoked command in '/home/yy/robot_ws/build/examples_rclpy_minimal_publisher' returned '0': PYTHONPATH=/home/yy/robot_ws/build/examples_rclpy_minimal_publisher/prefix_override:/home/yy/robot_ws/install/examples_rclpy_minimal_publisher/lib/python3.8/site-packages:${PYTHONPATH} /usr/bin/python3 setup.py develop --editable --build-directory /home/yy/robot_ws/build/examples_rclpy_minimal_publisher/build --no-deps install_data
