[0.731s] Invoking command in '/home/yy/robot_ws/build/examples_rclpy_executors': PYTHONPATH=/home/yy/robot_ws/build/examples_rclpy_executors/prefix_override:/home/yy/robot_ws/install/examples_rclpy_executors/lib/python3.8/site-packages:${PYTHONPATH} /usr/bin/python3 setup.py develop --editable --build-directory /home/yy/robot_ws/build/examples_rclpy_executors/build --no-deps install_data
[0.961s] running develop
[1.075s] running egg_info
[1.075s] writing examples_rclpy_executors.egg-info/PKG-INFO
[1.076s] writing dependency_links to examples_rclpy_executors.egg-info/dependency_links.txt
[1.076s] writing entry points to examples_rclpy_executors.egg-info/entry_points.txt
[1.076s] writing requirements to examples_rclpy_executors.egg-info/requires.txt
[1.077s] writing top-level names to examples_rclpy_executors.egg-info/top_level.txt
[1.102s] reading manifest file 'examples_rclpy_executors.egg-info/SOURCES.txt'
[1.103s] writing manifest file 'examples_rclpy_executors.egg-info/SOURCES.txt'
[1.135s] running build_ext
[1.136s] Creating /home/yy/robot_ws/install/examples_rclpy_executors/lib/python3.8/site-packages/examples-rclpy-executors.egg-link (link to .)
[1.137s] Installing callback_group script to /home/yy/robot_ws/install/examples_rclpy_executors/lib/examples_rclpy_executors
[1.137s] Installing composed script to /home/yy/robot_ws/install/examples_rclpy_executors/lib/examples_rclpy_executors
[1.137s] Installing custom_callback_group script to /home/yy/robot_ws/install/examples_rclpy_executors/lib/examples_rclpy_executors
[1.138s] Installing custom_executor script to /home/yy/robot_ws/install/examples_rclpy_executors/lib/examples_rclpy_executors
[1.138s] Installing listener script to /home/yy/robot_ws/install/examples_rclpy_executors/lib/examples_rclpy_executors
[1.138s] Installing talker script to /home/yy/robot_ws/install/examples_rclpy_executors/lib/examples_rclpy_executors
[1.138s] 
[1.139s] Installed /home/yy/robot_ws/build/examples_rclpy_executors
[1.139s] running install_data
[1.159s] Invoked command in '/home/yy/robot_ws/build/examples_rclpy_executors' returned '0': PYTHONPATH=/home/yy/robot_ws/build/examples_rclpy_executors/prefix_override:/home/yy/robot_ws/install/examples_rclpy_executors/lib/python3.8/site-packages:${PYTHONPATH} /usr/bin/python3 setup.py develop --editable --build-directory /home/yy/robot_ws/build/examples_rclpy_executors/build --no-deps install_data
