[0.016s] Invoking command in '/home/yy/robot_ws/build/v4l2_camera': CMAKE_PREFIX_PATH=${CMAKE_PREFIX_PATH}:/home/yy/turtlebot3_ws/install/turtlebot3_teleop:/home/yy/turtlebot3_ws/install/turtlebot3_example:/home/yy/robot_ws/install/test_para:/home/yy/robot_ws/install/test_num:/home/yy/robot_ws/install/tb3_move:/home/yy/robot_ws/install/ros2_aruco:/home/yy/robot_ws/install/move_turtle_pkg:/home/yy/robot_ws/install/m_pubsub:/home/yy/robot_ws/install/imgtran:/home/yy/robot_ws/install/examples_rclpy_minimal_subscriber:/home/yy/robot_ws/install/examples_rclpy_minimal_service:/home/yy/robot_ws/install/examples_rclpy_minimal_publisher:/home/yy/robot_ws/install/examples_rclpy_minimal_client:/home/yy/robot_ws/install/examples_rclpy_minimal_action_server:/home/yy/robot_ws/install/examples_rclpy_minimal_action_client:/home/yy/robot_ws/install/examples_rclpy_executors:/opt/ros/foxy /usr/bin/cmake --build /home/yy/robot_ws/build/v4l2_camera -- -j2 -l2
[0.083s] [ 42%] Built target v4l2_camera
[0.125s] [ 71%] Built target v4l2_camera_node
[0.132s] [100%] Built target v4l2_camera_compose_test
[0.147s] Invoked command in '/home/yy/robot_ws/build/v4l2_camera' returned '0': CMAKE_PREFIX_PATH=${CMAKE_PREFIX_PATH}:/home/yy/turtlebot3_ws/install/turtlebot3_teleop:/home/yy/turtlebot3_ws/install/turtlebot3_example:/home/yy/robot_ws/install/test_para:/home/yy/robot_ws/install/test_num:/home/yy/robot_ws/install/tb3_move:/home/yy/robot_ws/install/ros2_aruco:/home/yy/robot_ws/install/move_turtle_pkg:/home/yy/robot_ws/install/m_pubsub:/home/yy/robot_ws/install/imgtran:/home/yy/robot_ws/install/examples_rclpy_minimal_subscriber:/home/yy/robot_ws/install/examples_rclpy_minimal_service:/home/yy/robot_ws/install/examples_rclpy_minimal_publisher:/home/yy/robot_ws/install/examples_rclpy_minimal_client:/home/yy/robot_ws/install/examples_rclpy_minimal_action_server:/home/yy/robot_ws/install/examples_rclpy_minimal_action_client:/home/yy/robot_ws/install/examples_rclpy_executors:/opt/ros/foxy /usr/bin/cmake --build /home/yy/robot_ws/build/v4l2_camera -- -j2 -l2
[0.183s] Invoking command in '/home/yy/robot_ws/build/v4l2_camera': CMAKE_PREFIX_PATH=${CMAKE_PREFIX_PATH}:/home/yy/turtlebot3_ws/install/turtlebot3_teleop:/home/yy/turtlebot3_ws/install/turtlebot3_example:/home/yy/robot_ws/install/test_para:/home/yy/robot_ws/install/test_num:/home/yy/robot_ws/install/tb3_move:/home/yy/robot_ws/install/ros2_aruco:/home/yy/robot_ws/install/move_turtle_pkg:/home/yy/robot_ws/install/m_pubsub:/home/yy/robot_ws/install/imgtran:/home/yy/robot_ws/install/examples_rclpy_minimal_subscriber:/home/yy/robot_ws/install/examples_rclpy_minimal_service:/home/yy/robot_ws/install/examples_rclpy_minimal_publisher:/home/yy/robot_ws/install/examples_rclpy_minimal_client:/home/yy/robot_ws/install/examples_rclpy_minimal_action_server:/home/yy/robot_ws/install/examples_rclpy_minimal_action_client:/home/yy/robot_ws/install/examples_rclpy_executors:/opt/ros/foxy /usr/bin/cmake --install /home/yy/robot_ws/build/v4l2_camera
[0.190s] -- Install configuration: ""
[0.191s] -- Execute custom install script
[0.192s] -- Up-to-date symlink: /home/yy/robot_ws/install/v4l2_camera/include/v4l2_camera/control.hpp
[0.193s] -- Up-to-date symlink: /home/yy/robot_ws/install/v4l2_camera/include/v4l2_camera/fourcc.hpp
[0.193s] -- Up-to-date symlink: /home/yy/robot_ws/install/v4l2_camera/include/v4l2_camera/image_format.hpp
[0.193s] -- Up-to-date symlink: /home/yy/robot_ws/install/v4l2_camera/include/v4l2_camera/pixel_format.hpp
[0.194s] -- Up-to-date symlink: /home/yy/robot_ws/install/v4l2_camera/include/v4l2_camera/v4l2_camera.hpp
[0.194s] -- Up-to-date symlink: /home/yy/robot_ws/install/v4l2_camera/include/v4l2_camera/v4l2_camera_device.hpp
[0.196s] -- Up-to-date symlink: /home/yy/robot_ws/install/v4l2_camera/include/v4l2_camera/visibility_control.h
[0.196s] -- Up-to-date symlink: /home/yy/robot_ws/install/v4l2_camera/share/v4l2_camera/environment/library_path.sh
[0.196s] -- Up-to-date symlink: /home/yy/robot_ws/install/v4l2_camera/share/v4l2_camera/environment/library_path.dsv
[0.196s] -- Up-to-date symlink: /home/yy/robot_ws/install/v4l2_camera/share/ament_index/resource_index/package_run_dependencies/v4l2_camera
[0.200s] -- Up-to-date symlink: /home/yy/robot_ws/install/v4l2_camera/share/ament_index/resource_index/parent_prefix_path/v4l2_camera
[0.200s] -- Up-to-date symlink: /home/yy/robot_ws/install/v4l2_camera/share/v4l2_camera/environment/ament_prefix_path.sh
[0.200s] -- Up-to-date symlink: /home/yy/robot_ws/install/v4l2_camera/share/v4l2_camera/environment/ament_prefix_path.dsv
[0.200s] -- Up-to-date symlink: /home/yy/robot_ws/install/v4l2_camera/share/v4l2_camera/environment/path.sh
[0.200s] -- Up-to-date symlink: /home/yy/robot_ws/install/v4l2_camera/share/v4l2_camera/environment/path.dsv
[0.200s] -- Up-to-date symlink: /home/yy/robot_ws/install/v4l2_camera/share/v4l2_camera/local_setup.bash
[0.200s] -- Up-to-date symlink: /home/yy/robot_ws/install/v4l2_camera/share/v4l2_camera/local_setup.sh
[0.200s] -- Up-to-date symlink: /home/yy/robot_ws/install/v4l2_camera/share/v4l2_camera/local_setup.zsh
[0.201s] -- Up-to-date symlink: /home/yy/robot_ws/install/v4l2_camera/share/v4l2_camera/local_setup.dsv
[0.201s] -- Symlinking: /home/yy/robot_ws/install/v4l2_camera/share/v4l2_camera/package.dsv
[0.206s] -- Up-to-date symlink: /home/yy/robot_ws/install/v4l2_camera/share/ament_index/resource_index/packages/v4l2_camera
[0.207s] -- Up-to-date symlink: /home/yy/robot_ws/install/v4l2_camera/share/ament_index/resource_index/rclcpp_components/v4l2_camera
[0.207s] -- Up-to-date symlink: /home/yy/robot_ws/install/v4l2_camera/share/v4l2_camera/cmake/ament_cmake_export_include_directories-extras.cmake
[0.207s] -- Up-to-date symlink: /home/yy/robot_ws/install/v4l2_camera/share/v4l2_camera/cmake/ament_cmake_export_targets-extras.cmake
[0.208s] -- Up-to-date symlink: /home/yy/robot_ws/install/v4l2_camera/share/v4l2_camera/cmake/ament_cmake_export_libraries-extras.cmake
[0.208s] -- Up-to-date symlink: /home/yy/robot_ws/install/v4l2_camera/share/v4l2_camera/cmake/ament_cmake_export_dependencies-extras.cmake
[0.208s] -- Up-to-date symlink: /home/yy/robot_ws/install/v4l2_camera/share/v4l2_camera/cmake/v4l2_cameraConfig.cmake
[0.209s] -- Up-to-date symlink: /home/yy/robot_ws/install/v4l2_camera/share/v4l2_camera/cmake/v4l2_cameraConfig-version.cmake
[0.209s] -- Up-to-date symlink: /home/yy/robot_ws/install/v4l2_camera/share/v4l2_camera/package.xml
[0.210s] -- Up-to-date: /home/yy/robot_ws/install/v4l2_camera/lib/libv4l2_camera.so
[0.211s] -- Up-to-date: /home/yy/robot_ws/install/v4l2_camera/lib/v4l2_camera/v4l2_camera_node
[0.211s] -- Up-to-date: /home/yy/robot_ws/install/v4l2_camera/lib/v4l2_camera/v4l2_camera_compose_test
[0.212s] -- Up-to-date: /home/yy/robot_ws/install/v4l2_camera/share/v4l2_camera/cmake/export_v4l2_cameraExport.cmake
[0.212s] -- Up-to-date: /home/yy/robot_ws/install/v4l2_camera/share/v4l2_camera/cmake/export_v4l2_cameraExport-noconfig.cmake
[0.217s] Invoked command in '/home/yy/robot_ws/build/v4l2_camera' returned '0': CMAKE_PREFIX_PATH=${CMAKE_PREFIX_PATH}:/home/yy/turtlebot3_ws/install/turtlebot3_teleop:/home/yy/turtlebot3_ws/install/turtlebot3_example:/home/yy/robot_ws/install/test_para:/home/yy/robot_ws/install/test_num:/home/yy/robot_ws/install/tb3_move:/home/yy/robot_ws/install/ros2_aruco:/home/yy/robot_ws/install/move_turtle_pkg:/home/yy/robot_ws/install/m_pubsub:/home/yy/robot_ws/install/imgtran:/home/yy/robot_ws/install/examples_rclpy_minimal_subscriber:/home/yy/robot_ws/install/examples_rclpy_minimal_service:/home/yy/robot_ws/install/examples_rclpy_minimal_publisher:/home/yy/robot_ws/install/examples_rclpy_minimal_client:/home/yy/robot_ws/install/examples_rclpy_minimal_action_server:/home/yy/robot_ws/install/examples_rclpy_minimal_action_client:/home/yy/robot_ws/install/examples_rclpy_executors:/opt/ros/foxy /usr/bin/cmake --install /home/yy/robot_ws/build/v4l2_camera
