[0.018s] Invoking command in '/home/yy/robot_ws/build/ros2_aruco_interfaces': CMAKE_PREFIX_PATH=${CMAKE_PREFIX_PATH}:/home/yy/turtlebot3_ws/install/turtlebot3_teleop:/home/yy/turtlebot3_ws/install/turtlebot3_example:/home/yy/robot_ws/install/test_para:/home/yy/robot_ws/install/test_num:/home/yy/robot_ws/install/tb3_move:/home/yy/robot_ws/install/ros2_aruco:/home/yy/robot_ws/install/move_turtle_pkg:/home/yy/robot_ws/install/m_pubsub:/home/yy/robot_ws/install/imgtran:/home/yy/robot_ws/install/examples_rclpy_minimal_subscriber:/home/yy/robot_ws/install/examples_rclpy_minimal_service:/home/yy/robot_ws/install/examples_rclpy_minimal_publisher:/home/yy/robot_ws/install/examples_rclpy_minimal_client:/home/yy/robot_ws/install/examples_rclpy_minimal_action_server:/home/yy/robot_ws/install/examples_rclpy_minimal_action_client:/home/yy/robot_ws/install/examples_rclpy_executors:/opt/ros/foxy /usr/bin/cmake --build /home/yy/robot_ws/build/ros2_aruco_interfaces -- -j2 -l2
[0.066s] [  3%] Built target ros2_aruco_interfaces__cpp
[0.082s] [ 12%] Built target ros2_aruco_interfaces__rosidl_generator_c
[0.110s] [ 22%] Built target ros2_aruco_interfaces__rosidl_typesupport_fastrtps_cpp
[0.117s] [ 32%] Built target ros2_aruco_interfaces__rosidl_typesupport_cpp
[0.134s] [ 41%] Built target ros2_aruco_interfaces__rosidl_typesupport_introspection_cpp
[0.153s] [ 51%] Built target ros2_aruco_interfaces__rosidl_typesupport_introspection_c
[0.162s] [ 61%] Built target ros2_aruco_interfaces__rosidl_typesupport_c
[0.171s] [ 70%] Built target ros2_aruco_interfaces__rosidl_typesupport_fastrtps_c
[0.184s] [ 70%] Built target ros2_aruco_interfaces
[0.197s] [ 74%] Built target ros2_aruco_interfaces__py
[0.219s] [ 80%] Built target ros2_aruco_interfaces__python
[0.249s] [ 87%] Built target ros2_aruco_interfaces__rosidl_typesupport_c__pyext
[0.255s] [ 93%] Built target ros2_aruco_interfaces__rosidl_typesupport_introspection_c__pyext
[0.272s] [100%] Built target ros2_aruco_interfaces__rosidl_typesupport_fastrtps_c__pyext
[0.300s] Invoked command in '/home/yy/robot_ws/build/ros2_aruco_interfaces' returned '0': CMAKE_PREFIX_PATH=${CMAKE_PREFIX_PATH}:/home/yy/turtlebot3_ws/install/turtlebot3_teleop:/home/yy/turtlebot3_ws/install/turtlebot3_example:/home/yy/robot_ws/install/test_para:/home/yy/robot_ws/install/test_num:/home/yy/robot_ws/install/tb3_move:/home/yy/robot_ws/install/ros2_aruco:/home/yy/robot_ws/install/move_turtle_pkg:/home/yy/robot_ws/install/m_pubsub:/home/yy/robot_ws/install/imgtran:/home/yy/robot_ws/install/examples_rclpy_minimal_subscriber:/home/yy/robot_ws/install/examples_rclpy_minimal_service:/home/yy/robot_ws/install/examples_rclpy_minimal_publisher:/home/yy/robot_ws/install/examples_rclpy_minimal_client:/home/yy/robot_ws/install/examples_rclpy_minimal_action_server:/home/yy/robot_ws/install/examples_rclpy_minimal_action_client:/home/yy/robot_ws/install/examples_rclpy_executors:/opt/ros/foxy /usr/bin/cmake --build /home/yy/robot_ws/build/ros2_aruco_interfaces -- -j2 -l2
[0.348s] Invoking command in '/home/yy/robot_ws/build/ros2_aruco_interfaces': CMAKE_PREFIX_PATH=${CMAKE_PREFIX_PATH}:/home/yy/turtlebot3_ws/install/turtlebot3_teleop:/home/yy/turtlebot3_ws/install/turtlebot3_example:/home/yy/robot_ws/install/test_para:/home/yy/robot_ws/install/test_num:/home/yy/robot_ws/install/tb3_move:/home/yy/robot_ws/install/ros2_aruco:/home/yy/robot_ws/install/move_turtle_pkg:/home/yy/robot_ws/install/m_pubsub:/home/yy/robot_ws/install/imgtran:/home/yy/robot_ws/install/examples_rclpy_minimal_subscriber:/home/yy/robot_ws/install/examples_rclpy_minimal_service:/home/yy/robot_ws/install/examples_rclpy_minimal_publisher:/home/yy/robot_ws/install/examples_rclpy_minimal_client:/home/yy/robot_ws/install/examples_rclpy_minimal_action_server:/home/yy/robot_ws/install/examples_rclpy_minimal_action_client:/home/yy/robot_ws/install/examples_rclpy_executors:/opt/ros/foxy /usr/bin/cmake --install /home/yy/robot_ws/build/ros2_aruco_interfaces
[0.359s] -- Install configuration: ""
[0.359s] -- Execute custom install script
[0.360s] -- Up-to-date symlink: /home/yy/robot_ws/install/ros2_aruco_interfaces/share/ament_index/resource_index/rosidl_interfaces/ros2_aruco_interfaces
[0.361s] -- Up-to-date symlink: /home/yy/robot_ws/install/ros2_aruco_interfaces/include/ros2_aruco_interfaces/msg/aruco_markers.h
[0.361s] -- Up-to-date symlink: /home/yy/robot_ws/install/ros2_aruco_interfaces/include/ros2_aruco_interfaces/msg/detail/aruco_markers__functions.h
[0.362s] -- Up-to-date symlink: /home/yy/robot_ws/install/ros2_aruco_interfaces/include/ros2_aruco_interfaces/msg/detail/aruco_markers__struct.h
[0.362s] -- Up-to-date symlink: /home/yy/robot_ws/install/ros2_aruco_interfaces/include/ros2_aruco_interfaces/msg/detail/aruco_markers__type_support.h
[0.362s] -- Up-to-date symlink: /home/yy/robot_ws/install/ros2_aruco_interfaces/include/ros2_aruco_interfaces/msg/rosidl_generator_c__visibility_control.h
[0.363s] -- Up-to-date symlink: /home/yy/robot_ws/install/ros2_aruco_interfaces/share/ros2_aruco_interfaces/environment/library_path.sh
[0.364s] -- Up-to-date symlink: /home/yy/robot_ws/install/ros2_aruco_interfaces/share/ros2_aruco_interfaces/environment/library_path.dsv
[0.364s] -- Up-to-date symlink: /home/yy/robot_ws/install/ros2_aruco_interfaces/include/ros2_aruco_interfaces/msg/detail/aruco_markers__rosidl_typesupport_fastrtps_c.h
[0.365s] -- Up-to-date symlink: /home/yy/robot_ws/install/ros2_aruco_interfaces/include/ros2_aruco_interfaces/msg/rosidl_typesupport_fastrtps_c__visibility_control.h
[0.365s] -- Up-to-date symlink: /home/yy/robot_ws/install/ros2_aruco_interfaces/lib/libros2_aruco_interfaces__rosidl_typesupport_fastrtps_c.so
[0.366s] -- Up-to-date symlink: /home/yy/robot_ws/install/ros2_aruco_interfaces/include/ros2_aruco_interfaces/msg/detail/aruco_markers__rosidl_typesupport_fastrtps_cpp.hpp
[0.366s] -- Up-to-date symlink: /home/yy/robot_ws/install/ros2_aruco_interfaces/include/ros2_aruco_interfaces/msg/rosidl_typesupport_fastrtps_cpp__visibility_control.h
[0.367s] -- Up-to-date symlink: /home/yy/robot_ws/install/ros2_aruco_interfaces/lib/libros2_aruco_interfaces__rosidl_typesupport_fastrtps_cpp.so
[0.368s] -- Up-to-date symlink: /home/yy/robot_ws/install/ros2_aruco_interfaces/include/ros2_aruco_interfaces/msg/detail/aruco_markers__rosidl_typesupport_introspection_c.h
[0.368s] -- Up-to-date symlink: /home/yy/robot_ws/install/ros2_aruco_interfaces/include/ros2_aruco_interfaces/msg/rosidl_typesupport_introspection_c__visibility_control.h
[0.369s] -- Up-to-date symlink: /home/yy/robot_ws/install/ros2_aruco_interfaces/include/ros2_aruco_interfaces/msg/aruco_markers.hpp
[0.369s] -- Up-to-date symlink: /home/yy/robot_ws/install/ros2_aruco_interfaces/include/ros2_aruco_interfaces/msg/detail/aruco_markers__builder.hpp
[0.369s] -- Up-to-date symlink: /home/yy/robot_ws/install/ros2_aruco_interfaces/include/ros2_aruco_interfaces/msg/detail/aruco_markers__struct.hpp
[0.370s] -- Up-to-date symlink: /home/yy/robot_ws/install/ros2_aruco_interfaces/include/ros2_aruco_interfaces/msg/detail/aruco_markers__traits.hpp
[0.370s] -- Up-to-date symlink: /home/yy/robot_ws/install/ros2_aruco_interfaces/include/ros2_aruco_interfaces/msg/detail/aruco_markers__rosidl_typesupport_introspection_cpp.hpp
[0.371s] -- Up-to-date symlink: /home/yy/robot_ws/install/ros2_aruco_interfaces/share/ros2_aruco_interfaces/environment/pythonpath.sh
[0.371s] -- Up-to-date symlink: /home/yy/robot_ws/install/ros2_aruco_interfaces/share/ros2_aruco_interfaces/environment/pythonpath.dsv
[0.372s] -- Up-to-date symlink: /home/yy/robot_ws/install/ros2_aruco_interfaces/lib/python3.8/site-packages/ros2_aruco_interfaces/__init__.py
[0.372s] -- Up-to-date symlink: /home/yy/robot_ws/install/ros2_aruco_interfaces/lib/python3.8/site-packages/ros2_aruco_interfaces/msg/__init__.py
[0.372s] -- Up-to-date symlink: /home/yy/robot_ws/install/ros2_aruco_interfaces/lib/python3.8/site-packages/ros2_aruco_interfaces/msg/_aruco_markers.py
[0.373s] -- Up-to-date symlink: /home/yy/robot_ws/install/ros2_aruco_interfaces/lib/python3.8/site-packages/ros2_aruco_interfaces/ros2_aruco_interfaces_s__rosidl_typesupport_fastrtps_c.cpython-38-x86_64-linux-gnu.so
[0.374s] -- Up-to-date symlink: /home/yy/robot_ws/install/ros2_aruco_interfaces/lib/python3.8/site-packages/ros2_aruco_interfaces/ros2_aruco_interfaces_s__rosidl_typesupport_introspection_c.cpython-38-x86_64-linux-gnu.so
[0.374s] -- Up-to-date symlink: /home/yy/robot_ws/install/ros2_aruco_interfaces/lib/python3.8/site-packages/ros2_aruco_interfaces/ros2_aruco_interfaces_s__rosidl_typesupport_c.cpython-38-x86_64-linux-gnu.so
[0.375s] -- Up-to-date symlink: /home/yy/robot_ws/install/ros2_aruco_interfaces/lib/libros2_aruco_interfaces__python.so
[0.375s] -- Up-to-date symlink: /home/yy/robot_ws/install/ros2_aruco_interfaces/share/ros2_aruco_interfaces/msg/ArucoMarkers.idl
[0.376s] -- Up-to-date symlink: /home/yy/robot_ws/install/ros2_aruco_interfaces/share/ros2_aruco_interfaces/msg/ArucoMarkers.msg
[0.376s] -- Up-to-date symlink: /home/yy/robot_ws/install/ros2_aruco_interfaces/share/ament_index/resource_index/package_run_dependencies/ros2_aruco_interfaces
[0.377s] -- Up-to-date symlink: /home/yy/robot_ws/install/ros2_aruco_interfaces/share/ament_index/resource_index/parent_prefix_path/ros2_aruco_interfaces
[0.377s] -- Up-to-date symlink: /home/yy/robot_ws/install/ros2_aruco_interfaces/share/ros2_aruco_interfaces/environment/ament_prefix_path.sh
[0.378s] -- Up-to-date symlink: /home/yy/robot_ws/install/ros2_aruco_interfaces/share/ros2_aruco_interfaces/environment/ament_prefix_path.dsv
[0.378s] -- Up-to-date symlink: /home/yy/robot_ws/install/ros2_aruco_interfaces/share/ros2_aruco_interfaces/environment/path.sh
[0.378s] -- Up-to-date symlink: /home/yy/robot_ws/install/ros2_aruco_interfaces/share/ros2_aruco_interfaces/environment/path.dsv
[0.379s] -- Up-to-date symlink: /home/yy/robot_ws/install/ros2_aruco_interfaces/share/ros2_aruco_interfaces/local_setup.bash
[0.379s] -- Up-to-date symlink: /home/yy/robot_ws/install/ros2_aruco_interfaces/share/ros2_aruco_interfaces/local_setup.sh
[0.380s] -- Up-to-date symlink: /home/yy/robot_ws/install/ros2_aruco_interfaces/share/ros2_aruco_interfaces/local_setup.zsh
[0.380s] -- Up-to-date symlink: /home/yy/robot_ws/install/ros2_aruco_interfaces/share/ros2_aruco_interfaces/local_setup.dsv
[0.381s] -- Symlinking: /home/yy/robot_ws/install/ros2_aruco_interfaces/share/ros2_aruco_interfaces/package.dsv
[0.395s] -- Up-to-date symlink: /home/yy/robot_ws/install/ros2_aruco_interfaces/share/ament_index/resource_index/packages/ros2_aruco_interfaces
[0.395s] -- Up-to-date symlink: /home/yy/robot_ws/install/ros2_aruco_interfaces/share/ros2_aruco_interfaces/cmake/rosidl_cmake-extras.cmake
[0.396s] -- Up-to-date symlink: /home/yy/robot_ws/install/ros2_aruco_interfaces/share/ros2_aruco_interfaces/cmake/ament_cmake_export_dependencies-extras.cmake
[0.396s] -- Up-to-date symlink: /home/yy/robot_ws/install/ros2_aruco_interfaces/share/ros2_aruco_interfaces/cmake/ament_cmake_export_libraries-extras.cmake
[0.397s] -- Up-to-date symlink: /home/yy/robot_ws/install/ros2_aruco_interfaces/share/ros2_aruco_interfaces/cmake/ament_cmake_export_targets-extras.cmake
[0.397s] -- Up-to-date symlink: /home/yy/robot_ws/install/ros2_aruco_interfaces/share/ros2_aruco_interfaces/cmake/ament_cmake_export_include_directories-extras.cmake
[0.398s] -- Up-to-date symlink: /home/yy/robot_ws/install/ros2_aruco_interfaces/share/ros2_aruco_interfaces/cmake/rosidl_cmake_export_typesupport_libraries-extras.cmake
[0.398s] -- Up-to-date symlink: /home/yy/robot_ws/install/ros2_aruco_interfaces/share/ros2_aruco_interfaces/cmake/rosidl_cmake_export_typesupport_targets-extras.cmake
[0.399s] -- Up-to-date symlink: /home/yy/robot_ws/install/ros2_aruco_interfaces/share/ros2_aruco_interfaces/cmake/ros2_aruco_interfacesConfig.cmake
[0.399s] -- Up-to-date symlink: /home/yy/robot_ws/install/ros2_aruco_interfaces/share/ros2_aruco_interfaces/cmake/ros2_aruco_interfacesConfig-version.cmake
[0.400s] -- Up-to-date symlink: /home/yy/robot_ws/install/ros2_aruco_interfaces/share/ros2_aruco_interfaces/package.xml
[0.400s] -- Up-to-date: /home/yy/robot_ws/install/ros2_aruco_interfaces/lib/libros2_aruco_interfaces__rosidl_generator_c.so
[0.401s] -- Up-to-date: /home/yy/robot_ws/install/ros2_aruco_interfaces/lib/libros2_aruco_interfaces__rosidl_typesupport_introspection_c.so
[0.401s] -- Up-to-date: /home/yy/robot_ws/install/ros2_aruco_interfaces/lib/libros2_aruco_interfaces__rosidl_typesupport_c.so
[0.402s] -- Up-to-date: /home/yy/robot_ws/install/ros2_aruco_interfaces/lib/libros2_aruco_interfaces__rosidl_typesupport_introspection_cpp.so
[0.403s] -- Up-to-date: /home/yy/robot_ws/install/ros2_aruco_interfaces/lib/libros2_aruco_interfaces__rosidl_typesupport_cpp.so
[0.442s] -- Up-to-date: /home/yy/robot_ws/install/ros2_aruco_interfaces/share/ros2_aruco_interfaces/cmake/ros2_aruco_interfaces__rosidl_generator_cExport.cmake
[0.442s] -- Up-to-date: /home/yy/robot_ws/install/ros2_aruco_interfaces/share/ros2_aruco_interfaces/cmake/ros2_aruco_interfaces__rosidl_generator_cExport-noconfig.cmake
[0.443s] -- Up-to-date: /home/yy/robot_ws/install/ros2_aruco_interfaces/share/ros2_aruco_interfaces/cmake/ros2_aruco_interfaces__rosidl_typesupport_introspection_cExport.cmake
[0.443s] -- Up-to-date: /home/yy/robot_ws/install/ros2_aruco_interfaces/share/ros2_aruco_interfaces/cmake/ros2_aruco_interfaces__rosidl_typesupport_introspection_cExport-noconfig.cmake
[0.444s] -- Up-to-date: /home/yy/robot_ws/install/ros2_aruco_interfaces/share/ros2_aruco_interfaces/cmake/ros2_aruco_interfaces__rosidl_typesupport_cExport.cmake
[0.444s] -- Up-to-date: /home/yy/robot_ws/install/ros2_aruco_interfaces/share/ros2_aruco_interfaces/cmake/ros2_aruco_interfaces__rosidl_typesupport_cExport-noconfig.cmake
[0.445s] -- Up-to-date: /home/yy/robot_ws/install/ros2_aruco_interfaces/share/ros2_aruco_interfaces/cmake/ros2_aruco_interfaces__rosidl_generator_cppExport.cmake
[0.445s] -- Up-to-date: /home/yy/robot_ws/install/ros2_aruco_interfaces/share/ros2_aruco_interfaces/cmake/ros2_aruco_interfaces__rosidl_typesupport_introspection_cppExport.cmake
[0.446s] -- Up-to-date: /home/yy/robot_ws/install/ros2_aruco_interfaces/share/ros2_aruco_interfaces/cmake/ros2_aruco_interfaces__rosidl_typesupport_introspection_cppExport-noconfig.cmake
[0.446s] -- Up-to-date: /home/yy/robot_ws/install/ros2_aruco_interfaces/share/ros2_aruco_interfaces/cmake/ros2_aruco_interfaces__rosidl_typesupport_cppExport.cmake
[0.446s] -- Up-to-date: /home/yy/robot_ws/install/ros2_aruco_interfaces/share/ros2_aruco_interfaces/cmake/ros2_aruco_interfaces__rosidl_typesupport_cppExport-noconfig.cmake
[0.452s] Invoked command in '/home/yy/robot_ws/build/ros2_aruco_interfaces' returned '0': CMAKE_PREFIX_PATH=${CMAKE_PREFIX_PATH}:/home/yy/turtlebot3_ws/install/turtlebot3_teleop:/home/yy/turtlebot3_ws/install/turtlebot3_example:/home/yy/robot_ws/install/test_para:/home/yy/robot_ws/install/test_num:/home/yy/robot_ws/install/tb3_move:/home/yy/robot_ws/install/ros2_aruco:/home/yy/robot_ws/install/move_turtle_pkg:/home/yy/robot_ws/install/m_pubsub:/home/yy/robot_ws/install/imgtran:/home/yy/robot_ws/install/examples_rclpy_minimal_subscriber:/home/yy/robot_ws/install/examples_rclpy_minimal_service:/home/yy/robot_ws/install/examples_rclpy_minimal_publisher:/home/yy/robot_ws/install/examples_rclpy_minimal_client:/home/yy/robot_ws/install/examples_rclpy_minimal_action_server:/home/yy/robot_ws/install/examples_rclpy_minimal_action_client:/home/yy/robot_ws/install/examples_rclpy_executors:/opt/ros/foxy /usr/bin/cmake --install /home/yy/robot_ws/build/ros2_aruco_interfaces
