[0.015s] Invoking command in '/home/yy/robot_ws/build/examples_rclcpp_minimal_publisher': CMAKE_PREFIX_PATH=${CMAKE_PREFIX_PATH}:/home/yy/turtlebot3_ws/install/turtlebot3_teleop:/home/yy/turtlebot3_ws/install/turtlebot3_example:/home/yy/robot_ws/install/test_para:/home/yy/robot_ws/install/test_num:/home/yy/robot_ws/install/tb3_move:/home/yy/robot_ws/install/ros2_aruco:/home/yy/robot_ws/install/move_turtle_pkg:/home/yy/robot_ws/install/m_pubsub:/home/yy/robot_ws/install/imgtran:/home/yy/robot_ws/install/examples_rclpy_minimal_subscriber:/home/yy/robot_ws/install/examples_rclpy_minimal_service:/home/yy/robot_ws/install/examples_rclpy_minimal_publisher:/home/yy/robot_ws/install/examples_rclpy_minimal_client:/home/yy/robot_ws/install/examples_rclpy_minimal_action_server:/home/yy/robot_ws/install/examples_rclpy_minimal_action_client:/home/yy/robot_ws/install/examples_rclpy_executors:/opt/ros/foxy /usr/bin/cmake --build /home/yy/robot_ws/build/examples_rclcpp_minimal_publisher -- -j2 -l2
[0.065s] [ 33%] Built target publisher_not_composable
[0.096s] [ 66%] Built target publisher_member_function
[0.099s] [100%] Built target publisher_lambda
[0.108s] Invoked command in '/home/yy/robot_ws/build/examples_rclcpp_minimal_publisher' returned '0': CMAKE_PREFIX_PATH=${CMAKE_PREFIX_PATH}:/home/yy/turtlebot3_ws/install/turtlebot3_teleop:/home/yy/turtlebot3_ws/install/turtlebot3_example:/home/yy/robot_ws/install/test_para:/home/yy/robot_ws/install/test_num:/home/yy/robot_ws/install/tb3_move:/home/yy/robot_ws/install/ros2_aruco:/home/yy/robot_ws/install/move_turtle_pkg:/home/yy/robot_ws/install/m_pubsub:/home/yy/robot_ws/install/imgtran:/home/yy/robot_ws/install/examples_rclpy_minimal_subscriber:/home/yy/robot_ws/install/examples_rclpy_minimal_service:/home/yy/robot_ws/install/examples_rclpy_minimal_publisher:/home/yy/robot_ws/install/examples_rclpy_minimal_client:/home/yy/robot_ws/install/examples_rclpy_minimal_action_server:/home/yy/robot_ws/install/examples_rclpy_minimal_action_client:/home/yy/robot_ws/install/examples_rclpy_executors:/opt/ros/foxy /usr/bin/cmake --build /home/yy/robot_ws/build/examples_rclcpp_minimal_publisher -- -j2 -l2
[0.138s] Invoking command in '/home/yy/robot_ws/build/examples_rclcpp_minimal_publisher': CMAKE_PREFIX_PATH=${CMAKE_PREFIX_PATH}:/home/yy/turtlebot3_ws/install/turtlebot3_teleop:/home/yy/turtlebot3_ws/install/turtlebot3_example:/home/yy/robot_ws/install/test_para:/home/yy/robot_ws/install/test_num:/home/yy/robot_ws/install/tb3_move:/home/yy/robot_ws/install/ros2_aruco:/home/yy/robot_ws/install/move_turtle_pkg:/home/yy/robot_ws/install/m_pubsub:/home/yy/robot_ws/install/imgtran:/home/yy/robot_ws/install/examples_rclpy_minimal_subscriber:/home/yy/robot_ws/install/examples_rclpy_minimal_service:/home/yy/robot_ws/install/examples_rclpy_minimal_publisher:/home/yy/robot_ws/install/examples_rclpy_minimal_client:/home/yy/robot_ws/install/examples_rclpy_minimal_action_server:/home/yy/robot_ws/install/examples_rclpy_minimal_action_client:/home/yy/robot_ws/install/examples_rclpy_executors:/opt/ros/foxy /usr/bin/cmake --install /home/yy/robot_ws/build/examples_rclcpp_minimal_publisher
[0.144s] -- Install configuration: ""
[0.145s] -- Execute custom install script
[0.146s] -- Up-to-date symlink: /home/yy/robot_ws/install/examples_rclcpp_minimal_publisher/lib/examples_rclcpp_minimal_publisher/publisher_lambda
[0.146s] -- Up-to-date symlink: /home/yy/robot_ws/install/examples_rclcpp_minimal_publisher/lib/examples_rclcpp_minimal_publisher/publisher_member_function
[0.147s] -- Up-to-date symlink: /home/yy/robot_ws/install/examples_rclcpp_minimal_publisher/lib/examples_rclcpp_minimal_publisher/publisher_not_composable
[0.147s] -- Up-to-date symlink: /home/yy/robot_ws/install/examples_rclcpp_minimal_publisher/share/ament_index/resource_index/package_run_dependencies/examples_rclcpp_minimal_publisher
[0.147s] -- Up-to-date symlink: /home/yy/robot_ws/install/examples_rclcpp_minimal_publisher/share/ament_index/resource_index/parent_prefix_path/examples_rclcpp_minimal_publisher
[0.148s] -- Up-to-date symlink: /home/yy/robot_ws/install/examples_rclcpp_minimal_publisher/share/examples_rclcpp_minimal_publisher/environment/ament_prefix_path.sh
[0.148s] -- Up-to-date symlink: /home/yy/robot_ws/install/examples_rclcpp_minimal_publisher/share/examples_rclcpp_minimal_publisher/environment/ament_prefix_path.dsv
[0.148s] -- Up-to-date symlink: /home/yy/robot_ws/install/examples_rclcpp_minimal_publisher/share/examples_rclcpp_minimal_publisher/environment/path.sh
[0.148s] -- Up-to-date symlink: /home/yy/robot_ws/install/examples_rclcpp_minimal_publisher/share/examples_rclcpp_minimal_publisher/environment/path.dsv
[0.149s] -- Up-to-date symlink: /home/yy/robot_ws/install/examples_rclcpp_minimal_publisher/share/examples_rclcpp_minimal_publisher/local_setup.bash
[0.149s] -- Up-to-date symlink: /home/yy/robot_ws/install/examples_rclcpp_minimal_publisher/share/examples_rclcpp_minimal_publisher/local_setup.sh
[0.150s] -- Up-to-date symlink: /home/yy/robot_ws/install/examples_rclcpp_minimal_publisher/share/examples_rclcpp_minimal_publisher/local_setup.zsh
[0.150s] -- Up-to-date symlink: /home/yy/robot_ws/install/examples_rclcpp_minimal_publisher/share/examples_rclcpp_minimal_publisher/local_setup.dsv
[0.150s] -- Symlinking: /home/yy/robot_ws/install/examples_rclcpp_minimal_publisher/share/examples_rclcpp_minimal_publisher/package.dsv
[0.159s] -- Up-to-date symlink: /home/yy/robot_ws/install/examples_rclcpp_minimal_publisher/share/ament_index/resource_index/packages/examples_rclcpp_minimal_publisher
[0.160s] -- Up-to-date symlink: /home/yy/robot_ws/install/examples_rclcpp_minimal_publisher/share/examples_rclcpp_minimal_publisher/cmake/examples_rclcpp_minimal_publisherConfig.cmake
[0.160s] -- Up-to-date symlink: /home/yy/robot_ws/install/examples_rclcpp_minimal_publisher/share/examples_rclcpp_minimal_publisher/cmake/examples_rclcpp_minimal_publisherConfig-version.cmake
[0.160s] -- Up-to-date symlink: /home/yy/robot_ws/install/examples_rclcpp_minimal_publisher/share/examples_rclcpp_minimal_publisher/package.xml
[0.165s] Invoked command in '/home/yy/robot_ws/build/examples_rclcpp_minimal_publisher' returned '0': CMAKE_PREFIX_PATH=${CMAKE_PREFIX_PATH}:/home/yy/turtlebot3_ws/install/turtlebot3_teleop:/home/yy/turtlebot3_ws/install/turtlebot3_example:/home/yy/robot_ws/install/test_para:/home/yy/robot_ws/install/test_num:/home/yy/robot_ws/install/tb3_move:/home/yy/robot_ws/install/ros2_aruco:/home/yy/robot_ws/install/move_turtle_pkg:/home/yy/robot_ws/install/m_pubsub:/home/yy/robot_ws/install/imgtran:/home/yy/robot_ws/install/examples_rclpy_minimal_subscriber:/home/yy/robot_ws/install/examples_rclpy_minimal_service:/home/yy/robot_ws/install/examples_rclpy_minimal_publisher:/home/yy/robot_ws/install/examples_rclpy_minimal_client:/home/yy/robot_ws/install/examples_rclpy_minimal_action_server:/home/yy/robot_ws/install/examples_rclpy_minimal_action_client:/home/yy/robot_ws/install/examples_rclpy_executors:/opt/ros/foxy /usr/bin/cmake --install /home/yy/robot_ws/build/examples_rclcpp_minimal_publisher
