[  3%] [32mBuilding CXX object gtest/CMakeFiles/gtest.dir/src/gtest-all.cc.o[0m
[  6%] [32m[1mLinking CXX static library libgtest.a[0m
[  6%] Built target gtest
[  9%] [32mBuilding CXX object CMakeFiles/image_transport.dir/src/publisher.cpp.o[0m
[ 12%] [32mBuilding CXX object CMakeFiles/image_transport.dir/src/subscriber.cpp.o[0m
[ 15%] [32mBuilding CXX object CMakeFiles/image_transport.dir/src/single_subscriber_publisher.cpp.o[0m
[ 18%] [32mBuilding CXX object CMakeFiles/image_transport.dir/src/camera_publisher.cpp.o[0m
[ 21%] [32mBuilding CXX object CMakeFiles/image_transport.dir/src/camera_subscriber.cpp.o[0m
[ 25%] [32mBuilding CXX object CMakeFiles/image_transport.dir/src/image_transport.cpp.o[0m
[ 28%] [32m[1mLinking CXX shared library libimage_transport.so[0m
[ 31%] Built target image_transport
[35m[1mScanning dependencies of target gtest_main[0m
[ 34%] [32mBuilding CXX object gtest/CMakeFiles/gtest_main.dir/src/gtest_main.cc.o[0m
[ 37%] [32m[1mLinking CXX static library libgtest_main.a[0m
[ 37%] Built target gtest_main
[35m[1mScanning dependencies of target list_transports[0m
[ 40%] [32mBuilding CXX object CMakeFiles/list_transports.dir/src/list_transports.cpp.o[0m
[ 43%] [32m[1mLinking CXX executable list_transports[0m
[ 43%] Built target list_transports
[35m[1mScanning dependencies of target image_transport_plugins[0m
[ 46%] [32mBuilding CXX object CMakeFiles/image_transport_plugins.dir/src/manifest.cpp.o[0m
[ 50%] [32m[1mLinking CXX shared library libimage_transport_plugins.so[0m
[ 50%] Built target image_transport_plugins
[35m[1mScanning dependencies of target republish[0m
[ 53%] [32mBuilding CXX object CMakeFiles/republish.dir/src/republish.cpp.o[0m
