[1.035s] Invoking command in '/home/yy/robot_ws/build/m_pubsub': PYTHONPATH=/home/yy/robot_ws/build/m_pubsub/prefix_override:/home/yy/robot_ws/install/m_pubsub/lib/python3.8/site-packages:${PYTHONPATH} /usr/bin/python3 setup.py develop --editable --build-directory /home/yy/robot_ws/build/m_pubsub/build --no-deps install_data
[1.362s] running develop
[1.544s] running egg_info
[1.544s] creating m_pubsub.egg-info
[1.545s] writing m_pubsub.egg-info/PKG-INFO
[1.546s] writing dependency_links to m_pubsub.egg-info/dependency_links.txt
[1.546s] writing entry points to m_pubsub.egg-info/entry_points.txt
[1.547s] writing requirements to m_pubsub.egg-info/requires.txt
[1.547s] writing top-level names to m_pubsub.egg-info/top_level.txt
[1.553s] writing manifest file 'm_pubsub.egg-info/SOURCES.txt'
[1.594s] reading manifest file 'm_pubsub.egg-info/SOURCES.txt'
[1.595s] writing manifest file 'm_pubsub.egg-info/SOURCES.txt'
[1.644s] running build_ext
[1.645s] Creating /home/yy/robot_ws/install/m_pubsub/lib/python3.8/site-packages/site.py
[1.648s] Creating /home/yy/robot_ws/install/m_pubsub/lib/python3.8/site-packages/m-pubsub.egg-link (link to .)
[1.649s] Installing mp script to /home/yy/robot_ws/install/m_pubsub/lib/m_pubsub
[1.650s] Installing ms script to /home/yy/robot_ws/install/m_pubsub/lib/m_pubsub
[1.651s] 
[1.651s] Installed /home/yy/robot_ws/build/m_pubsub
[1.651s] running install_data
[1.652s] creating /home/yy/robot_ws/install/m_pubsub/share/ament_index
[1.652s] creating /home/yy/robot_ws/install/m_pubsub/share/ament_index/resource_index
[1.652s] creating /home/yy/robot_ws/install/m_pubsub/share/ament_index/resource_index/packages
[1.653s] copying resource/m_pubsub -> /home/yy/robot_ws/install/m_pubsub/share/ament_index/resource_index/packages
[1.653s] copying package.xml -> /home/yy/robot_ws/install/m_pubsub/share/m_pubsub
[1.681s] Invoked command in '/home/yy/robot_ws/build/m_pubsub' returned '0': PYTHONPATH=/home/yy/robot_ws/build/m_pubsub/prefix_override:/home/yy/robot_ws/install/m_pubsub/lib/python3.8/site-packages:${PYTHONPATH} /usr/bin/python3 setup.py develop --editable --build-directory /home/yy/robot_ws/build/m_pubsub/build --no-deps install_data
