[0.069s] Invoking command in '/home/yy/robot_ws/build/camera_calibration_parsers': CMAKE_PREFIX_PATH=${CMAKE_PREFIX_PATH}:/home/yy/turtlebot3_ws/install/turtlebot3_teleop:/home/yy/turtlebot3_ws/install/turtlebot3_example:/home/yy/robot_ws/install/test_para:/home/yy/robot_ws/install/test_num:/home/yy/robot_ws/install/tb3_move:/home/yy/robot_ws/install/move_turtle_pkg:/home/yy/robot_ws/install/m_pubsub:/opt/ros/foxy /usr/bin/cmake /home/yy/robot_ws/image_common/camera_calibration_parsers -DAMENT_CMAKE_SYMLINK_INSTALL=1 -DCMAKE_INSTALL_PREFIX=/home/yy/robot_ws/install/camera_calibration_parsers
[0.332s] -- The C compiler identification is GNU 9.4.0
[0.591s] -- The CXX compiler identification is GNU 9.4.0
[0.613s] -- Check for working C compiler: /usr/bin/cc
[0.837s] -- Check for working C compiler: /usr/bin/cc -- works
[0.839s] -- Detecting C compiler ABI info
[0.954s] -- Detecting C compiler ABI info - done
[0.966s] -- Detecting C compile features
[0.967s] -- Detecting C compile features - done
[0.970s] -- Check for working CXX compiler: /usr/bin/c++
[1.190s] -- Check for working CXX compiler: /usr/bin/c++ -- works
[1.190s] -- Detecting CXX compiler ABI info
[1.314s] -- Detecting CXX compiler ABI info - done
[1.333s] -- Detecting CXX compile features
[1.335s] -- Detecting CXX compile features - done
[1.347s] -- Found ament_cmake_ros: 0.9.2 (/opt/ros/foxy/share/ament_cmake_ros/cmake)
[1.457s] -- Found PythonInterp: /usr/bin/python3 (found suitable version "3.8.10", minimum required is "3") 
[1.457s] -- Using PYTHON_EXECUTABLE: /usr/bin/python3
[1.913s] -- Override CMake install command with custom implementation using symlinks instead of copying resources
[2.019s] -- Found rclcpp: 2.4.2 (/opt/ros/foxy/share/rclcpp/cmake)
[2.166s] -- Using all available rosidl_typesupport_c: rosidl_typesupport_fastrtps_c;rosidl_typesupport_introspection_c
[2.212s] -- Found rosidl_adapter: 1.3.0 (/opt/ros/foxy/share/rosidl_adapter/cmake)
[2.477s] -- Found OpenSSL: /usr/lib/x86_64-linux-gnu/libcrypto.so (found version "1.1.1f")  
[2.522s] -- Found FastRTPS: /opt/ros/foxy/include  
[2.674s] -- Using all available rosidl_typesupport_cpp: rosidl_typesupport_fastrtps_cpp;rosidl_typesupport_introspection_cpp
[2.799s] -- Found rmw_implementation_cmake: 1.0.3 (/opt/ros/foxy/share/rmw_implementation_cmake/cmake)
[2.805s] -- Using RMW implementation 'rmw_fastrtps_cpp' as default
[2.809s] -- Looking for pthread.h
[3.243s] -- Looking for pthread.h - found
[3.244s] -- Performing Test CMAKE_HAVE_LIBC_PTHREAD
[3.494s] -- Performing Test CMAKE_HAVE_LIBC_PTHREAD - Failed
[3.494s] -- Looking for pthread_create in pthreads
[3.697s] -- Looking for pthread_create in pthreads - not found
[3.706s] -- Looking for pthread_create in pthread
[4.049s] -- Looking for pthread_create in pthread - found
[4.050s] -- Found Threads: TRUE  
[4.431s] -- Found sensor_msgs: 2.0.5 (/opt/ros/foxy/share/sensor_msgs/cmake)
[4.931s] -- Found yaml_cpp_vendor: 7.0.3 (/opt/ros/foxy/share/yaml_cpp_vendor/cmake)
[4.933s] -- Setting yaml-cpp_DIR to: '/opt/ros/foxy/share/yaml_cpp_vendor/cmake/../../../opt/yaml_cpp_vendor/lib/cmake/yaml-cpp'
[4.946s] -- Found ament_cmake_cppcheck: 0.9.7 (/opt/ros/foxy/share/ament_cmake_cppcheck/cmake)
[4.959s] -- Found ament_cmake_cpplint: 0.9.7 (/opt/ros/foxy/share/ament_cmake_cpplint/cmake)
[4.973s] -- Found ament_cmake_lint_cmake: 0.9.7 (/opt/ros/foxy/share/ament_cmake_lint_cmake/cmake)
[4.988s] -- Found ament_cmake_uncrustify: 0.9.7 (/opt/ros/foxy/share/ament_cmake_uncrustify/cmake)
[5.015s] -- Found gtest sources under '/opt/ros/foxy/src/gtest_vendor': C++ tests using 'Google Test' will be built
[5.027s] -- Check if compiler accepts -pthread
[5.505s] -- Check if compiler accepts -pthread - yes
[5.894s] -- Configuring done
[6.029s] -- Generating done
[6.047s] -- Build files have been written to: /home/yy/robot_ws/build/camera_calibration_parsers
[6.106s] Invoked command in '/home/yy/robot_ws/build/camera_calibration_parsers' returned '0': CMAKE_PREFIX_PATH=${CMAKE_PREFIX_PATH}:/home/yy/turtlebot3_ws/install/turtlebot3_teleop:/home/yy/turtlebot3_ws/install/turtlebot3_example:/home/yy/robot_ws/install/test_para:/home/yy/robot_ws/install/test_num:/home/yy/robot_ws/install/tb3_move:/home/yy/robot_ws/install/move_turtle_pkg:/home/yy/robot_ws/install/m_pubsub:/opt/ros/foxy /usr/bin/cmake /home/yy/robot_ws/image_common/camera_calibration_parsers -DAMENT_CMAKE_SYMLINK_INSTALL=1 -DCMAKE_INSTALL_PREFIX=/home/yy/robot_ws/install/camera_calibration_parsers
[6.114s] Invoking command in '/home/yy/robot_ws/build/camera_calibration_parsers': CMAKE_PREFIX_PATH=${CMAKE_PREFIX_PATH}:/home/yy/turtlebot3_ws/install/turtlebot3_teleop:/home/yy/turtlebot3_ws/install/turtlebot3_example:/home/yy/robot_ws/install/test_para:/home/yy/robot_ws/install/test_num:/home/yy/robot_ws/install/tb3_move:/home/yy/robot_ws/install/move_turtle_pkg:/home/yy/robot_ws/install/m_pubsub:/opt/ros/foxy /usr/bin/cmake --build /home/yy/robot_ws/build/camera_calibration_parsers -- -j2 -l2
[6.439s] [35m[1mScanning dependencies of target gtest[0m
[6.482s] [35m[1mScanning dependencies of target camera_calibration_parsers[0m
[6.593s] [  7%] [32mBuilding CXX object gtest/CMakeFiles/gtest.dir/src/gtest-all.cc.o[0m
[7.397s] [ 14%] [32mBuilding CXX object CMakeFiles/camera_calibration_parsers.dir/src/parse.cpp.o[0m
