[0.000000] (-) TimerEvent: {}
[0.000640] (-) JobUnselected: {'identifier': 'ar_track'}
[0.000687] (-) JobUnselected: {'identifier': 'class_test_interfaces'}
[0.000721] (-) JobUnselected: {'identifier': 'examples_rclcpp_minimal_action_client'}
[0.000752] (-) JobUnselected: {'identifier': 'examples_rclcpp_minimal_action_server'}
[0.000767] (-) JobUnselected: {'identifier': 'examples_rclcpp_minimal_client'}
[0.000779] (-) JobUnselected: {'identifier': 'examples_rclcpp_minimal_composition'}
[0.000829] (-) JobUnselected: {'identifier': 'examples_rclcpp_minimal_publisher'}
[0.000848] (-) JobUnselected: {'identifier': 'examples_rclcpp_minimal_service'}
[0.001010] (-) JobUnselected: {'identifier': 'examples_rclcpp_minimal_subscriber'}
[0.001054] (-) JobUnselected: {'identifier': 'examples_rclcpp_minimal_timer'}
[0.001133] (-) JobUnselected: {'identifier': 'examples_rclcpp_multithreaded_executor'}
[0.001162] (-) JobUnselected: {'identifier': 'examples_rclpy_executors'}
[0.001174] (-) JobUnselected: {'identifier': 'examples_rclpy_minimal_action_client'}
[0.001204] (-) JobUnselected: {'identifier': 'examples_rclpy_minimal_action_server'}
[0.001215] (-) JobUnselected: {'identifier': 'examples_rclpy_minimal_client'}
[0.001224] (-) JobUnselected: {'identifier': 'examples_rclpy_minimal_publisher'}
[0.001233] (-) JobUnselected: {'identifier': 'examples_rclpy_minimal_service'}
[0.001242] (-) JobUnselected: {'identifier': 'examples_rclpy_minimal_subscriber'}
[0.001250] (-) JobUnselected: {'identifier': 'imgtran'}
[0.001259] (-) JobUnselected: {'identifier': 'm_pubsub'}
[0.001268] (-) JobUnselected: {'identifier': 'move_turtle_pkg'}
[0.001276] (-) JobUnselected: {'identifier': 'ros2_aruco'}
[0.001284] (-) JobUnselected: {'identifier': 'ros2_aruco_interfaces'}
[0.001293] (-) JobUnselected: {'identifier': 'tb3_move'}
[0.001302] (-) JobUnselected: {'identifier': 'test_num'}
[0.001321] (-) JobUnselected: {'identifier': 'test_para'}
[0.001336] (-) JobUnselected: {'identifier': 'v4l2_camera'}
[0.001533] (-) EventReactorShutdown: {}
