[0.523s] Invoking command in '/home/yy/robot_ws/build/examples_rclpy_executors': PYTHONPATH=/home/yy/robot_ws/build/examples_rclpy_executors/prefix_override:/home/yy/robot_ws/install/examples_rclpy_executors/lib/python3.8/site-packages:${PYTHONPATH} /usr/bin/python3 setup.py develop --editable --build-directory /home/yy/robot_ws/build/examples_rclpy_executors/build --no-deps install_data
[0.698s] running develop
[0.800s] running egg_info
[0.801s] writing examples_rclpy_executors.egg-info/PKG-INFO
[0.801s] writing dependency_links to examples_rclpy_executors.egg-info/dependency_links.txt
[0.802s] writing entry points to examples_rclpy_executors.egg-info/entry_points.txt
[0.802s] writing requirements to examples_rclpy_executors.egg-info/requires.txt
[0.802s] writing top-level names to examples_rclpy_executors.egg-info/top_level.txt
[0.825s] reading manifest file 'examples_rclpy_executors.egg-info/SOURCES.txt'
[0.826s] writing manifest file 'examples_rclpy_executors.egg-info/SOURCES.txt'
[0.850s] running build_ext
[0.851s] Creating /home/yy/robot_ws/install/examples_rclpy_executors/lib/python3.8/site-packages/examples-rclpy-executors.egg-link (link to .)
[0.852s] Installing callback_group script to /home/yy/robot_ws/install/examples_rclpy_executors/lib/examples_rclpy_executors
[0.852s] Installing composed script to /home/yy/robot_ws/install/examples_rclpy_executors/lib/examples_rclpy_executors
[0.852s] Installing custom_callback_group script to /home/yy/robot_ws/install/examples_rclpy_executors/lib/examples_rclpy_executors
[0.853s] Installing custom_executor script to /home/yy/robot_ws/install/examples_rclpy_executors/lib/examples_rclpy_executors
[0.853s] Installing listener script to /home/yy/robot_ws/install/examples_rclpy_executors/lib/examples_rclpy_executors
[0.853s] Installing talker script to /home/yy/robot_ws/install/examples_rclpy_executors/lib/examples_rclpy_executors
[0.854s] 
[0.854s] Installed /home/yy/robot_ws/build/examples_rclpy_executors
[0.854s] running install_data
[0.873s] Invoked command in '/home/yy/robot_ws/build/examples_rclpy_executors' returned '0': PYTHONPATH=/home/yy/robot_ws/build/examples_rclpy_executors/prefix_override:/home/yy/robot_ws/install/examples_rclpy_executors/lib/python3.8/site-packages:${PYTHONPATH} /usr/bin/python3 setup.py develop --editable --build-directory /home/yy/robot_ws/build/examples_rclpy_executors/build --no-deps install_data
