[0.765s] Invoking command in '/home/yy/robot_ws/build/move_turtle_pkg': PYTHONPATH=/home/yy/robot_ws/build/move_turtle_pkg/prefix_override:/home/yy/robot_ws/install/move_turtle_pkg/lib/python3.8/site-packages:${PYTHONPATH} /usr/bin/python3 setup.py develop --editable --build-directory /home/yy/robot_ws/build/move_turtle_pkg/build --no-deps install_data
[1.168s] running develop
[1.373s] running egg_info
[1.374s] creating move_turtle_pkg.egg-info
[1.374s] writing move_turtle_pkg.egg-info/PKG-INFO
[1.376s] writing dependency_links to move_turtle_pkg.egg-info/dependency_links.txt
[1.377s] writing entry points to move_turtle_pkg.egg-info/entry_points.txt
[1.377s] writing requirements to move_turtle_pkg.egg-info/requires.txt
[1.377s] writing top-level names to move_turtle_pkg.egg-info/top_level.txt
[1.378s] writing manifest file 'move_turtle_pkg.egg-info/SOURCES.txt'
[1.426s] reading manifest file 'move_turtle_pkg.egg-info/SOURCES.txt'
[1.429s] writing manifest file 'move_turtle_pkg.egg-info/SOURCES.txt'
[1.476s] running build_ext
[1.480s] Creating /home/yy/robot_ws/install/move_turtle_pkg/lib/python3.8/site-packages/move-turtle-pkg.egg-link (link to .)
[1.481s] Installing hp script to /home/yy/robot_ws/install/move_turtle_pkg/lib/move_turtle_pkg
[1.481s] Installing ss script to /home/yy/robot_ws/install/move_turtle_pkg/lib/move_turtle_pkg
[1.482s] 
[1.482s] Installed /home/yy/robot_ws/build/move_turtle_pkg
[1.482s] running install_data
[1.589s] Invoked command in '/home/yy/robot_ws/build/move_turtle_pkg' returned '0': PYTHONPATH=/home/yy/robot_ws/build/move_turtle_pkg/prefix_override:/home/yy/robot_ws/install/move_turtle_pkg/lib/python3.8/site-packages:${PYTHONPATH} /usr/bin/python3 setup.py develop --editable --build-directory /home/yy/robot_ws/build/move_turtle_pkg/build --no-deps install_data
