[0.810s] Invoking command in '/home/yy/robot_ws/build/examples_rclpy_minimal_action_server': PYTHONPATH=/home/yy/robot_ws/build/examples_rclpy_minimal_action_server/prefix_override:/home/yy/robot_ws/install/examples_rclpy_minimal_action_server/lib/python3.8/site-packages:${PYTHONPATH} /usr/bin/python3 setup.py develop --editable --build-directory /home/yy/robot_ws/build/examples_rclpy_minimal_action_server/build --no-deps install_data
[1.091s] running develop
[1.218s] running egg_info
[1.218s] writing examples_rclpy_minimal_action_server.egg-info/PKG-INFO
[1.219s] writing dependency_links to examples_rclpy_minimal_action_server.egg-info/dependency_links.txt
[1.219s] writing entry points to examples_rclpy_minimal_action_server.egg-info/entry_points.txt
[1.220s] writing requirements to examples_rclpy_minimal_action_server.egg-info/requires.txt
[1.220s] writing top-level names to examples_rclpy_minimal_action_server.egg-info/top_level.txt
[1.248s] reading manifest file 'examples_rclpy_minimal_action_server.egg-info/SOURCES.txt'
[1.249s] writing manifest file 'examples_rclpy_minimal_action_server.egg-info/SOURCES.txt'
[1.278s] running build_ext
[1.279s] Creating /home/yy/robot_ws/install/examples_rclpy_minimal_action_server/lib/python3.8/site-packages/examples-rclpy-minimal-action-server.egg-link (link to .)
[1.280s] Installing server script to /home/yy/robot_ws/install/examples_rclpy_minimal_action_server/lib/examples_rclpy_minimal_action_server
[1.280s] Installing server_defer script to /home/yy/robot_ws/install/examples_rclpy_minimal_action_server/lib/examples_rclpy_minimal_action_server
[1.280s] Installing server_not_composable script to /home/yy/robot_ws/install/examples_rclpy_minimal_action_server/lib/examples_rclpy_minimal_action_server
[1.281s] Installing server_queue_goals script to /home/yy/robot_ws/install/examples_rclpy_minimal_action_server/lib/examples_rclpy_minimal_action_server
[1.281s] Installing server_single_goal script to /home/yy/robot_ws/install/examples_rclpy_minimal_action_server/lib/examples_rclpy_minimal_action_server
[1.282s] 
[1.282s] Installed /home/yy/robot_ws/build/examples_rclpy_minimal_action_server
[1.282s] running install_data
[1.305s] Invoked command in '/home/yy/robot_ws/build/examples_rclpy_minimal_action_server' returned '0': PYTHONPATH=/home/yy/robot_ws/build/examples_rclpy_minimal_action_server/prefix_override:/home/yy/robot_ws/install/examples_rclpy_minimal_action_server/lib/python3.8/site-packages:${PYTHONPATH} /usr/bin/python3 setup.py develop --editable --build-directory /home/yy/robot_ws/build/examples_rclpy_minimal_action_server/build --no-deps install_data
