[0.041s] Invoking command in '/home/yy/robot_ws/build/image_transport': CMAKE_PREFIX_PATH=${CMAKE_PREFIX_PATH}:/home/yy/turtlebot3_ws/install/turtlebot3_teleop:/home/yy/turtlebot3_ws/install/turtlebot3_example:/home/yy/robot_ws/install/test_para:/home/yy/robot_ws/install/test_num:/home/yy/robot_ws/install/tb3_move:/home/yy/robot_ws/install/move_turtle_pkg:/home/yy/robot_ws/install/m_pubsub:/opt/ros/foxy /usr/bin/cmake /home/yy/robot_ws/image_common/image_transport -DAMENT_CMAKE_SYMLINK_INSTALL=1 -DCMAKE_INSTALL_PREFIX=/home/yy/robot_ws/install/image_transport
[0.312s] -- The C compiler identification is GNU 9.4.0
[0.553s] -- The CXX compiler identification is GNU 9.4.0
[0.573s] -- Check for working C compiler: /usr/bin/cc
[0.782s] -- Check for working C compiler: /usr/bin/cc -- works
[0.784s] -- Detecting C compiler ABI info
[0.899s] -- Detecting C compiler ABI info - done
[0.915s] -- Detecting C compile features
[0.916s] -- Detecting C compile features - done
[0.920s] -- Check for working CXX compiler: /usr/bin/c++
[1.136s] -- Check for working CXX compiler: /usr/bin/c++ -- works
[1.146s] -- Detecting CXX compiler ABI info
[1.294s] -- Detecting CXX compiler ABI info - done
[1.309s] -- Detecting CXX compile features
[1.310s] -- Detecting CXX compile features - done
[1.314s] -- Found ament_cmake_ros: 0.9.2 (/opt/ros/foxy/share/ament_cmake_ros/cmake)
[1.425s] -- Found PythonInterp: /usr/bin/python3 (found suitable version "3.8.10", minimum required is "3") 
[1.426s] -- Using PYTHON_EXECUTABLE: /usr/bin/python3
[1.878s] -- Override CMake install command with custom implementation using symlinks instead of copying resources
[1.977s] -- Found message_filters: 3.2.5 (/opt/ros/foxy/share/message_filters/cmake)
[2.026s] -- Found pluginlib: 2.5.4 (/opt/ros/foxy/share/pluginlib/cmake)
[2.124s] -- Found rclcpp: 2.4.2 (/opt/ros/foxy/share/rclcpp/cmake)
[2.268s] -- Using all available rosidl_typesupport_c: rosidl_typesupport_fastrtps_c;rosidl_typesupport_introspection_c
[2.310s] -- Found rosidl_adapter: 1.3.0 (/opt/ros/foxy/share/rosidl_adapter/cmake)
[2.457s] -- Found OpenSSL: /usr/lib/x86_64-linux-gnu/libcrypto.so (found version "1.1.1f")  
[2.519s] -- Found FastRTPS: /opt/ros/foxy/include  
[2.662s] -- Using all available rosidl_typesupport_cpp: rosidl_typesupport_fastrtps_cpp;rosidl_typesupport_introspection_cpp
[2.774s] -- Found rmw_implementation_cmake: 1.0.3 (/opt/ros/foxy/share/rmw_implementation_cmake/cmake)
[2.778s] -- Using RMW implementation 'rmw_fastrtps_cpp' as default
[2.780s] -- Looking for pthread.h
[3.201s] -- Looking for pthread.h - found
[3.205s] -- Performing Test CMAKE_HAVE_LIBC_PTHREAD
[3.467s] -- Performing Test CMAKE_HAVE_LIBC_PTHREAD - Failed
[3.470s] -- Looking for pthread_create in pthreads
[3.663s] -- Looking for pthread_create in pthreads - not found
[3.664s] -- Looking for pthread_create in pthread
[3.918s] -- Looking for pthread_create in pthread - found
[3.921s] -- Found Threads: TRUE  
[4.427s] -- Found sensor_msgs: 2.0.5 (/opt/ros/foxy/share/sensor_msgs/cmake)
[4.717s] -- Found ament_lint_auto: 0.9.7 (/opt/ros/foxy/share/ament_lint_auto/cmake)
[4.965s] -- Found gtest sources under '/opt/ros/foxy/src/gtest_vendor': C++ tests using 'Google Test' will be built
[4.972s] -- Check if compiler accepts -pthread
[5.401s] -- Check if compiler accepts -pthread - yes
[5.507s] -- Added test 'copyright' to check source files copyright and LICENSE
[5.514s] -- Added test 'cpplint' to check C / C++ code against the Google style
[5.514s] -- Configured cpplint exclude dirs and/or files: 
[5.523s] -- Added test 'lint_cmake' to check CMake code style
[5.533s] -- Added test 'uncrustify' to check C / C++ code style
[5.533s] -- Configured uncrustify additional arguments: 
[5.539s] -- Added test 'xmllint' to check XML markup files
[5.593s] -- Configuring done
[5.735s] -- Generating done
[5.742s] -- Build files have been written to: /home/yy/robot_ws/build/image_transport
[5.763s] Invoked command in '/home/yy/robot_ws/build/image_transport' returned '0': CMAKE_PREFIX_PATH=${CMAKE_PREFIX_PATH}:/home/yy/turtlebot3_ws/install/turtlebot3_teleop:/home/yy/turtlebot3_ws/install/turtlebot3_example:/home/yy/robot_ws/install/test_para:/home/yy/robot_ws/install/test_num:/home/yy/robot_ws/install/tb3_move:/home/yy/robot_ws/install/move_turtle_pkg:/home/yy/robot_ws/install/m_pubsub:/opt/ros/foxy /usr/bin/cmake /home/yy/robot_ws/image_common/image_transport -DAMENT_CMAKE_SYMLINK_INSTALL=1 -DCMAKE_INSTALL_PREFIX=/home/yy/robot_ws/install/image_transport
[5.780s] Invoking command in '/home/yy/robot_ws/build/image_transport': CMAKE_PREFIX_PATH=${CMAKE_PREFIX_PATH}:/home/yy/turtlebot3_ws/install/turtlebot3_teleop:/home/yy/turtlebot3_ws/install/turtlebot3_example:/home/yy/robot_ws/install/test_para:/home/yy/robot_ws/install/test_num:/home/yy/robot_ws/install/tb3_move:/home/yy/robot_ws/install/move_turtle_pkg:/home/yy/robot_ws/install/m_pubsub:/opt/ros/foxy /usr/bin/cmake --build /home/yy/robot_ws/build/image_transport -- -j2 -l2
[5.938s] [35m[1mScanning dependencies of target gtest[0m
[5.941s] [35m[1mScanning dependencies of target image_transport[0m
[6.175s] [  3%] [32mBuilding CXX object gtest/CMakeFiles/gtest.dir/src/gtest-all.cc.o[0m
[6.188s] [  6%] [32mBuilding CXX object CMakeFiles/image_transport.dir/src/camera_common.cpp.o[0m
[9.868s] [  9%] [32mBuilding CXX object CMakeFiles/image_transport.dir/src/publisher.cpp.o[0m
