running develop
running egg_info
creating ros2_aruco.egg-info
writing ros2_aruco.egg-info/PKG-INFO
writing dependency_links to ros2_aruco.egg-info/dependency_links.txt
writing entry points to ros2_aruco.egg-info/entry_points.txt
writing requirements to ros2_aruco.egg-info/requires.txt
writing top-level names to ros2_aruco.egg-info/top_level.txt
writing manifest file 'ros2_aruco.egg-info/SOURCES.txt'
reading manifest file 'ros2_aruco.egg-info/SOURCES.txt'
writing manifest file 'ros2_aruco.egg-info/SOURCES.txt'
package init file 'ros2_aruco/__init__.py' not found (or not a regular file)
running build_ext
Creating /home/yy/robot_ws/install/ros2_aruco/lib/python3.8/site-packages/site.py
Creating /home/yy/robot_ws/install/ros2_aruco/lib/python3.8/site-packages/ros2-aruco.egg-link (link to .)
Installing aruco_generate_marker script to /home/yy/robot_ws/install/ros2_aruco/lib/ros2_aruco
Installing aruco_node script to /home/yy/robot_ws/install/ros2_aruco/lib/ros2_aruco

Installed /home/yy/robot_ws/build/ros2_aruco
running install_data
creating /home/yy/robot_ws/install/ros2_aruco/share/ament_index
creating /home/yy/robot_ws/install/ros2_aruco/share/ament_index/resource_index
creating /home/yy/robot_ws/install/ros2_aruco/share/ament_index/resource_index/packages
error: can't copy 'resource/ros2_aruco': doesn't exist or not a regular file
