[0.060s] Invoking command in '/home/yy/robot_ws/build/ros2_aruco_interfaces': CMAKE_PREFIX_PATH=${CMAKE_PREFIX_PATH}:/home/yy/turtlebot3_ws/install/turtlebot3_teleop:/home/yy/turtlebot3_ws/install/turtlebot3_example:/home/yy/robot_ws/install/test_para:/home/yy/robot_ws/install/test_num:/home/yy/robot_ws/install/tb3_move:/home/yy/robot_ws/install/move_turtle_pkg:/home/yy/robot_ws/install/m_pubsub:/opt/ros/foxy /usr/bin/cmake /home/yy/robot_ws/src/aruco_marker-in-ROS2/ros2_aruco/ros2_aruco_interfaces -DAMENT_CMAKE_SYMLINK_INSTALL=1 -DCMAKE_INSTALL_PREFIX=/home/yy/robot_ws/install/ros2_aruco_interfaces
[0.479s] -- The C compiler identification is GNU 9.4.0
[0.684s] -- The CXX compiler identification is GNU 9.4.0
[0.700s] -- Check for working C compiler: /usr/bin/cc
[0.922s] -- Check for working C compiler: /usr/bin/cc -- works
[0.929s] -- Detecting C compiler ABI info
[1.079s] -- Detecting C compiler ABI info - done
[1.088s] -- Detecting C compile features
[1.089s] -- Detecting C compile features - done
[1.093s] -- Check for working CXX compiler: /usr/bin/c++
[1.216s] -- Check for working CXX compiler: /usr/bin/c++ -- works
[1.217s] -- Detecting CXX compiler ABI info
[1.383s] -- Detecting CXX compiler ABI info - done
[1.402s] -- Detecting CXX compile features
[1.405s] -- Detecting CXX compile features - done
[1.413s] -- Found ament_cmake: 0.9.11 (/opt/ros/foxy/share/ament_cmake/cmake)
[1.479s] -- Found PythonInterp: /usr/bin/python3 (found suitable version "3.8.10", minimum required is "3") 
[1.479s] -- Using PYTHON_EXECUTABLE: /usr/bin/python3
[1.763s] -- Override CMake install command with custom implementation using symlinks instead of copying resources
[1.850s] -- Found geometry_msgs: 2.0.5 (/opt/ros/foxy/share/geometry_msgs/cmake)
[1.941s] -- Using all available rosidl_typesupport_c: rosidl_typesupport_fastrtps_c;rosidl_typesupport_introspection_c
[1.960s] -- Found rosidl_adapter: 1.3.0 (/opt/ros/foxy/share/rosidl_adapter/cmake)
[2.131s] -- Found OpenSSL: /usr/lib/x86_64-linux-gnu/libcrypto.so (found version "1.1.1f")  
[2.193s] -- Found FastRTPS: /opt/ros/foxy/include  
[2.350s] -- Using all available rosidl_typesupport_cpp: rosidl_typesupport_fastrtps_cpp;rosidl_typesupport_introspection_cpp
[2.515s] -- Found rosidl_default_generators: 1.0.1 (/opt/ros/foxy/share/rosidl_default_generators/cmake)
[2.595s] -- Found PythonInterp: /usr/bin/python3 (found version "3.8.10") 
[2.909s] -- Found ament_cmake_ros: 0.9.2 (/opt/ros/foxy/share/ament_cmake_ros/cmake)
[3.353s] -- Using all available rosidl_typesupport_c: rosidl_typesupport_fastrtps_c;rosidl_typesupport_introspection_c
[3.550s] -- Using all available rosidl_typesupport_cpp: rosidl_typesupport_fastrtps_cpp;rosidl_typesupport_introspection_cpp
[3.610s] -- Found PythonInterp: /usr/bin/python3 (found suitable version "3.8.10", minimum required is "3.5") 
[3.615s] -- Found python_cmake_module: 0.8.1 (/opt/ros/foxy/share/python_cmake_module/cmake)
[3.677s] -- Found PythonLibs: /usr/lib/x86_64-linux-gnu/libpython3.8.so (found suitable version "3.8.10", minimum required is "3.5") 
[3.678s] -- Using PYTHON_EXECUTABLE: /usr/bin/python3
[3.678s] -- Using PYTHON_INCLUDE_DIRS: /usr/include/python3.8
[3.678s] -- Using PYTHON_LIBRARIES: /usr/lib/x86_64-linux-gnu/libpython3.8.so
[3.723s] -- Found PythonExtra: .so  
[3.884s] -- Found ament_lint_auto: 0.9.7 (/opt/ros/foxy/share/ament_lint_auto/cmake)
[3.961s] -- Added test 'copyright' to check source files copyright and LICENSE
[3.964s] -- Added test 'lint_cmake' to check CMake code style
[3.966s] -- Added test 'xmllint' to check XML markup files
[3.977s] -- Configuring done
[4.079s] -- Generating done
[4.084s] -- Build files have been written to: /home/yy/robot_ws/build/ros2_aruco_interfaces
