[0.530s] Invoking command in '/home/yy/robot_ws/build/examples_rclpy_executors': PYTHONPATH=/home/yy/robot_ws/build/examples_rclpy_executors/prefix_override:/home/yy/robot_ws/install/examples_rclpy_executors/lib/python3.8/site-packages:${PYTHONPATH} /usr/bin/python3 setup.py develop --editable --build-directory /home/yy/robot_ws/build/examples_rclpy_executors/build --no-deps install_data
[0.684s] running develop
[0.777s] running egg_info
[0.778s] creating examples_rclpy_executors.egg-info
[0.778s] writing examples_rclpy_executors.egg-info/PKG-INFO
[0.778s] writing dependency_links to examples_rclpy_executors.egg-info/dependency_links.txt
[0.778s] writing entry points to examples_rclpy_executors.egg-info/entry_points.txt
[0.779s] writing requirements to examples_rclpy_executors.egg-info/requires.txt
[0.779s] writing top-level names to examples_rclpy_executors.egg-info/top_level.txt
[0.781s] writing manifest file 'examples_rclpy_executors.egg-info/SOURCES.txt'
[0.801s] reading manifest file 'examples_rclpy_executors.egg-info/SOURCES.txt'
[0.801s] writing manifest file 'examples_rclpy_executors.egg-info/SOURCES.txt'
[0.826s] running build_ext
[0.827s] Creating /home/yy/robot_ws/install/examples_rclpy_executors/lib/python3.8/site-packages/site.py
[0.828s] Creating /home/yy/robot_ws/install/examples_rclpy_executors/lib/python3.8/site-packages/examples-rclpy-executors.egg-link (link to .)
[0.829s] Installing callback_group script to /home/yy/robot_ws/install/examples_rclpy_executors/lib/examples_rclpy_executors
[0.829s] Installing composed script to /home/yy/robot_ws/install/examples_rclpy_executors/lib/examples_rclpy_executors
[0.829s] Installing custom_callback_group script to /home/yy/robot_ws/install/examples_rclpy_executors/lib/examples_rclpy_executors
[0.829s] Installing custom_executor script to /home/yy/robot_ws/install/examples_rclpy_executors/lib/examples_rclpy_executors
[0.830s] Installing listener script to /home/yy/robot_ws/install/examples_rclpy_executors/lib/examples_rclpy_executors
[0.830s] Installing talker script to /home/yy/robot_ws/install/examples_rclpy_executors/lib/examples_rclpy_executors
[0.830s] 
[0.830s] Installed /home/yy/robot_ws/build/examples_rclpy_executors
[0.831s] running install_data
[0.831s] creating /home/yy/robot_ws/install/examples_rclpy_executors/share/ament_index
[0.831s] creating /home/yy/robot_ws/install/examples_rclpy_executors/share/ament_index/resource_index
[0.831s] creating /home/yy/robot_ws/install/examples_rclpy_executors/share/ament_index/resource_index/packages
[0.831s] copying resource/examples_rclpy_executors -> /home/yy/robot_ws/install/examples_rclpy_executors/share/ament_index/resource_index/packages
[0.831s] copying package.xml -> /home/yy/robot_ws/install/examples_rclpy_executors/share/examples_rclpy_executors
[0.851s] Invoked command in '/home/yy/robot_ws/build/examples_rclpy_executors' returned '0': PYTHONPATH=/home/yy/robot_ws/build/examples_rclpy_executors/prefix_override:/home/yy/robot_ws/install/examples_rclpy_executors/lib/python3.8/site-packages:${PYTHONPATH} /usr/bin/python3 setup.py develop --editable --build-directory /home/yy/robot_ws/build/examples_rclpy_executors/build --no-deps install_data
