[0.761s] Invoking command in '/home/yy/robot_ws/build/examples_rclpy_minimal_client': PYTHONPATH=/home/yy/robot_ws/build/examples_rclpy_minimal_client/prefix_override:/home/yy/robot_ws/install/examples_rclpy_minimal_client/lib/python3.8/site-packages:${PYTHONPATH} /usr/bin/python3 setup.py develop --editable --build-directory /home/yy/robot_ws/build/examples_rclpy_minimal_client/build --no-deps install_data
[0.968s] running develop
[1.078s] running egg_info
[1.079s] writing examples_rclpy_minimal_client.egg-info/PKG-INFO
[1.079s] writing dependency_links to examples_rclpy_minimal_client.egg-info/dependency_links.txt
[1.079s] writing entry points to examples_rclpy_minimal_client.egg-info/entry_points.txt
[1.080s] writing requirements to examples_rclpy_minimal_client.egg-info/requires.txt
[1.080s] writing top-level names to examples_rclpy_minimal_client.egg-info/top_level.txt
[1.102s] reading manifest file 'examples_rclpy_minimal_client.egg-info/SOURCES.txt'
[1.103s] writing manifest file 'examples_rclpy_minimal_client.egg-info/SOURCES.txt'
[1.147s] running build_ext
[1.147s] Creating /home/yy/robot_ws/install/examples_rclpy_minimal_client/lib/python3.8/site-packages/examples-rclpy-minimal-client.egg-link (link to .)
[1.147s] Installing client script to /home/yy/robot_ws/install/examples_rclpy_minimal_client/lib/examples_rclpy_minimal_client
[1.147s] Installing client_async script to /home/yy/robot_ws/install/examples_rclpy_minimal_client/lib/examples_rclpy_minimal_client
[1.149s] Installing client_async_callback script to /home/yy/robot_ws/install/examples_rclpy_minimal_client/lib/examples_rclpy_minimal_client
[1.149s] Installing client_async_member_function script to /home/yy/robot_ws/install/examples_rclpy_minimal_client/lib/examples_rclpy_minimal_client
[1.149s] 
[1.149s] Installed /home/yy/robot_ws/build/examples_rclpy_minimal_client
[1.149s] running install_data
[1.223s] Invoked command in '/home/yy/robot_ws/build/examples_rclpy_minimal_client' returned '0': PYTHONPATH=/home/yy/robot_ws/build/examples_rclpy_minimal_client/prefix_override:/home/yy/robot_ws/install/examples_rclpy_minimal_client/lib/python3.8/site-packages:${PYTHONPATH} /usr/bin/python3 setup.py develop --editable --build-directory /home/yy/robot_ws/build/examples_rclpy_minimal_client/build --no-deps install_data
