[0.234s] DEBUG:colcon:Command line arguments: ['/usr/bin/colcon', 'build', '--symlink-install']
[0.234s] DEBUG:colcon:Parsed command line arguments: Namespace(allow_overriding=[], ament_cmake_args=None, base_paths=['.'], build_base='build', catkin_cmake_args=None, catkin_skip_building_tests=False, cmake_args=None, cmake_clean_cache=False, cmake_clean_first=False, cmake_force_configure=False, cmake_target=None, cmake_target_skip_unavailable=False, continue_on_error=False, event_handlers=None, executor='parallel', ignore_user_meta=False, install_base='install', log_base=None, log_level=None, main=<bound method BuildVerb.main of <colcon_core.verb.build.BuildVerb object at 0x7fbd927e7ac0>>, merge_install=False, metas=['./colcon.meta'], packages_above=None, packages_above_and_dependencies=None, packages_above_depth=None, packages_end=None, packages_ignore=None, packages_ignore_regex=None, packages_select=None, packages_select_build_failed=False, packages_select_by_dep=None, packages_select_regex=None, packages_select_test_failures=False, packages_skip=None, packages_skip_build_finished=False, packages_skip_by_dep=None, packages_skip_regex=None, packages_skip_test_passed=False, packages_skip_up_to=None, packages_start=None, packages_up_to=None, packages_up_to_regex=None, parallel_workers=2, paths=None, symlink_install=True, test_result_base=None, verb_extension=<colcon_core.verb.build.BuildVerb object at 0x7fbd927e7ac0>, verb_name='build', verb_parser=<colcon_defaults.argument_parser.defaults.DefaultArgumentsDecorator object at 0x7fbd927f2070>)
[0.268s] Level 1:colcon.colcon_core.package_discovery:discover_packages(colcon_meta) check parameters
[0.268s] Level 1:colcon.colcon_core.package_discovery:discover_packages(recursive) check parameters
[0.268s] Level 1:colcon.colcon_core.package_discovery:discover_packages(ignore) check parameters
[0.268s] Level 1:colcon.colcon_core.package_discovery:discover_packages(path) check parameters
[0.269s] Level 1:colcon.colcon_core.package_discovery:discover_packages(colcon_meta) discover
[0.269s] Level 1:colcon.colcon_core.package_discovery:discover_packages(recursive) discover
[0.269s] INFO:colcon.colcon_core.package_discovery:Crawling recursively for packages in '/home/yy/robot_ws'
[0.269s] Level 1:colcon.colcon_core.package_identification:_identify(.) by extensions ['ignore', 'ignore_ament_install']
[0.269s] Level 1:colcon.colcon_core.package_identification:_identify(.) by extension 'ignore'
[0.269s] Level 1:colcon.colcon_core.package_identification:_identify(.) by extension 'ignore_ament_install'
[0.269s] Level 1:colcon.colcon_core.package_identification:_identify(.) by extensions ['colcon_pkg']
[0.269s] Level 1:colcon.colcon_core.package_identification:_identify(.) by extension 'colcon_pkg'
[0.269s] Level 1:colcon.colcon_core.package_identification:_identify(.) by extensions ['colcon_meta']
[0.270s] Level 1:colcon.colcon_core.package_identification:_identify(.) by extension 'colcon_meta'
[0.270s] Level 1:colcon.colcon_core.package_identification:_identify(.) by extensions ['ros']
[0.270s] Level 1:colcon.colcon_core.package_identification:_identify(.) by extension 'ros'
[0.292s] Level 1:colcon.colcon_core.package_identification:_identify(.) by extensions ['cmake', 'python']
[0.292s] Level 1:colcon.colcon_core.package_identification:_identify(.) by extension 'cmake'
[0.292s] Level 1:colcon.colcon_core.package_identification:_identify(.) by extension 'python'
[0.292s] Level 1:colcon.colcon_core.package_identification:_identify(.) by extensions ['python_setup_py']
[0.292s] Level 1:colcon.colcon_core.package_identification:_identify(.) by extension 'python_setup_py'
[0.292s] Level 1:colcon.colcon_core.package_identification:_identify(build) by extensions ['ignore', 'ignore_ament_install']
[0.293s] Level 1:colcon.colcon_core.package_identification:_identify(build) by extension 'ignore'
[0.293s] Level 1:colcon.colcon_core.package_identification:_identify(build) ignored
[0.293s] Level 1:colcon.colcon_core.package_identification:_identify(install) by extensions ['ignore', 'ignore_ament_install']
[0.293s] Level 1:colcon.colcon_core.package_identification:_identify(install) by extension 'ignore'
[0.293s] Level 1:colcon.colcon_core.package_identification:_identify(install) ignored
[0.293s] Level 1:colcon.colcon_core.package_identification:_identify(log) by extensions ['ignore', 'ignore_ament_install']
[0.294s] Level 1:colcon.colcon_core.package_identification:_identify(log) by extension 'ignore'
[0.294s] Level 1:colcon.colcon_core.package_identification:_identify(log) ignored
[0.294s] Level 1:colcon.colcon_core.package_identification:_identify(src) by extensions ['ignore', 'ignore_ament_install']
[0.294s] Level 1:colcon.colcon_core.package_identification:_identify(src) by extension 'ignore'
[0.294s] Level 1:colcon.colcon_core.package_identification:_identify(src) by extension 'ignore_ament_install'
[0.294s] Level 1:colcon.colcon_core.package_identification:_identify(src) by extensions ['colcon_pkg']
[0.294s] Level 1:colcon.colcon_core.package_identification:_identify(src) by extension 'colcon_pkg'
[0.294s] Level 1:colcon.colcon_core.package_identification:_identify(src) by extensions ['colcon_meta']
[0.294s] Level 1:colcon.colcon_core.package_identification:_identify(src) by extension 'colcon_meta'
[0.295s] Level 1:colcon.colcon_core.package_identification:_identify(src) by extensions ['ros']
[0.295s] Level 1:colcon.colcon_core.package_identification:_identify(src) by extension 'ros'
[0.295s] Level 1:colcon.colcon_core.package_identification:_identify(src) by extensions ['cmake', 'python']
[0.295s] Level 1:colcon.colcon_core.package_identification:_identify(src) by extension 'cmake'
[0.295s] Level 1:colcon.colcon_core.package_identification:_identify(src) by extension 'python'
[0.295s] Level 1:colcon.colcon_core.package_identification:_identify(src) by extensions ['python_setup_py']
[0.295s] Level 1:colcon.colcon_core.package_identification:_identify(src) by extension 'python_setup_py'
[0.295s] Level 1:colcon.colcon_core.package_identification:_identify(src/build) by extensions ['ignore', 'ignore_ament_install']
[0.295s] Level 1:colcon.colcon_core.package_identification:_identify(src/build) by extension 'ignore'
[0.296s] Level 1:colcon.colcon_core.package_identification:_identify(src/build) ignored
[0.296s] Level 1:colcon.colcon_core.package_identification:_identify(src/class_test_interfaces) by extensions ['ignore', 'ignore_ament_install']
[0.296s] Level 1:colcon.colcon_core.package_identification:_identify(src/class_test_interfaces) by extension 'ignore'
[0.296s] Level 1:colcon.colcon_core.package_identification:_identify(src/class_test_interfaces) by extension 'ignore_ament_install'
[0.296s] Level 1:colcon.colcon_core.package_identification:_identify(src/class_test_interfaces) by extensions ['colcon_pkg']
[0.296s] Level 1:colcon.colcon_core.package_identification:_identify(src/class_test_interfaces) by extension 'colcon_pkg'
[0.296s] Level 1:colcon.colcon_core.package_identification:_identify(src/class_test_interfaces) by extensions ['colcon_meta']
[0.296s] Level 1:colcon.colcon_core.package_identification:_identify(src/class_test_interfaces) by extension 'colcon_meta'
[0.296s] Level 1:colcon.colcon_core.package_identification:_identify(src/class_test_interfaces) by extensions ['ros']
[0.297s] Level 1:colcon.colcon_core.package_identification:_identify(src/class_test_interfaces) by extension 'ros'
[0.300s] DEBUG:colcon.colcon_core.package_identification:Package 'src/class_test_interfaces' with type 'ros.ament_cmake' and name 'class_test_interfaces'
[0.300s] Level 1:colcon.colcon_core.package_identification:_identify(src/install) by extensions ['ignore', 'ignore_ament_install']
[0.300s] Level 1:colcon.colcon_core.package_identification:_identify(src/install) by extension 'ignore'
[0.300s] Level 1:colcon.colcon_core.package_identification:_identify(src/install) ignored
[0.300s] Level 1:colcon.colcon_core.package_identification:_identify(src/log) by extensions ['ignore', 'ignore_ament_install']
[0.301s] Level 1:colcon.colcon_core.package_identification:_identify(src/log) by extension 'ignore'
[0.301s] Level 1:colcon.colcon_core.package_identification:_identify(src/log) ignored
[0.301s] Level 1:colcon.colcon_core.package_identification:_identify(src/m_pubsub) by extensions ['ignore', 'ignore_ament_install']
[0.301s] Level 1:colcon.colcon_core.package_identification:_identify(src/m_pubsub) by extension 'ignore'
[0.301s] Level 1:colcon.colcon_core.package_identification:_identify(src/m_pubsub) by extension 'ignore_ament_install'
[0.301s] Level 1:colcon.colcon_core.package_identification:_identify(src/m_pubsub) by extensions ['colcon_pkg']
[0.301s] Level 1:colcon.colcon_core.package_identification:_identify(src/m_pubsub) by extension 'colcon_pkg'
[0.301s] Level 1:colcon.colcon_core.package_identification:_identify(src/m_pubsub) by extensions ['colcon_meta']
[0.302s] Level 1:colcon.colcon_core.package_identification:_identify(src/m_pubsub) by extension 'colcon_meta'
[0.302s] Level 1:colcon.colcon_core.package_identification:_identify(src/m_pubsub) by extensions ['ros']
[0.302s] Level 1:colcon.colcon_core.package_identification:_identify(src/m_pubsub) by extension 'ros'
[0.302s] DEBUG:colcon.colcon_core.package_identification:Package 'src/m_pubsub' with type 'ros.ament_python' and name 'm_pubsub'
[0.303s] Level 1:colcon.colcon_core.package_identification:_identify(src/move_turtle_pkg) by extensions ['ignore', 'ignore_ament_install']
[0.303s] Level 1:colcon.colcon_core.package_identification:_identify(src/move_turtle_pkg) by extension 'ignore'
[0.303s] Level 1:colcon.colcon_core.package_identification:_identify(src/move_turtle_pkg) by extension 'ignore_ament_install'
[0.303s] Level 1:colcon.colcon_core.package_identification:_identify(src/move_turtle_pkg) by extensions ['colcon_pkg']
[0.303s] Level 1:colcon.colcon_core.package_identification:_identify(src/move_turtle_pkg) by extension 'colcon_pkg'
[0.303s] Level 1:colcon.colcon_core.package_identification:_identify(src/move_turtle_pkg) by extensions ['colcon_meta']
[0.303s] Level 1:colcon.colcon_core.package_identification:_identify(src/move_turtle_pkg) by extension 'colcon_meta'
[0.303s] Level 1:colcon.colcon_core.package_identification:_identify(src/move_turtle_pkg) by extensions ['ros']
[0.303s] Level 1:colcon.colcon_core.package_identification:_identify(src/move_turtle_pkg) by extension 'ros'
[0.304s] DEBUG:colcon.colcon_core.package_identification:Package 'src/move_turtle_pkg' with type 'ros.ament_python' and name 'move_turtle_pkg'
[0.304s] Level 1:colcon.colcon_core.package_identification:_identify(src/test_num) by extensions ['ignore', 'ignore_ament_install']
[0.304s] Level 1:colcon.colcon_core.package_identification:_identify(src/test_num) by extension 'ignore'
[0.304s] Level 1:colcon.colcon_core.package_identification:_identify(src/test_num) by extension 'ignore_ament_install'
[0.304s] Level 1:colcon.colcon_core.package_identification:_identify(src/test_num) by extensions ['colcon_pkg']
[0.304s] Level 1:colcon.colcon_core.package_identification:_identify(src/test_num) by extension 'colcon_pkg'
[0.305s] Level 1:colcon.colcon_core.package_identification:_identify(src/test_num) by extensions ['colcon_meta']
[0.305s] Level 1:colcon.colcon_core.package_identification:_identify(src/test_num) by extension 'colcon_meta'
[0.305s] Level 1:colcon.colcon_core.package_identification:_identify(src/test_num) by extensions ['ros']
[0.305s] Level 1:colcon.colcon_core.package_identification:_identify(src/test_num) by extension 'ros'
[0.305s] DEBUG:colcon.colcon_core.package_identification:Package 'src/test_num' with type 'ros.ament_python' and name 'test_num'
[0.306s] Level 1:colcon.colcon_core.package_discovery:discover_packages(recursive) using defaults
[0.306s] Level 1:colcon.colcon_core.package_discovery:discover_packages(ignore) discover
[0.306s] Level 1:colcon.colcon_core.package_discovery:discover_packages(ignore) using defaults
[0.306s] Level 1:colcon.colcon_core.package_discovery:discover_packages(path) discover
[0.306s] Level 1:colcon.colcon_core.package_discovery:discover_packages(path) using defaults
[0.338s] Level 1:colcon.colcon_core.package_discovery:discover_packages(prefix_path) check parameters
[0.339s] Level 1:colcon.colcon_core.package_discovery:discover_packages(prefix_path) discover
[0.343s] DEBUG:colcon.colcon_installed_package_information.package_discovery:Found 4 installed packages in /home/yy/robot_ws/install
[0.346s] DEBUG:colcon.colcon_installed_package_information.package_discovery:Found 258 installed packages in /opt/ros/foxy
[0.348s] Level 1:colcon.colcon_core.package_discovery:discover_packages(prefix_path) using defaults
[0.440s] Level 5:colcon.colcon_core.verb:set package 'class_test_interfaces' build argument 'cmake_args' from command line to 'None'
[0.440s] Level 5:colcon.colcon_core.verb:set package 'class_test_interfaces' build argument 'cmake_target' from command line to 'None'
[0.440s] Level 5:colcon.colcon_core.verb:set package 'class_test_interfaces' build argument 'cmake_target_skip_unavailable' from command line to 'False'
[0.440s] Level 5:colcon.colcon_core.verb:set package 'class_test_interfaces' build argument 'cmake_clean_cache' from command line to 'False'
[0.440s] Level 5:colcon.colcon_core.verb:set package 'class_test_interfaces' build argument 'cmake_clean_first' from command line to 'False'
[0.440s] Level 5:colcon.colcon_core.verb:set package 'class_test_interfaces' build argument 'cmake_force_configure' from command line to 'False'
[0.440s] Level 5:colcon.colcon_core.verb:set package 'class_test_interfaces' build argument 'ament_cmake_args' from command line to 'None'
[0.441s] Level 5:colcon.colcon_core.verb:set package 'class_test_interfaces' build argument 'catkin_cmake_args' from command line to 'None'
[0.441s] Level 5:colcon.colcon_core.verb:set package 'class_test_interfaces' build argument 'catkin_skip_building_tests' from command line to 'False'
[0.441s] DEBUG:colcon.colcon_core.verb:Building package 'class_test_interfaces' with the following arguments: {'ament_cmake_args': None, 'build_base': '/home/yy/robot_ws/build/class_test_interfaces', 'catkin_cmake_args': None, 'catkin_skip_building_tests': False, 'cmake_args': None, 'cmake_clean_cache': False, 'cmake_clean_first': False, 'cmake_force_configure': False, 'cmake_target': None, 'cmake_target_skip_unavailable': False, 'install_base': '/home/yy/robot_ws/install/class_test_interfaces', 'merge_install': False, 'path': '/home/yy/robot_ws/src/class_test_interfaces', 'symlink_install': True, 'test_result_base': None}
[0.443s] Level 5:colcon.colcon_core.verb:set package 'm_pubsub' build argument 'cmake_args' from command line to 'None'
[0.443s] Level 5:colcon.colcon_core.verb:set package 'm_pubsub' build argument 'cmake_target' from command line to 'None'
[0.443s] Level 5:colcon.colcon_core.verb:set package 'm_pubsub' build argument 'cmake_target_skip_unavailable' from command line to 'False'
[0.443s] Level 5:colcon.colcon_core.verb:set package 'm_pubsub' build argument 'cmake_clean_cache' from command line to 'False'
[0.443s] Level 5:colcon.colcon_core.verb:set package 'm_pubsub' build argument 'cmake_clean_first' from command line to 'False'
[0.443s] Level 5:colcon.colcon_core.verb:set package 'm_pubsub' build argument 'cmake_force_configure' from command line to 'False'
[0.443s] Level 5:colcon.colcon_core.verb:set package 'm_pubsub' build argument 'ament_cmake_args' from command line to 'None'
[0.443s] Level 5:colcon.colcon_core.verb:set package 'm_pubsub' build argument 'catkin_cmake_args' from command line to 'None'
[0.443s] Level 5:colcon.colcon_core.verb:set package 'm_pubsub' build argument 'catkin_skip_building_tests' from command line to 'False'
[0.443s] DEBUG:colcon.colcon_core.verb:Building package 'm_pubsub' with the following arguments: {'ament_cmake_args': None, 'build_base': '/home/yy/robot_ws/build/m_pubsub', 'catkin_cmake_args': None, 'catkin_skip_building_tests': False, 'cmake_args': None, 'cmake_clean_cache': False, 'cmake_clean_first': False, 'cmake_force_configure': False, 'cmake_target': None, 'cmake_target_skip_unavailable': False, 'install_base': '/home/yy/robot_ws/install/m_pubsub', 'merge_install': False, 'path': '/home/yy/robot_ws/src/m_pubsub', 'symlink_install': True, 'test_result_base': None}
[0.445s] Level 5:colcon.colcon_core.verb:set package 'move_turtle_pkg' build argument 'cmake_args' from command line to 'None'
[0.445s] Level 5:colcon.colcon_core.verb:set package 'move_turtle_pkg' build argument 'cmake_target' from command line to 'None'
[0.446s] Level 5:colcon.colcon_core.verb:set package 'move_turtle_pkg' build argument 'cmake_target_skip_unavailable' from command line to 'False'
[0.446s] Level 5:colcon.colcon_core.verb:set package 'move_turtle_pkg' build argument 'cmake_clean_cache' from command line to 'False'
[0.446s] Level 5:colcon.colcon_core.verb:set package 'move_turtle_pkg' build argument 'cmake_clean_first' from command line to 'False'
[0.446s] Level 5:colcon.colcon_core.verb:set package 'move_turtle_pkg' build argument 'cmake_force_configure' from command line to 'False'
[0.446s] Level 5:colcon.colcon_core.verb:set package 'move_turtle_pkg' build argument 'ament_cmake_args' from command line to 'None'
[0.446s] Level 5:colcon.colcon_core.verb:set package 'move_turtle_pkg' build argument 'catkin_cmake_args' from command line to 'None'
[0.446s] Level 5:colcon.colcon_core.verb:set package 'move_turtle_pkg' build argument 'catkin_skip_building_tests' from command line to 'False'
[0.446s] DEBUG:colcon.colcon_core.verb:Building package 'move_turtle_pkg' with the following arguments: {'ament_cmake_args': None, 'build_base': '/home/yy/robot_ws/build/move_turtle_pkg', 'catkin_cmake_args': None, 'catkin_skip_building_tests': False, 'cmake_args': None, 'cmake_clean_cache': False, 'cmake_clean_first': False, 'cmake_force_configure': False, 'cmake_target': None, 'cmake_target_skip_unavailable': False, 'install_base': '/home/yy/robot_ws/install/move_turtle_pkg', 'merge_install': False, 'path': '/home/yy/robot_ws/src/move_turtle_pkg', 'symlink_install': True, 'test_result_base': None}
[0.448s] Level 5:colcon.colcon_core.verb:set package 'test_num' build argument 'cmake_args' from command line to 'None'
[0.448s] Level 5:colcon.colcon_core.verb:set package 'test_num' build argument 'cmake_target' from command line to 'None'
[0.448s] Level 5:colcon.colcon_core.verb:set package 'test_num' build argument 'cmake_target_skip_unavailable' from command line to 'False'
[0.448s] Level 5:colcon.colcon_core.verb:set package 'test_num' build argument 'cmake_clean_cache' from command line to 'False'
[0.448s] Level 5:colcon.colcon_core.verb:set package 'test_num' build argument 'cmake_clean_first' from command line to 'False'
[0.448s] Level 5:colcon.colcon_core.verb:set package 'test_num' build argument 'cmake_force_configure' from command line to 'False'
[0.448s] Level 5:colcon.colcon_core.verb:set package 'test_num' build argument 'ament_cmake_args' from command line to 'None'
[0.448s] Level 5:colcon.colcon_core.verb:set package 'test_num' build argument 'catkin_cmake_args' from command line to 'None'
[0.449s] Level 5:colcon.colcon_core.verb:set package 'test_num' build argument 'catkin_skip_building_tests' from command line to 'False'
[0.449s] DEBUG:colcon.colcon_core.verb:Building package 'test_num' with the following arguments: {'ament_cmake_args': None, 'build_base': '/home/yy/robot_ws/build/test_num', 'catkin_cmake_args': None, 'catkin_skip_building_tests': False, 'cmake_args': None, 'cmake_clean_cache': False, 'cmake_clean_first': False, 'cmake_force_configure': False, 'cmake_target': None, 'cmake_target_skip_unavailable': False, 'install_base': '/home/yy/robot_ws/install/test_num', 'merge_install': False, 'path': '/home/yy/robot_ws/src/test_num', 'symlink_install': True, 'test_result_base': None}
[0.450s] INFO:colcon.colcon_core.executor:Executing jobs using 'parallel' executor
[0.461s] DEBUG:colcon.colcon_parallel_executor.executor.parallel:run_until_complete
[0.462s] INFO:colcon.colcon_ros.task.ament_cmake.build:Building ROS package in '/home/yy/robot_ws/src/class_test_interfaces' with build type 'ament_cmake'
[0.462s] INFO:colcon.colcon_cmake.task.cmake.build:Building CMake package in '/home/yy/robot_ws/src/class_test_interfaces'
[0.471s] INFO:colcon.colcon_core.plugin_system:Skipping extension 'colcon_core.shell.bat': Not used on non-Windows systems
[0.471s] INFO:colcon.colcon_core.shell:Skip shell extension 'powershell' for command environment: Not usable outside of PowerShell
[0.471s] DEBUG:colcon.colcon_core.shell:Skip shell extension 'dsv' for command environment
[0.481s] INFO:colcon.colcon_ros.task.ament_python.build:Building ROS package in '/home/yy/robot_ws/src/m_pubsub' with build type 'ament_python'
[0.481s] Level 1:colcon.colcon_core.shell:create_environment_hook('m_pubsub', 'ament_prefix_path')
[0.486s] INFO:colcon.colcon_core.shell:Creating environment hook '/home/yy/robot_ws/install/m_pubsub/share/m_pubsub/hook/ament_prefix_path.ps1'
[0.488s] INFO:colcon.colcon_core.shell:Creating environment descriptor '/home/yy/robot_ws/install/m_pubsub/share/m_pubsub/hook/ament_prefix_path.dsv'
[0.488s] INFO:colcon.colcon_core.shell:Creating environment hook '/home/yy/robot_ws/install/m_pubsub/share/m_pubsub/hook/ament_prefix_path.sh'
[0.493s] INFO:colcon.colcon_core.shell:Skip shell extension 'powershell' for command environment: Not usable outside of PowerShell
[0.493s] DEBUG:colcon.colcon_core.shell:Skip shell extension 'dsv' for command environment
[0.515s] DEBUG:colcon.colcon_core.event_handler.log_command:Invoking command in '/home/yy/robot_ws/build/class_test_interfaces': CMAKE_PREFIX_PATH=${CMAKE_PREFIX_PATH}:/home/yy/robot_ws/install/test_num:/home/yy/robot_ws/install/move_turtle_pkg:/home/yy/robot_ws/install/m_pubsub:/opt/ros/foxy /usr/bin/cmake --build /home/yy/robot_ws/build/class_test_interfaces -- -j2 -l2
[0.894s] INFO:colcon.colcon_core.task.python.build:Building Python package in '/home/yy/robot_ws/src/m_pubsub'
[0.899s] INFO:colcon.colcon_core.shell:Skip shell extension 'powershell' for command environment: Not usable outside of PowerShell
[0.899s] DEBUG:colcon.colcon_core.shell:Skip shell extension 'dsv' for command environment
[1.043s] DEBUG:colcon.colcon_core.event_handler.log_command:Invoked command in '/home/yy/robot_ws/build/class_test_interfaces' returned '0': CMAKE_PREFIX_PATH=${CMAKE_PREFIX_PATH}:/home/yy/robot_ws/install/test_num:/home/yy/robot_ws/install/move_turtle_pkg:/home/yy/robot_ws/install/m_pubsub:/opt/ros/foxy /usr/bin/cmake --build /home/yy/robot_ws/build/class_test_interfaces -- -j2 -l2
[1.226s] DEBUG:colcon.colcon_core.event_handler.log_command:Invoking command in '/home/yy/robot_ws/build/class_test_interfaces': CMAKE_PREFIX_PATH=${CMAKE_PREFIX_PATH}:/home/yy/robot_ws/install/test_num:/home/yy/robot_ws/install/move_turtle_pkg:/home/yy/robot_ws/install/m_pubsub:/opt/ros/foxy /usr/bin/cmake --install /home/yy/robot_ws/build/class_test_interfaces
[1.391s] Level 1:colcon.colcon_core.environment:create_environment_scripts_only(class_test_interfaces)
[1.396s] DEBUG:colcon.colcon_core.event_handler.log_command:Invoked command in '/home/yy/robot_ws/build/class_test_interfaces' returned '0': CMAKE_PREFIX_PATH=${CMAKE_PREFIX_PATH}:/home/yy/robot_ws/install/test_num:/home/yy/robot_ws/install/move_turtle_pkg:/home/yy/robot_ws/install/m_pubsub:/opt/ros/foxy /usr/bin/cmake --install /home/yy/robot_ws/build/class_test_interfaces
[1.406s] Level 1:colcon.colcon_core.environment:checking '/home/yy/robot_ws/install/class_test_interfaces' for CMake module files
[1.407s] Level 1:colcon.colcon_core.environment:checking '/home/yy/robot_ws/install/class_test_interfaces' for CMake config files
[1.408s] Level 1:colcon.colcon_core.shell:create_environment_hook('class_test_interfaces', 'cmake_prefix_path')
[1.412s] INFO:colcon.colcon_core.shell:Creating environment hook '/home/yy/robot_ws/install/class_test_interfaces/share/class_test_interfaces/hook/cmake_prefix_path.ps1'
[1.413s] INFO:colcon.colcon_core.shell:Creating environment descriptor '/home/yy/robot_ws/install/class_test_interfaces/share/class_test_interfaces/hook/cmake_prefix_path.dsv'
[1.413s] INFO:colcon.colcon_core.shell:Creating environment hook '/home/yy/robot_ws/install/class_test_interfaces/share/class_test_interfaces/hook/cmake_prefix_path.sh'
[1.414s] Level 1:colcon.colcon_core.environment:checking '/home/yy/robot_ws/install/class_test_interfaces/lib'
[1.415s] Level 1:colcon.colcon_core.shell:create_environment_hook('class_test_interfaces', 'ld_library_path_lib')
[1.418s] INFO:colcon.colcon_core.shell:Creating environment hook '/home/yy/robot_ws/install/class_test_interfaces/share/class_test_interfaces/hook/ld_library_path_lib.ps1'
[1.419s] INFO:colcon.colcon_core.shell:Creating environment descriptor '/home/yy/robot_ws/install/class_test_interfaces/share/class_test_interfaces/hook/ld_library_path_lib.dsv'
[1.420s] INFO:colcon.colcon_core.shell:Creating environment hook '/home/yy/robot_ws/install/class_test_interfaces/share/class_test_interfaces/hook/ld_library_path_lib.sh'
[1.420s] Level 1:colcon.colcon_core.environment:checking '/home/yy/robot_ws/install/class_test_interfaces/bin'
[1.420s] Level 1:colcon.colcon_core.environment:checking '/home/yy/robot_ws/install/class_test_interfaces/lib/pkgconfig/class_test_interfaces.pc'
[1.421s] Level 1:colcon.colcon_core.environment:checking '/home/yy/robot_ws/install/class_test_interfaces/lib/python3.8/site-packages'
[1.421s] Level 1:colcon.colcon_core.shell:create_environment_hook('class_test_interfaces', 'pythonpath')
[1.425s] INFO:colcon.colcon_core.shell:Creating environment hook '/home/yy/robot_ws/install/class_test_interfaces/share/class_test_interfaces/hook/pythonpath.ps1'
[1.425s] INFO:colcon.colcon_core.shell:Creating environment descriptor '/home/yy/robot_ws/install/class_test_interfaces/share/class_test_interfaces/hook/pythonpath.dsv'
[1.426s] INFO:colcon.colcon_core.shell:Creating environment hook '/home/yy/robot_ws/install/class_test_interfaces/share/class_test_interfaces/hook/pythonpath.sh'
[1.427s] Level 1:colcon.colcon_core.environment:checking '/home/yy/robot_ws/install/class_test_interfaces/bin'
[1.432s] INFO:colcon.colcon_core.shell:Creating package script '/home/yy/robot_ws/install/class_test_interfaces/share/class_test_interfaces/package.ps1'
[1.433s] INFO:colcon.colcon_core.shell:Creating package descriptor '/home/yy/robot_ws/install/class_test_interfaces/share/class_test_interfaces/package.dsv'
[1.434s] INFO:colcon.colcon_core.shell:Creating package script '/home/yy/robot_ws/install/class_test_interfaces/share/class_test_interfaces/package.sh'
[1.435s] INFO:colcon.colcon_core.shell:Creating package script '/home/yy/robot_ws/install/class_test_interfaces/share/class_test_interfaces/package.bash'
[1.436s] INFO:colcon.colcon_core.shell:Creating package script '/home/yy/robot_ws/install/class_test_interfaces/share/class_test_interfaces/package.zsh'
[1.437s] Level 1:colcon.colcon_core.environment:create_file_with_runtime_dependencies(/home/yy/robot_ws/install/class_test_interfaces/share/colcon-core/packages/class_test_interfaces)
[1.562s] Level 1:colcon.colcon_core.environment:create_environment_scripts_only(class_test_interfaces)
[1.567s] Level 1:colcon.colcon_core.environment:checking '/home/yy/robot_ws/install/class_test_interfaces' for CMake module files
[1.569s] Level 1:colcon.colcon_core.environment:checking '/home/yy/robot_ws/install/class_test_interfaces' for CMake config files
[1.569s] Level 1:colcon.colcon_core.shell:create_environment_hook('class_test_interfaces', 'cmake_prefix_path')
[1.573s] INFO:colcon.colcon_core.shell:Creating environment hook '/home/yy/robot_ws/install/class_test_interfaces/share/class_test_interfaces/hook/cmake_prefix_path.ps1'
[1.574s] INFO:colcon.colcon_core.shell:Creating environment descriptor '/home/yy/robot_ws/install/class_test_interfaces/share/class_test_interfaces/hook/cmake_prefix_path.dsv'
[1.574s] INFO:colcon.colcon_core.shell:Creating environment hook '/home/yy/robot_ws/install/class_test_interfaces/share/class_test_interfaces/hook/cmake_prefix_path.sh'
[1.575s] Level 1:colcon.colcon_core.environment:checking '/home/yy/robot_ws/install/class_test_interfaces/lib'
[1.576s] Level 1:colcon.colcon_core.shell:create_environment_hook('class_test_interfaces', 'ld_library_path_lib')
[1.579s] INFO:colcon.colcon_core.shell:Creating environment hook '/home/yy/robot_ws/install/class_test_interfaces/share/class_test_interfaces/hook/ld_library_path_lib.ps1'
[1.580s] INFO:colcon.colcon_core.shell:Creating environment descriptor '/home/yy/robot_ws/install/class_test_interfaces/share/class_test_interfaces/hook/ld_library_path_lib.dsv'
[1.581s] INFO:colcon.colcon_core.shell:Creating environment hook '/home/yy/robot_ws/install/class_test_interfaces/share/class_test_interfaces/hook/ld_library_path_lib.sh'
[1.581s] Level 1:colcon.colcon_core.environment:checking '/home/yy/robot_ws/install/class_test_interfaces/bin'
[1.581s] Level 1:colcon.colcon_core.environment:checking '/home/yy/robot_ws/install/class_test_interfaces/lib/pkgconfig/class_test_interfaces.pc'
[1.582s] Level 1:colcon.colcon_core.environment:checking '/home/yy/robot_ws/install/class_test_interfaces/lib/python3.8/site-packages'
[1.582s] Level 1:colcon.colcon_core.shell:create_environment_hook('class_test_interfaces', 'pythonpath')
[1.585s] INFO:colcon.colcon_core.shell:Creating environment hook '/home/yy/robot_ws/install/class_test_interfaces/share/class_test_interfaces/hook/pythonpath.ps1'
[1.586s] INFO:colcon.colcon_core.shell:Creating environment descriptor '/home/yy/robot_ws/install/class_test_interfaces/share/class_test_interfaces/hook/pythonpath.dsv'
[1.587s] INFO:colcon.colcon_core.shell:Creating environment hook '/home/yy/robot_ws/install/class_test_interfaces/share/class_test_interfaces/hook/pythonpath.sh'
[1.587s] Level 1:colcon.colcon_core.environment:checking '/home/yy/robot_ws/install/class_test_interfaces/bin'
[1.591s] INFO:colcon.colcon_core.shell:Creating package script '/home/yy/robot_ws/install/class_test_interfaces/share/class_test_interfaces/package.ps1'
[1.593s] INFO:colcon.colcon_core.shell:Creating package descriptor '/home/yy/robot_ws/install/class_test_interfaces/share/class_test_interfaces/package.dsv'
[1.593s] INFO:colcon.colcon_core.shell:Creating package script '/home/yy/robot_ws/install/class_test_interfaces/share/class_test_interfaces/package.sh'
[1.594s] INFO:colcon.colcon_core.shell:Creating package script '/home/yy/robot_ws/install/class_test_interfaces/share/class_test_interfaces/package.bash'
[1.595s] INFO:colcon.colcon_core.shell:Creating package script '/home/yy/robot_ws/install/class_test_interfaces/share/class_test_interfaces/package.zsh'
[1.596s] Level 1:colcon.colcon_core.environment:create_file_with_runtime_dependencies(/home/yy/robot_ws/install/class_test_interfaces/share/colcon-core/packages/class_test_interfaces)
[1.597s] INFO:colcon.colcon_ros.task.ament_python.build:Building ROS package in '/home/yy/robot_ws/src/move_turtle_pkg' with build type 'ament_python'
[1.598s] Level 1:colcon.colcon_core.shell:create_environment_hook('move_turtle_pkg', 'ament_prefix_path')
[1.601s] INFO:colcon.colcon_core.shell:Creating environment hook '/home/yy/robot_ws/install/move_turtle_pkg/share/move_turtle_pkg/hook/ament_prefix_path.ps1'
[1.602s] INFO:colcon.colcon_core.shell:Creating environment descriptor '/home/yy/robot_ws/install/move_turtle_pkg/share/move_turtle_pkg/hook/ament_prefix_path.dsv'
[1.603s] INFO:colcon.colcon_core.shell:Creating environment hook '/home/yy/robot_ws/install/move_turtle_pkg/share/move_turtle_pkg/hook/ament_prefix_path.sh'
[1.607s] INFO:colcon.colcon_core.shell:Skip shell extension 'powershell' for command environment: Not usable outside of PowerShell
[1.607s] DEBUG:colcon.colcon_core.shell:Skip shell extension 'dsv' for command environment
[1.621s] DEBUG:colcon.colcon_core.event_handler.log_command:Invoking command in '/home/yy/robot_ws/build/m_pubsub': PYTHONPATH=/home/yy/robot_ws/build/m_pubsub/prefix_override:/home/yy/robot_ws/install/m_pubsub/lib/python3.8/site-packages:${PYTHONPATH} /usr/bin/python3 setup.py develop --editable --build-directory /home/yy/robot_ws/build/m_pubsub/build --no-deps install_data
[1.947s] INFO:colcon.colcon_core.task.python.build:Building Python package in '/home/yy/robot_ws/src/move_turtle_pkg'
[1.951s] INFO:colcon.colcon_core.shell:Skip shell extension 'powershell' for command environment: Not usable outside of PowerShell
[1.951s] DEBUG:colcon.colcon_core.shell:Skip shell extension 'dsv' for command environment
[2.239s] Level 1:colcon.colcon_core.shell:create_environment_hook('m_pubsub', 'pythonpath_develop')
[2.243s] INFO:colcon.colcon_core.shell:Creating environment hook '/home/yy/robot_ws/build/m_pubsub/share/m_pubsub/hook/pythonpath_develop.ps1'
[2.244s] DEBUG:colcon.colcon_core.event_handler.log_command:Invoked command in '/home/yy/robot_ws/build/m_pubsub' returned '0': PYTHONPATH=/home/yy/robot_ws/build/m_pubsub/prefix_override:/home/yy/robot_ws/install/m_pubsub/lib/python3.8/site-packages:${PYTHONPATH} /usr/bin/python3 setup.py develop --editable --build-directory /home/yy/robot_ws/build/m_pubsub/build --no-deps install_data
[2.245s] INFO:colcon.colcon_core.shell:Creating environment descriptor '/home/yy/robot_ws/build/m_pubsub/share/m_pubsub/hook/pythonpath_develop.dsv'
[2.245s] INFO:colcon.colcon_core.shell:Creating environment hook '/home/yy/robot_ws/build/m_pubsub/share/m_pubsub/hook/pythonpath_develop.sh'
[2.251s] Level 1:colcon.colcon_core.environment:checking '/home/yy/robot_ws/install/m_pubsub' for CMake module files
[2.252s] Level 1:colcon.colcon_core.environment:checking '/home/yy/robot_ws/install/m_pubsub' for CMake config files
[2.252s] Level 1:colcon.colcon_core.environment:checking '/home/yy/robot_ws/install/m_pubsub/lib'
[2.253s] Level 1:colcon.colcon_core.environment:checking '/home/yy/robot_ws/install/m_pubsub/bin'
[2.253s] Level 1:colcon.colcon_core.environment:checking '/home/yy/robot_ws/install/m_pubsub/lib/pkgconfig/m_pubsub.pc'
[2.253s] Level 1:colcon.colcon_core.environment:checking '/home/yy/robot_ws/install/m_pubsub/lib/python3.8/site-packages'
[2.253s] Level 1:colcon.colcon_core.shell:create_environment_hook('m_pubsub', 'pythonpath')
[2.257s] INFO:colcon.colcon_core.shell:Creating environment hook '/home/yy/robot_ws/install/m_pubsub/share/m_pubsub/hook/pythonpath.ps1'
[2.258s] INFO:colcon.colcon_core.shell:Creating environment descriptor '/home/yy/robot_ws/install/m_pubsub/share/m_pubsub/hook/pythonpath.dsv'
[2.258s] INFO:colcon.colcon_core.shell:Creating environment hook '/home/yy/robot_ws/install/m_pubsub/share/m_pubsub/hook/pythonpath.sh'
[2.259s] Level 1:colcon.colcon_core.environment:checking '/home/yy/robot_ws/install/m_pubsub/bin'
[2.259s] Level 1:colcon.colcon_core.environment:create_environment_scripts_only(m_pubsub)
[2.263s] INFO:colcon.colcon_core.shell:Creating package script '/home/yy/robot_ws/install/m_pubsub/share/m_pubsub/package.ps1'
[2.264s] INFO:colcon.colcon_core.shell:Creating package descriptor '/home/yy/robot_ws/install/m_pubsub/share/m_pubsub/package.dsv'
[2.265s] INFO:colcon.colcon_core.shell:Creating package script '/home/yy/robot_ws/install/m_pubsub/share/m_pubsub/package.sh'
[2.266s] INFO:colcon.colcon_core.shell:Creating package script '/home/yy/robot_ws/install/m_pubsub/share/m_pubsub/package.bash'
[2.266s] INFO:colcon.colcon_core.shell:Creating package script '/home/yy/robot_ws/install/m_pubsub/share/m_pubsub/package.zsh'
[2.267s] Level 1:colcon.colcon_core.environment:create_file_with_runtime_dependencies(/home/yy/robot_ws/install/m_pubsub/share/colcon-core/packages/m_pubsub)
[2.268s] INFO:colcon.colcon_ros.task.ament_python.build:Building ROS package in '/home/yy/robot_ws/src/test_num' with build type 'ament_python'
[2.268s] Level 1:colcon.colcon_core.shell:create_environment_hook('test_num', 'ament_prefix_path')
[2.272s] INFO:colcon.colcon_core.shell:Creating environment hook '/home/yy/robot_ws/install/test_num/share/test_num/hook/ament_prefix_path.ps1'
[2.273s] INFO:colcon.colcon_core.shell:Creating environment descriptor '/home/yy/robot_ws/install/test_num/share/test_num/hook/ament_prefix_path.dsv'
[2.274s] INFO:colcon.colcon_core.shell:Creating environment hook '/home/yy/robot_ws/install/test_num/share/test_num/hook/ament_prefix_path.sh'
[2.278s] INFO:colcon.colcon_core.shell:Skip shell extension 'powershell' for command environment: Not usable outside of PowerShell
[2.278s] DEBUG:colcon.colcon_core.shell:Skip shell extension 'dsv' for command environment
[2.616s] INFO:colcon.colcon_core.task.python.build:Building Python package in '/home/yy/robot_ws/src/test_num'
[2.620s] INFO:colcon.colcon_core.shell:Skip shell extension 'powershell' for command environment: Not usable outside of PowerShell
[2.620s] DEBUG:colcon.colcon_core.shell:Skip shell extension 'dsv' for command environment
[2.636s] DEBUG:colcon.colcon_core.event_handler.log_command:Invoking command in '/home/yy/robot_ws/build/move_turtle_pkg': PYTHONPATH=/home/yy/robot_ws/build/move_turtle_pkg/prefix_override:/home/yy/robot_ws/install/move_turtle_pkg/lib/python3.8/site-packages:${PYTHONPATH} /usr/bin/python3 setup.py develop --editable --build-directory /home/yy/robot_ws/build/move_turtle_pkg/build --no-deps install_data
[3.142s] DEBUG:colcon.colcon_core.event_handler.log_command:Invoking command in '/home/yy/robot_ws/build/test_num': PYTHONPATH=/home/yy/robot_ws/build/test_num/prefix_override:/home/yy/robot_ws/install/test_num/lib/python3.8/site-packages:${PYTHONPATH} /usr/bin/python3 setup.py develop --editable --build-directory /home/yy/robot_ws/build/test_num/build --no-deps install_data
[3.249s] Level 1:colcon.colcon_core.shell:create_environment_hook('move_turtle_pkg', 'pythonpath_develop')
[3.254s] INFO:colcon.colcon_core.shell:Creating environment hook '/home/yy/robot_ws/build/move_turtle_pkg/share/move_turtle_pkg/hook/pythonpath_develop.ps1'
[3.255s] DEBUG:colcon.colcon_core.event_handler.log_command:Invoked command in '/home/yy/robot_ws/build/move_turtle_pkg' returned '0': PYTHONPATH=/home/yy/robot_ws/build/move_turtle_pkg/prefix_override:/home/yy/robot_ws/install/move_turtle_pkg/lib/python3.8/site-packages:${PYTHONPATH} /usr/bin/python3 setup.py develop --editable --build-directory /home/yy/robot_ws/build/move_turtle_pkg/build --no-deps install_data
[3.255s] INFO:colcon.colcon_core.shell:Creating environment descriptor '/home/yy/robot_ws/build/move_turtle_pkg/share/move_turtle_pkg/hook/pythonpath_develop.dsv'
[3.256s] INFO:colcon.colcon_core.shell:Creating environment hook '/home/yy/robot_ws/build/move_turtle_pkg/share/move_turtle_pkg/hook/pythonpath_develop.sh'
[3.262s] Level 1:colcon.colcon_core.environment:checking '/home/yy/robot_ws/install/move_turtle_pkg' for CMake module files
[3.263s] Level 1:colcon.colcon_core.environment:checking '/home/yy/robot_ws/install/move_turtle_pkg' for CMake config files
[3.263s] Level 1:colcon.colcon_core.environment:checking '/home/yy/robot_ws/install/move_turtle_pkg/lib'
[3.264s] Level 1:colcon.colcon_core.environment:checking '/home/yy/robot_ws/install/move_turtle_pkg/bin'
[3.264s] Level 1:colcon.colcon_core.environment:checking '/home/yy/robot_ws/install/move_turtle_pkg/lib/pkgconfig/move_turtle_pkg.pc'
[3.264s] Level 1:colcon.colcon_core.environment:checking '/home/yy/robot_ws/install/move_turtle_pkg/lib/python3.8/site-packages'
[3.264s] Level 1:colcon.colcon_core.shell:create_environment_hook('move_turtle_pkg', 'pythonpath')
[3.268s] INFO:colcon.colcon_core.shell:Creating environment hook '/home/yy/robot_ws/install/move_turtle_pkg/share/move_turtle_pkg/hook/pythonpath.ps1'
[3.269s] INFO:colcon.colcon_core.shell:Creating environment descriptor '/home/yy/robot_ws/install/move_turtle_pkg/share/move_turtle_pkg/hook/pythonpath.dsv'
[3.269s] INFO:colcon.colcon_core.shell:Creating environment hook '/home/yy/robot_ws/install/move_turtle_pkg/share/move_turtle_pkg/hook/pythonpath.sh'
[3.270s] Level 1:colcon.colcon_core.environment:checking '/home/yy/robot_ws/install/move_turtle_pkg/bin'
[3.270s] Level 1:colcon.colcon_core.environment:create_environment_scripts_only(move_turtle_pkg)
[3.274s] INFO:colcon.colcon_core.shell:Creating package script '/home/yy/robot_ws/install/move_turtle_pkg/share/move_turtle_pkg/package.ps1'
[3.275s] INFO:colcon.colcon_core.shell:Creating package descriptor '/home/yy/robot_ws/install/move_turtle_pkg/share/move_turtle_pkg/package.dsv'
[3.275s] INFO:colcon.colcon_core.shell:Creating package script '/home/yy/robot_ws/install/move_turtle_pkg/share/move_turtle_pkg/package.sh'
[3.276s] INFO:colcon.colcon_core.shell:Creating package script '/home/yy/robot_ws/install/move_turtle_pkg/share/move_turtle_pkg/package.bash'
[3.277s] INFO:colcon.colcon_core.shell:Creating package script '/home/yy/robot_ws/install/move_turtle_pkg/share/move_turtle_pkg/package.zsh'
[3.277s] Level 1:colcon.colcon_core.environment:create_file_with_runtime_dependencies(/home/yy/robot_ws/install/move_turtle_pkg/share/colcon-core/packages/move_turtle_pkg)
[3.756s] Level 1:colcon.colcon_core.shell:create_environment_hook('test_num', 'pythonpath_develop')
[3.756s] DEBUG:colcon.colcon_core.event_handler.log_command:Invoked command in '/home/yy/robot_ws/build/test_num' returned '0': PYTHONPATH=/home/yy/robot_ws/build/test_num/prefix_override:/home/yy/robot_ws/install/test_num/lib/python3.8/site-packages:${PYTHONPATH} /usr/bin/python3 setup.py develop --editable --build-directory /home/yy/robot_ws/build/test_num/build --no-deps install_data
[3.761s] INFO:colcon.colcon_core.shell:Creating environment hook '/home/yy/robot_ws/build/test_num/share/test_num/hook/pythonpath_develop.ps1'
[3.762s] INFO:colcon.colcon_core.shell:Creating environment descriptor '/home/yy/robot_ws/build/test_num/share/test_num/hook/pythonpath_develop.dsv'
[3.762s] INFO:colcon.colcon_core.shell:Creating environment hook '/home/yy/robot_ws/build/test_num/share/test_num/hook/pythonpath_develop.sh'
[3.768s] Level 1:colcon.colcon_core.environment:checking '/home/yy/robot_ws/install/test_num' for CMake module files
[3.769s] Level 1:colcon.colcon_core.environment:checking '/home/yy/robot_ws/install/test_num' for CMake config files
[3.770s] Level 1:colcon.colcon_core.environment:checking '/home/yy/robot_ws/install/test_num/lib'
[3.770s] Level 1:colcon.colcon_core.environment:checking '/home/yy/robot_ws/install/test_num/bin'
[3.770s] Level 1:colcon.colcon_core.environment:checking '/home/yy/robot_ws/install/test_num/lib/pkgconfig/test_num.pc'
[3.770s] Level 1:colcon.colcon_core.environment:checking '/home/yy/robot_ws/install/test_num/lib/python3.8/site-packages'
[3.770s] Level 1:colcon.colcon_core.shell:create_environment_hook('test_num', 'pythonpath')
[3.774s] INFO:colcon.colcon_core.shell:Creating environment hook '/home/yy/robot_ws/install/test_num/share/test_num/hook/pythonpath.ps1'
[3.774s] INFO:colcon.colcon_core.shell:Creating environment descriptor '/home/yy/robot_ws/install/test_num/share/test_num/hook/pythonpath.dsv'
[3.775s] INFO:colcon.colcon_core.shell:Creating environment hook '/home/yy/robot_ws/install/test_num/share/test_num/hook/pythonpath.sh'
[3.776s] Level 1:colcon.colcon_core.environment:checking '/home/yy/robot_ws/install/test_num/bin'
[3.776s] Level 1:colcon.colcon_core.environment:create_environment_scripts_only(test_num)
[3.779s] INFO:colcon.colcon_core.shell:Creating package script '/home/yy/robot_ws/install/test_num/share/test_num/package.ps1'
[3.780s] INFO:colcon.colcon_core.shell:Creating package descriptor '/home/yy/robot_ws/install/test_num/share/test_num/package.dsv'
[3.781s] INFO:colcon.colcon_core.shell:Creating package script '/home/yy/robot_ws/install/test_num/share/test_num/package.sh'
[3.782s] INFO:colcon.colcon_core.shell:Creating package script '/home/yy/robot_ws/install/test_num/share/test_num/package.bash'
[3.782s] INFO:colcon.colcon_core.shell:Creating package script '/home/yy/robot_ws/install/test_num/share/test_num/package.zsh'
[3.783s] Level 1:colcon.colcon_core.environment:create_file_with_runtime_dependencies(/home/yy/robot_ws/install/test_num/share/colcon-core/packages/test_num)
[3.783s] DEBUG:colcon.colcon_parallel_executor.executor.parallel:closing loop
[3.784s] DEBUG:colcon.colcon_parallel_executor.executor.parallel:loop closed
[3.785s] DEBUG:colcon.colcon_parallel_executor.executor.parallel:run_until_complete finished with '0'
[3.785s] DEBUG:colcon.colcon_core.event_reactor:joining thread
[3.797s] INFO:colcon.colcon_core.plugin_system:Skipping extension 'colcon_notification.desktop_notification.terminal_notifier': Not used on non-Darwin systems
[3.797s] INFO:colcon.colcon_core.plugin_system:Skipping extension 'colcon_notification.desktop_notification.win32': Not used on non-Windows systems
[3.797s] INFO:colcon.colcon_notification.desktop_notification:Sending desktop notification using 'notify2'
[3.824s] DEBUG:colcon.colcon_core.event_reactor:joined thread
[3.829s] INFO:colcon.colcon_core.shell:Creating prefix script '/home/yy/robot_ws/install/local_setup.ps1'
[3.830s] INFO:colcon.colcon_core.shell:Creating prefix util module '/home/yy/robot_ws/install/_local_setup_util_ps1.py'
[3.832s] INFO:colcon.colcon_core.shell:Creating prefix chain script '/home/yy/robot_ws/install/setup.ps1'
[3.834s] INFO:colcon.colcon_core.shell:Creating prefix script '/home/yy/robot_ws/install/local_setup.sh'
[3.835s] INFO:colcon.colcon_core.shell:Creating prefix util module '/home/yy/robot_ws/install/_local_setup_util_sh.py'
[3.836s] INFO:colcon.colcon_core.shell:Creating prefix chain script '/home/yy/robot_ws/install/setup.sh'
[3.838s] INFO:colcon.colcon_core.shell:Creating prefix script '/home/yy/robot_ws/install/local_setup.bash'
[3.839s] INFO:colcon.colcon_core.shell:Creating prefix chain script '/home/yy/robot_ws/install/setup.bash'
[3.842s] INFO:colcon.colcon_core.shell:Creating prefix script '/home/yy/robot_ws/install/local_setup.zsh'
[3.843s] INFO:colcon.colcon_core.shell:Creating prefix chain script '/home/yy/robot_ws/install/setup.zsh'
