[1.196s] Invoking command in '/home/yy/robot_ws/build/examples_rclpy_minimal_client': PYTHONPATH=/home/yy/robot_ws/build/examples_rclpy_minimal_client/prefix_override:/home/yy/robot_ws/install/examples_rclpy_minimal_client/lib/python3.8/site-packages:${PYTHONPATH} /usr/bin/python3 setup.py develop --editable --build-directory /home/yy/robot_ws/build/examples_rclpy_minimal_client/build --no-deps install_data
[1.685s] running develop
[1.921s] running egg_info
[1.923s] writing examples_rclpy_minimal_client.egg-info/PKG-INFO
[1.924s] writing dependency_links to examples_rclpy_minimal_client.egg-info/dependency_links.txt
[1.925s] writing entry points to examples_rclpy_minimal_client.egg-info/entry_points.txt
[1.925s] writing requirements to examples_rclpy_minimal_client.egg-info/requires.txt
[1.926s] writing top-level names to examples_rclpy_minimal_client.egg-info/top_level.txt
[1.988s] reading manifest file 'examples_rclpy_minimal_client.egg-info/SOURCES.txt'
[1.989s] writing manifest file 'examples_rclpy_minimal_client.egg-info/SOURCES.txt'
[2.051s] running build_ext
[2.051s] Creating /home/yy/robot_ws/install/examples_rclpy_minimal_client/lib/python3.8/site-packages/examples-rclpy-minimal-client.egg-link (link to .)
[2.052s] Installing client script to /home/yy/robot_ws/install/examples_rclpy_minimal_client/lib/examples_rclpy_minimal_client
[2.053s] Installing client_async script to /home/yy/robot_ws/install/examples_rclpy_minimal_client/lib/examples_rclpy_minimal_client
[2.053s] Installing client_async_callback script to /home/yy/robot_ws/install/examples_rclpy_minimal_client/lib/examples_rclpy_minimal_client
[2.054s] Installing client_async_member_function script to /home/yy/robot_ws/install/examples_rclpy_minimal_client/lib/examples_rclpy_minimal_client
[2.054s] 
[2.054s] Installed /home/yy/robot_ws/build/examples_rclpy_minimal_client
[2.055s] running install_data
[2.104s] Invoked command in '/home/yy/robot_ws/build/examples_rclpy_minimal_client' returned '0': PYTHONPATH=/home/yy/robot_ws/build/examples_rclpy_minimal_client/prefix_override:/home/yy/robot_ws/install/examples_rclpy_minimal_client/lib/python3.8/site-packages:${PYTHONPATH} /usr/bin/python3 setup.py develop --editable --build-directory /home/yy/robot_ws/build/examples_rclpy_minimal_client/build --no-deps install_data
