running develop
running egg_info
creating tb3_move.egg-info
writing tb3_move.egg-info/PKG-INFO
writing dependency_links to tb3_move.egg-info/dependency_links.txt
writing entry points to tb3_move.egg-info/entry_points.txt
writing requirements to tb3_move.egg-info/requires.txt
writing top-level names to tb3_move.egg-info/top_level.txt
writing manifest file 'tb3_move.egg-info/SOURCES.txt'
reading manifest file 'tb3_move.egg-info/SOURCES.txt'
writing manifest file 'tb3_move.egg-info/SOURCES.txt'
running build_ext
Creating /home/yy/robot_ws/install/tb3_move/lib/python3.8/site-packages/site.py
Creating /home/yy/robot_ws/install/tb3_move/lib/python3.8/site-packages/tb3-move.egg-link (link to .)

Installed /home/yy/robot_ws/build/tb3_move
running install_data
creating /home/yy/robot_ws/install/tb3_move/share/ament_index
creating /home/yy/robot_ws/install/tb3_move/share/ament_index/resource_index
creating /home/yy/robot_ws/install/tb3_move/share/ament_index/resource_index/packages
copying resource/tb3_move -> /home/yy/robot_ws/install/tb3_move/share/ament_index/resource_index/packages
copying package.xml -> /home/yy/robot_ws/install/tb3_move/share/tb3_move
