[0.029s] Invoking command in '/home/yy/robot_ws/build/camera_calibration_parsers': CMAKE_PREFIX_PATH=${CMAKE_PREFIX_PATH}:/home/yy/turtlebot3_ws/install/turtlebot3_teleop:/home/yy/turtlebot3_ws/install/turtlebot3_example:/home/yy/robot_ws/install/test_para:/home/yy/robot_ws/install/test_num:/home/yy/robot_ws/install/tb3_move:/home/yy/robot_ws/install/ros2_aruco:/home/yy/robot_ws/install/move_turtle_pkg:/home/yy/robot_ws/install/m_pubsub:/home/yy/robot_ws/install/imgtran:/opt/ros/foxy /usr/bin/cmake --build /home/yy/robot_ws/build/camera_calibration_parsers -- -j2 -l2
[0.090s] [ 14%] Built target gtest
[0.107s] [ 42%] Built target camera_calibration_parsers
[0.132s] [ 57%] Built target gtest_main
[0.153s] [ 71%] Built target convert
[0.195s] [ 85%] Built target camera_calibration_parsers-parse_yml
[0.195s] [100%] Built target camera_calibration_parsers-parse_ini
[0.210s] Invoked command in '/home/yy/robot_ws/build/camera_calibration_parsers' returned '0': CMAKE_PREFIX_PATH=${CMAKE_PREFIX_PATH}:/home/yy/turtlebot3_ws/install/turtlebot3_teleop:/home/yy/turtlebot3_ws/install/turtlebot3_example:/home/yy/robot_ws/install/test_para:/home/yy/robot_ws/install/test_num:/home/yy/robot_ws/install/tb3_move:/home/yy/robot_ws/install/ros2_aruco:/home/yy/robot_ws/install/move_turtle_pkg:/home/yy/robot_ws/install/m_pubsub:/home/yy/robot_ws/install/imgtran:/opt/ros/foxy /usr/bin/cmake --build /home/yy/robot_ws/build/camera_calibration_parsers -- -j2 -l2
[0.317s] Invoking command in '/home/yy/robot_ws/build/camera_calibration_parsers': CMAKE_PREFIX_PATH=${CMAKE_PREFIX_PATH}:/home/yy/turtlebot3_ws/install/turtlebot3_teleop:/home/yy/turtlebot3_ws/install/turtlebot3_example:/home/yy/robot_ws/install/test_para:/home/yy/robot_ws/install/test_num:/home/yy/robot_ws/install/tb3_move:/home/yy/robot_ws/install/ros2_aruco:/home/yy/robot_ws/install/move_turtle_pkg:/home/yy/robot_ws/install/m_pubsub:/home/yy/robot_ws/install/imgtran:/opt/ros/foxy /usr/bin/cmake --install /home/yy/robot_ws/build/camera_calibration_parsers
[0.323s] -- Install configuration: ""
[0.323s] -- Execute custom install script
[0.324s] -- Up-to-date symlink: /home/yy/robot_ws/install/camera_calibration_parsers/lib/camera_calibration_parsers/convert
[0.324s] -- Up-to-date symlink: /home/yy/robot_ws/install/camera_calibration_parsers/include/camera_calibration_parsers/camera_calibration_parsers/parse.h
[0.325s] -- Up-to-date symlink: /home/yy/robot_ws/install/camera_calibration_parsers/include/camera_calibration_parsers/camera_calibration_parsers/parse.hpp
[0.325s] -- Up-to-date symlink: /home/yy/robot_ws/install/camera_calibration_parsers/include/camera_calibration_parsers/camera_calibration_parsers/parse_ini.h
[0.325s] -- Up-to-date symlink: /home/yy/robot_ws/install/camera_calibration_parsers/include/camera_calibration_parsers/camera_calibration_parsers/parse_ini.hpp
[0.326s] -- Up-to-date symlink: /home/yy/robot_ws/install/camera_calibration_parsers/include/camera_calibration_parsers/camera_calibration_parsers/parse_yml.h
[0.326s] -- Up-to-date symlink: /home/yy/robot_ws/install/camera_calibration_parsers/include/camera_calibration_parsers/camera_calibration_parsers/parse_yml.hpp
[0.326s] -- Up-to-date symlink: /home/yy/robot_ws/install/camera_calibration_parsers/include/camera_calibration_parsers/camera_calibration_parsers/visibility_control.hpp
[0.326s] -- Up-to-date symlink: /home/yy/robot_ws/install/camera_calibration_parsers/share/ament_index/resource_index/package_run_dependencies/camera_calibration_parsers
[0.326s] -- Up-to-date symlink: /home/yy/robot_ws/install/camera_calibration_parsers/share/ament_index/resource_index/parent_prefix_path/camera_calibration_parsers
[0.328s] -- Up-to-date symlink: /home/yy/robot_ws/install/camera_calibration_parsers/share/camera_calibration_parsers/environment/ament_prefix_path.sh
[0.328s] -- Up-to-date symlink: /home/yy/robot_ws/install/camera_calibration_parsers/share/camera_calibration_parsers/environment/ament_prefix_path.dsv
[0.328s] -- Up-to-date symlink: /home/yy/robot_ws/install/camera_calibration_parsers/share/camera_calibration_parsers/environment/path.sh
[0.329s] -- Up-to-date symlink: /home/yy/robot_ws/install/camera_calibration_parsers/share/camera_calibration_parsers/environment/path.dsv
[0.329s] -- Up-to-date symlink: /home/yy/robot_ws/install/camera_calibration_parsers/share/camera_calibration_parsers/local_setup.bash
[0.329s] -- Up-to-date symlink: /home/yy/robot_ws/install/camera_calibration_parsers/share/camera_calibration_parsers/local_setup.sh
[0.329s] -- Up-to-date symlink: /home/yy/robot_ws/install/camera_calibration_parsers/share/camera_calibration_parsers/local_setup.zsh
[0.330s] -- Up-to-date symlink: /home/yy/robot_ws/install/camera_calibration_parsers/share/camera_calibration_parsers/local_setup.dsv
[0.330s] -- Symlinking: /home/yy/robot_ws/install/camera_calibration_parsers/share/camera_calibration_parsers/package.dsv
[0.338s] -- Up-to-date symlink: /home/yy/robot_ws/install/camera_calibration_parsers/share/ament_index/resource_index/packages/camera_calibration_parsers
[0.338s] -- Up-to-date symlink: /home/yy/robot_ws/install/camera_calibration_parsers/share/camera_calibration_parsers/cmake/ament_cmake_export_targets-extras.cmake
[0.338s] -- Up-to-date symlink: /home/yy/robot_ws/install/camera_calibration_parsers/share/camera_calibration_parsers/cmake/ament_cmake_export_dependencies-extras.cmake
[0.339s] -- Up-to-date symlink: /home/yy/robot_ws/install/camera_calibration_parsers/share/camera_calibration_parsers/cmake/camera_calibration_parsersConfig.cmake
[0.339s] -- Up-to-date symlink: /home/yy/robot_ws/install/camera_calibration_parsers/share/camera_calibration_parsers/cmake/camera_calibration_parsersConfig-version.cmake
[0.339s] -- Up-to-date symlink: /home/yy/robot_ws/install/camera_calibration_parsers/share/camera_calibration_parsers/package.xml
[0.340s] -- Up-to-date: /home/yy/robot_ws/install/camera_calibration_parsers/lib/libcamera_calibration_parsers.so
[0.340s] -- Up-to-date: /home/yy/robot_ws/install/camera_calibration_parsers/share/camera_calibration_parsers/cmake/export_camera_calibration_parsersExport.cmake
[0.340s] -- Up-to-date: /home/yy/robot_ws/install/camera_calibration_parsers/share/camera_calibration_parsers/cmake/export_camera_calibration_parsersExport-noconfig.cmake
[0.344s] Invoked command in '/home/yy/robot_ws/build/camera_calibration_parsers' returned '0': CMAKE_PREFIX_PATH=${CMAKE_PREFIX_PATH}:/home/yy/turtlebot3_ws/install/turtlebot3_teleop:/home/yy/turtlebot3_ws/install/turtlebot3_example:/home/yy/robot_ws/install/test_para:/home/yy/robot_ws/install/test_num:/home/yy/robot_ws/install/tb3_move:/home/yy/robot_ws/install/ros2_aruco:/home/yy/robot_ws/install/move_turtle_pkg:/home/yy/robot_ws/install/m_pubsub:/home/yy/robot_ws/install/imgtran:/opt/ros/foxy /usr/bin/cmake --install /home/yy/robot_ws/build/camera_calibration_parsers
